2026-03-31 19:13:03,520 INFO RPC interface 'supervisor' initialized
2026-03-31 19:13:03,520 CRIT Server 'unix_http_server' running without any HTTP authentication checking
2026-03-31 19:13:03,528 INFO daemonizing the supervisord process
2026-03-31 19:13:03,529 INFO set current directory: '/Users/weiyaozhou/Documents/langdong/python-ai-service'
2026-03-31 19:13:03,531 INFO supervisord started with pid 89215
2026-03-31 19:13:04,551 INFO spawned: 'celery-worker' with pid 89314
2026-03-31 19:13:04,560 INFO spawned: 'fastapi' with pid 89315
2026-03-31 19:13:08,218 INFO success: fastapi entered RUNNING state, process has stayed up for > than 3 seconds (startsecs)
2026-03-31 19:13:10,222 INFO success: celery-worker entered RUNNING state, process has stayed up for > than 5 seconds (startsecs)
2026-03-31 19:16:00,286 WARN exited: celery-worker (terminated by SIGKILL; not expected)
2026-03-31 19:16:01,319 INFO spawned: 'celery-worker' with pid 92921
2026-03-31 19:16:07,138 INFO success: celery-worker entered RUNNING state, process has stayed up for > than 5 seconds (startsecs)
2026-03-31 19:19:41,222 INFO exited: fastapi (exit status 0; expected)
2026-03-31 19:19:42,230 INFO spawned: 'fastapi' with pid 95254
2026-03-31 19:19:42,654 INFO exited: celery-worker (exit status 0; expected)
2026-03-31 19:19:42,654 WARN received SIGTERM indicating exit request
2026-03-31 19:19:42,654 INFO waiting for fastapi to die
2026-03-31 19:19:42,657 WARN stopped: fastapi (terminated by SIGTERM)
2026-03-31 19:20:40,682 INFO RPC interface 'supervisor' initialized
2026-03-31 19:20:40,683 CRIT Server 'unix_http_server' running without any HTTP authentication checking
2026-03-31 19:20:40,690 INFO daemonizing the supervisord process
2026-03-31 19:20:40,691 INFO set current directory: '/Users/weiyaozhou/Documents/langdong/python-ai-service'
2026-03-31 19:20:40,693 INFO supervisord started with pid 96863
2026-03-31 19:20:41,701 INFO spawned: 'celery-worker' with pid 96866
2026-03-31 19:20:41,707 INFO spawned: 'fastapi' with pid 96867
2026-03-31 19:20:45,279 INFO success: fastapi entered RUNNING state, process has stayed up for > than 3 seconds (startsecs)
2026-03-31 19:20:47,282 INFO success: celery-worker entered RUNNING state, process has stayed up for > than 5 seconds (startsecs)
2026-03-31 19:21:11,528 INFO waiting for celery-worker, fastapi to die
2026-03-31 19:21:11,698 INFO stopped: fastapi (exit status 0)
2026-03-31 19:21:13,301 INFO stopped: celery-worker (exit status 0)
2026-03-31 19:21:14,278 INFO RPC interface 'supervisor' initialized
2026-03-31 19:21:14,278 CRIT Server 'unix_http_server' running without any HTTP authentication checking
2026-03-31 19:21:14,286 INFO daemonizing the supervisord process
2026-03-31 19:21:14,286 INFO set current directory: '/Users/weiyaozhou/Documents/langdong/python-ai-service'
2026-03-31 19:21:14,288 INFO supervisord started with pid 97539
2026-03-31 19:21:15,300 INFO spawned: 'celery-worker' with pid 97545
2026-03-31 19:21:15,306 INFO spawned: 'fastapi' with pid 97546
2026-03-31 19:21:18,823 INFO success: fastapi entered RUNNING state, process has stayed up for > than 3 seconds (startsecs)
2026-03-31 19:21:20,825 INFO success: celery-worker entered RUNNING state, process has stayed up for > than 5 seconds (startsecs)
2026-03-31 19:22:15,312 INFO waiting for celery-worker, fastapi to die
2026-03-31 19:22:15,564 INFO stopped: fastapi (exit status 0)
2026-03-31 19:22:17,436 INFO stopped: celery-worker (exit status 0)
2026-03-31 19:22:56,747 INFO RPC interface 'supervisor' initialized
2026-03-31 19:22:56,747 CRIT Server 'unix_http_server' running without any HTTP authentication checking
2026-03-31 19:22:56,754 INFO daemonizing the supervisord process
2026-03-31 19:22:56,755 INFO set current directory: '/Users/weiyaozhou/Documents/langdong/python-ai-service'
2026-03-31 19:22:56,756 INFO supervisord started with pid 98196
2026-03-31 19:22:57,768 INFO spawned: 'celery-worker' with pid 98204
2026-03-31 19:22:57,776 INFO spawned: 'fastapi' with pid 98205
2026-03-31 19:23:01,289 INFO success: fastapi entered RUNNING state, process has stayed up for > than 3 seconds (startsecs)
2026-03-31 19:23:03,292 INFO success: celery-worker entered RUNNING state, process has stayed up for > than 5 seconds (startsecs)
2026-04-08 15:45:44,025 INFO waiting for celery-worker, fastapi to die
2026-04-08 15:45:44,338 INFO stopped: fastapi (exit status 0)
2026-04-08 15:45:46,556 INFO stopped: celery-worker (exit status 0)
2026-04-08 15:45:46,768 INFO RPC interface 'supervisor' initialized
2026-04-08 15:45:46,769 CRIT Server 'unix_http_server' running without any HTTP authentication checking
2026-04-08 15:45:46,775 INFO daemonizing the supervisord process
2026-04-08 15:45:46,776 INFO set current directory: '/Users/weiyaozhou/Documents/langdong/python-ai-service'
2026-04-08 15:45:46,777 INFO supervisord started with pid 4553
2026-04-08 15:45:47,788 INFO spawned: 'celery-worker' with pid 4555
2026-04-08 15:45:47,794 INFO spawned: 'fastapi' with pid 4556
2026-04-08 15:45:51,408 INFO success: fastapi entered RUNNING state, process has stayed up for > than 3 seconds (startsecs)
2026-04-08 15:45:53,417 INFO success: celery-worker entered RUNNING state, process has stayed up for > than 5 seconds (startsecs)
2026-04-27 17:17:19,494 INFO RPC interface 'supervisor' initialized
2026-04-27 17:17:19,494 CRIT Server 'unix_http_server' running without any HTTP authentication checking
2026-04-27 17:17:19,501 INFO daemonizing the supervisord process
2026-04-27 17:17:19,502 INFO set current directory: '/Users/weiyaozhou/Documents/langdong/python-ai-service'
2026-04-27 17:17:19,503 INFO supervisord started with pid 4979
2026-04-27 17:17:20,522 INFO spawned: 'celery-worker' with pid 4987
2026-04-27 17:17:20,535 INFO spawned: 'fastapi' with pid 4988
2026-04-27 17:17:24,098 INFO success: fastapi entered RUNNING state, process has stayed up for > than 3 seconds (startsecs)
2026-04-27 17:17:26,100 INFO success: celery-worker entered RUNNING state, process has stayed up for > than 5 seconds (startsecs)
2026-04-27 17:34:28,605 INFO waiting for celery-worker, fastapi to die
2026-04-27 17:34:28,844 INFO stopped: fastapi (exit status 0)
2026-04-27 17:34:30,875 INFO stopped: celery-worker (exit status 0)
2026-04-27 17:34:30,875 WARN received SIGTERM indicating exit request
2026-04-27 17:40:54,040 INFO RPC interface 'supervisor' initialized
2026-04-27 17:40:54,041 CRIT Server 'unix_http_server' running without any HTTP authentication checking
2026-04-27 17:40:54,048 INFO daemonizing the supervisord process
2026-04-27 17:40:54,049 INFO set current directory: '/Users/weiyaozhou/Documents/langdong/python-ai-service'
2026-04-27 17:40:54,050 INFO supervisord started with pid 17748
2026-04-27 17:40:55,063 INFO spawned: 'celery-worker' with pid 17750
2026-04-27 17:40:55,070 INFO spawned: 'fastapi' with pid 17751
2026-04-27 17:40:58,736 INFO success: fastapi entered RUNNING state, process has stayed up for > than 3 seconds (startsecs)
2026-04-27 17:41:00,739 INFO success: celery-worker entered RUNNING state, process has stayed up for > than 5 seconds (startsecs)
2026-04-27 17:42:39,991 INFO waiting for celery-worker, fastapi to die
2026-04-27 17:42:40,206 INFO stopped: fastapi (exit status 0)
2026-04-27 17:42:41,826 INFO stopped: celery-worker (exit status 0)
2026-04-27 17:42:43,756 INFO RPC interface 'supervisor' initialized
2026-04-27 17:42:43,756 CRIT Server 'unix_http_server' running without any HTTP authentication checking
2026-04-27 17:42:43,763 INFO daemonizing the supervisord process
2026-04-27 17:42:43,764 INFO set current directory: '/Users/weiyaozhou/Documents/langdong/python-ai-service'
2026-04-27 17:42:43,766 INFO supervisord started with pid 18785
2026-04-27 17:42:44,776 INFO spawned: 'celery-worker' with pid 18795
2026-04-27 17:42:44,783 INFO spawned: 'fastapi' with pid 18796
2026-04-27 17:42:48,304 INFO success: fastapi entered RUNNING state, process has stayed up for > than 3 seconds (startsecs)
2026-04-27 17:42:50,307 INFO success: celery-worker entered RUNNING state, process has stayed up for > than 5 seconds (startsecs)
2026-04-27 17:48:04,411 INFO waiting for celery-worker, fastapi to die
2026-04-27 17:48:04,656 INFO stopped: fastapi (exit status 0)
2026-04-27 17:48:06,887 INFO stopped: celery-worker (exit status 0)
2026-04-27 17:48:07,146 INFO RPC interface 'supervisor' initialized
2026-04-27 17:48:07,146 CRIT Server 'unix_http_server' running without any HTTP authentication checking
2026-04-27 17:48:07,154 INFO daemonizing the supervisord process
2026-04-27 17:48:07,155 INFO set current directory: '/Users/weiyaozhou/Documents/langdong/python-ai-service'
2026-04-27 17:48:07,156 INFO supervisord started with pid 21415
2026-04-27 17:48:08,164 INFO spawned: 'celery-worker' with pid 21425
2026-04-27 17:48:08,173 INFO spawned: 'fastapi' with pid 21426
2026-04-27 17:48:11,770 INFO success: fastapi entered RUNNING state, process has stayed up for > than 3 seconds (startsecs)
2026-04-27 17:48:13,773 INFO success: celery-worker entered RUNNING state, process has stayed up for > than 5 seconds (startsecs)
