2026-03-12 09:53:35,001 INFO o.a.j.u.JMeterUtils: Setting Locale to en_EN
2026-03-12 09:53:35,016 INFO o.a.j.JMeter: Loading user properties from: /opt/homebrew/Cellar/jmeter/5.6.3/libexec/bin/user.properties
2026-03-12 09:53:35,016 INFO o.a.j.JMeter: Loading system properties from: /opt/homebrew/Cellar/jmeter/5.6.3/libexec/bin/system.properties
2026-03-12 09:53:35,020 INFO o.a.j.JMeter: Copyright (c) 1998-2024 The Apache Software Foundation
2026-03-12 09:53:35,020 INFO o.a.j.JMeter: Version 5.6.3
2026-03-12 09:53:35,020 INFO o.a.j.JMeter: java.version=21.0.10
2026-03-12 09:53:35,020 INFO o.a.j.JMeter: java.vm.name=OpenJDK 64-Bit Server VM
2026-03-12 09:53:35,020 INFO o.a.j.JMeter: os.name=Mac OS X
2026-03-12 09:53:35,020 INFO o.a.j.JMeter: os.arch=aarch64
2026-03-12 09:53:35,021 INFO o.a.j.JMeter: os.version=14.6.1
2026-03-12 09:53:35,021 INFO o.a.j.JMeter: file.encoding=UTF-8
2026-03-12 09:53:35,021 INFO o.a.j.JMeter: java.awt.headless=true
2026-03-12 09:53:35,021 INFO o.a.j.JMeter: Max memory     =1073741824
2026-03-12 09:53:35,021 INFO o.a.j.JMeter: Available Processors =10
2026-03-12 09:53:35,027 INFO o.a.j.JMeter: Default Locale=English (EN)
2026-03-12 09:53:35,027 INFO o.a.j.JMeter: JMeter  Locale=English (EN)
2026-03-12 09:53:35,027 INFO o.a.j.JMeter: JMeterHome=/opt/homebrew/Cellar/jmeter/5.6.3/libexec
2026-03-12 09:53:35,027 INFO o.a.j.JMeter: user.dir  =/Users/weiyaozhou/Documents/langdong
2026-03-12 09:53:35,027 INFO o.a.j.JMeter: PWD       =/Users/weiyaozhou/Documents/langdong
2026-03-12 09:53:35,028 INFO o.a.j.JMeter: IP: 127.0.0.1 Name: Mac.local FullName: localhost
2026-03-12 09:53:35,036 INFO o.a.j.JMeter: Setting property 'jmeter.reportgenerator.outputdir' to:'/Users/weiyaozhou/Documents/langdong/jmeter_report_10min'
2026-03-12 09:53:35,038 INFO o.a.j.s.FileServer: Default base='/Users/weiyaozhou/Documents/langdong'
2026-03-12 09:53:35,040 INFO o.a.j.s.FileServer: Set new base='/Users/weiyaozhou/Documents/langdong'
2026-03-12 09:53:35,161 INFO o.a.j.s.SaveService: Testplan (JMX) version: 2.2. Testlog (JTL) version: 2.2
2026-03-12 09:53:35,186 INFO o.a.j.s.SaveService: Using SaveService properties version 5.0
2026-03-12 09:53:35,188 INFO o.a.j.s.SaveService: Using SaveService properties file encoding UTF-8
2026-03-12 09:53:35,190 INFO o.a.j.s.SaveService: Loading file: /Users/weiyaozhou/Documents/langdong/test_plan.jmx
2026-03-12 09:53:35,231 INFO o.a.j.p.h.s.HTTPSamplerBase: Parser for text/html is org.apache.jmeter.protocol.http.parser.LagartoBasedHtmlParser
2026-03-12 09:53:35,231 INFO o.a.j.p.h.s.HTTPSamplerBase: Parser for application/xhtml+xml is org.apache.jmeter.protocol.http.parser.LagartoBasedHtmlParser
2026-03-12 09:53:35,231 INFO o.a.j.p.h.s.HTTPSamplerBase: Parser for application/xml is org.apache.jmeter.protocol.http.parser.LagartoBasedHtmlParser
2026-03-12 09:53:35,231 INFO o.a.j.p.h.s.HTTPSamplerBase: Parser for text/xml is org.apache.jmeter.protocol.http.parser.LagartoBasedHtmlParser
2026-03-12 09:53:35,231 INFO o.a.j.p.h.s.HTTPSamplerBase: Parser for text/vnd.wap.wml is org.apache.jmeter.protocol.http.parser.RegexpHTMLParser
2026-03-12 09:53:35,231 INFO o.a.j.p.h.s.HTTPSamplerBase: Parser for text/css is org.apache.jmeter.protocol.http.parser.CssParser
2026-03-12 09:53:35,248 INFO o.a.j.JMeter: Creating summariser <summary>
2026-03-12 09:53:35,251 INFO o.a.j.r.d.ReportGenerator: ReportGenerator will use for Parsing the separator: ','
2026-03-12 09:53:35,251 INFO o.a.j.r.d.ReportGenerator: Will generate report at end of test from  results file: /Users/weiyaozhou/Documents/langdong/jmeter_results_10min/result.jtl
2026-03-12 09:53:35,251 INFO o.a.j.r.d.ReportGenerator: Reading report generator properties from: /opt/homebrew/Cellar/jmeter/5.6.3/libexec/bin/reportgenerator.properties
2026-03-12 09:53:35,251 INFO o.a.j.r.d.ReportGenerator: Merging with JMeter properties
2026-03-12 09:53:35,254 INFO o.a.j.r.c.ReportGeneratorConfiguration: Property 'jmeter.reportgenerator.temp_dir' not found, using default value 'temp' instead.
2026-03-12 09:53:35,255 INFO o.a.j.r.c.ReportGeneratorConfiguration: Property 'jmeter.reportgenerator.apdex_per_transaction' not found, using default value 'null' instead.
2026-03-12 09:53:35,255 INFO o.a.j.r.c.ReportGeneratorConfiguration: apdex_per_transaction is empty, not APDEX per transaction customization
2026-03-12 09:53:35,255 INFO o.a.j.r.c.ReportGeneratorConfiguration: Property 'jmeter.reportgenerator.sample_filter' not found, using default value 'null' instead.
2026-03-12 09:53:35,255 INFO o.a.j.r.c.ReportGeneratorConfiguration: Property 'jmeter.reportgenerator.report_title' not found, using default value 'null' instead.
2026-03-12 09:53:35,255 INFO o.a.j.r.c.ReportGeneratorConfiguration: Property 'jmeter.reportgenerator.start_date' not found, using default value 'null' instead.
2026-03-12 09:53:35,255 INFO o.a.j.r.c.ReportGeneratorConfiguration: Property 'jmeter.reportgenerator.end_date' not found, using default value 'null' instead.
2026-03-12 09:53:35,255 INFO o.a.j.r.c.ReportGeneratorConfiguration: Property 'jmeter.reportgenerator.date_format' not found, using default value 'null' instead.
2026-03-12 09:53:35,255 INFO o.a.j.r.c.ReportGeneratorConfiguration: Will use date range start date: null, end date: null
2026-03-12 09:53:35,257 INFO o.a.j.r.c.ReportGeneratorConfiguration: Property 'jmeter.reportgenerator.graph.totalTPS.exclude_controllers' not found, using default value 'false' instead.
2026-03-12 09:53:35,258 INFO o.a.j.r.c.ReportGeneratorConfiguration: Property 'jmeter.reportgenerator.graph.activeThreadsOverTime.exclude_controllers' not found, using default value 'false' instead.
2026-03-12 09:53:35,258 INFO o.a.j.r.c.ReportGeneratorConfiguration: Property 'jmeter.reportgenerator.graph.timeVsThreads.exclude_controllers' not found, using default value 'false' instead.
2026-03-12 09:53:35,258 INFO o.a.j.r.c.ReportGeneratorConfiguration: Property 'jmeter.reportgenerator.graph.responseTimeDistribution.exclude_controllers' not found, using default value 'false' instead.
2026-03-12 09:53:35,258 INFO o.a.j.r.c.ReportGeneratorConfiguration: Property 'jmeter.reportgenerator.graph.transactionsPerSecond.exclude_controllers' not found, using default value 'false' instead.
2026-03-12 09:53:35,258 INFO o.a.j.r.c.ReportGeneratorConfiguration: Property 'jmeter.reportgenerator.graph.responseTimePercentiles.exclude_controllers' not found, using default value 'false' instead.
2026-03-12 09:53:35,258 INFO o.a.j.r.c.ReportGeneratorConfiguration: Property 'jmeter.reportgenerator.graph.responseTimePercentilesOverTime.exclude_controllers' not found, using default value 'false' instead.
2026-03-12 09:53:35,258 INFO o.a.j.r.c.ReportGeneratorConfiguration: Property 'jmeter.reportgenerator.graph.responseTimesOverTime.exclude_controllers' not found, using default value 'false' instead.
2026-03-12 09:53:35,258 INFO o.a.j.r.c.ReportGeneratorConfiguration: Property 'jmeter.reportgenerator.graph.connectTimeOverTime.exclude_controllers' not found, using default value 'false' instead.
2026-03-12 09:53:35,258 INFO o.a.j.r.c.ReportGeneratorConfiguration: Property 'jmeter.reportgenerator.graph.latenciesOverTime.exclude_controllers' not found, using default value 'false' instead.
2026-03-12 09:53:35,258 INFO o.a.j.r.c.ReportGeneratorConfiguration: Property 'jmeter.reportgenerator.exporter.json.filters_only_sample_series' not found, using default value 'true' instead.
2026-03-12 09:53:35,258 INFO o.a.j.r.c.ReportGeneratorConfiguration: Property 'jmeter.reportgenerator.exporter.json.series_filter' not found, using default value '' instead.
2026-03-12 09:53:35,259 INFO o.a.j.r.c.ReportGeneratorConfiguration: Property 'jmeter.reportgenerator.exporter.json.show_controllers_only' not found, using default value 'false' instead.
2026-03-12 09:53:35,259 INFO o.a.j.r.c.ReportGeneratorConfiguration: Property 'jmeter.reportgenerator.exporter.html.filters_only_sample_series' not found, using default value 'true' instead.
2026-03-12 09:53:35,259 INFO o.a.j.r.c.ReportGeneratorConfiguration: Property 'jmeter.reportgenerator.exporter.html.series_filter' not found, using default value '' instead.
2026-03-12 09:53:35,259 INFO o.a.j.r.c.ReportGeneratorConfiguration: Property 'jmeter.reportgenerator.exporter.html.show_controllers_only' not found, using default value 'false' instead.
2026-03-12 09:53:35,267 INFO o.a.j.e.StandardJMeterEngine: Running the test!
2026-03-12 09:53:35,267 INFO o.a.j.s.SampleEvent: List of sample_variables: []
2026-03-12 09:53:35,268 INFO o.a.j.s.SampleEvent: List of sample_variables: []
2026-03-12 09:53:35,270 INFO o.a.j.e.u.CompoundVariable: Note: Function class names must contain the string: '.functions.'
2026-03-12 09:53:35,270 INFO o.a.j.e.u.CompoundVariable: Note: Function class names must not contain the string: '.gui.'
2026-03-12 09:53:35,307 INFO o.a.j.r.ClassFinder: Will scan jar /opt/homebrew/Cellar/jmeter/5.6.3/libexec/lib/ext/jmeter-plugins-manager-1.9.jar with filter ExtendsClassFilter [parents=[interface org.apache.jmeter.functions.Function], inner=false, contains=null, notContains=null]. Consider exposing JMeter plugins via META-INF/services, and add JMeter-Skip-Class-Scanning=true manifest attribute so JMeter can skip classfile scanning
2026-03-12 09:53:35,366 INFO o.a.j.JMeter: Running test (1773280415366)
2026-03-12 09:53:35,377 INFO o.a.j.e.StandardJMeterEngine: Starting ThreadGroup: 1 : 活跃用户增长线程组
2026-03-12 09:53:35,377 INFO o.a.j.e.StandardJMeterEngine: Starting 100 threads for group 活跃用户增长线程组.
2026-03-12 09:53:35,377 INFO o.a.j.e.StandardJMeterEngine: Thread will continue on error
2026-03-12 09:53:35,378 INFO o.a.j.t.ThreadGroup: Starting thread group... number=1 threads=100 ramp-up=600 delayedStart=false
2026-03-12 09:53:35,382 INFO o.a.j.t.JMeterThread: Thread started: 活跃用户增长线程组 1-1
2026-03-12 09:53:35,395 INFO o.a.j.t.ThreadGroup: Started thread group number 1
2026-03-12 09:53:35,396 INFO o.a.j.e.StandardJMeterEngine: All thread groups have been started
2026-03-12 09:53:36,074 INFO o.a.j.p.h.s.HTTPHCAbstractImpl: Local host = Mac.local
2026-03-12 09:53:36,079 INFO o.a.j.p.h.s.HTTPHC4Impl: HTTP request retry count = 0
2026-03-12 09:53:36,080 INFO o.a.j.s.SampleResult: Note: Sample TimeStamps are START times
2026-03-12 09:53:36,080 INFO o.a.j.s.SampleResult: sampleresult.default.encoding is set to UTF-8
2026-03-12 09:53:36,080 INFO o.a.j.s.SampleResult: sampleresult.useNanoTime=true
2026-03-12 09:53:36,080 INFO o.a.j.s.SampleResult: sampleresult.nanoThreadSleep=5000
2026-03-12 09:53:41,385 INFO o.a.j.t.JMeterThread: Thread started: 活跃用户增长线程组 1-2
2026-03-12 09:53:47,383 INFO o.a.j.t.JMeterThread: Thread started: 活跃用户增长线程组 1-3
2026-03-12 09:53:53,385 INFO o.a.j.t.JMeterThread: Thread started: 活跃用户增长线程组 1-4
2026-03-12 09:53:59,384 INFO o.a.j.t.JMeterThread: Thread started: 活跃用户增长线程组 1-5
2026-03-12 09:54:00,036 INFO o.a.j.r.Summariser: summary +    112 in 00:00:25 =    4.5/s Avg:    24 Min:    10 Max:    61 Err:     0 (0.00%) Active: 5 Started: 5 Finished: 0
2026-03-12 09:54:05,384 INFO o.a.j.t.JMeterThread: Thread started: 活跃用户增长线程组 1-6
2026-03-12 09:54:11,383 INFO o.a.j.t.JMeterThread: Thread started: 活跃用户增长线程组 1-7
2026-03-12 09:54:17,386 INFO o.a.j.t.JMeterThread: Thread started: 活跃用户增长线程组 1-8
2026-03-12 09:54:23,383 INFO o.a.j.t.JMeterThread: Thread started: 活跃用户增长线程组 1-9
2026-03-12 09:54:29,382 INFO o.a.j.t.JMeterThread: Thread started: 活跃用户增长线程组 1-10
2026-03-12 09:54:30,025 INFO o.a.j.r.Summariser: summary +    397 in 00:00:30 =   13.2/s Avg:    22 Min:     6 Max:    41 Err:     0 (0.00%) Active: 10 Started: 10 Finished: 0
2026-03-12 09:54:30,026 INFO o.a.j.r.Summariser: summary =    509 in 00:00:55 =    9.3/s Avg:    22 Min:     6 Max:    61 Err:     0 (0.00%)
2026-03-12 09:54:35,381 INFO o.a.j.t.JMeterThread: Thread started: 活跃用户增长线程组 1-11
2026-03-12 09:54:41,383 INFO o.a.j.t.JMeterThread: Thread started: 活跃用户增长线程组 1-12
2026-03-12 09:54:47,384 INFO o.a.j.t.JMeterThread: Thread started: 活跃用户增长线程组 1-13
2026-03-12 09:54:53,381 INFO o.a.j.t.JMeterThread: Thread started: 活跃用户增长线程组 1-14
2026-03-12 09:54:59,381 INFO o.a.j.t.JMeterThread: Thread started: 活跃用户增长线程组 1-15
2026-03-12 09:55:00,019 INFO o.a.j.r.Summariser: summary +    676 in 00:00:30 =   22.5/s Avg:    21 Min:     5 Max:    52 Err:     0 (0.00%) Active: 15 Started: 15 Finished: 0
2026-03-12 09:55:00,019 INFO o.a.j.r.Summariser: summary =   1185 in 00:01:25 =   14.0/s Avg:    21 Min:     5 Max:    61 Err:     0 (0.00%)
2026-03-12 09:55:05,383 INFO o.a.j.t.JMeterThread: Thread started: 活跃用户增长线程组 1-16
2026-03-12 09:55:11,382 INFO o.a.j.t.JMeterThread: Thread started: 活跃用户增长线程组 1-17
2026-03-12 09:55:17,383 INFO o.a.j.t.JMeterThread: Thread started: 活跃用户增长线程组 1-18
2026-03-12 09:55:23,381 INFO o.a.j.t.JMeterThread: Thread started: 活跃用户增长线程组 1-19
2026-03-12 09:55:29,385 INFO o.a.j.t.JMeterThread: Thread started: 活跃用户增长线程组 1-20
2026-03-12 09:55:30,092 INFO o.a.j.r.Summariser: summary +    956 in 00:00:30 =   31.8/s Avg:    19 Min:     5 Max:   180 Err:     0 (0.00%) Active: 20 Started: 20 Finished: 0
2026-03-12 09:55:30,092 INFO o.a.j.r.Summariser: summary =   2141 in 00:01:55 =   18.7/s Avg:    21 Min:     5 Max:   180 Err:     0 (0.00%)
2026-03-12 09:55:35,383 INFO o.a.j.t.JMeterThread: Thread started: 活跃用户增长线程组 1-21
2026-03-12 09:55:41,383 INFO o.a.j.t.JMeterThread: Thread started: 活跃用户增长线程组 1-22
2026-03-12 09:55:47,384 INFO o.a.j.t.JMeterThread: Thread started: 活跃用户增长线程组 1-23
2026-03-12 09:55:53,382 INFO o.a.j.t.JMeterThread: Thread started: 活跃用户增长线程组 1-24
2026-03-12 09:55:59,384 INFO o.a.j.t.JMeterThread: Thread started: 活跃用户增长线程组 1-25
2026-03-12 09:56:00,021 INFO o.a.j.r.Summariser: summary +   1256 in 00:00:30 =   42.0/s Avg:    16 Min:     5 Max:    59 Err:     0 (0.00%) Active: 25 Started: 25 Finished: 0
2026-03-12 09:56:00,021 INFO o.a.j.r.Summariser: summary =   3397 in 00:02:25 =   23.5/s Avg:    19 Min:     5 Max:   180 Err:     0 (0.00%)
2026-03-12 09:56:05,382 INFO o.a.j.t.JMeterThread: Thread started: 活跃用户增长线程组 1-26
2026-03-12 09:56:11,380 INFO o.a.j.t.JMeterThread: Thread started: 活跃用户增长线程组 1-27
2026-03-12 09:56:17,381 INFO o.a.j.t.JMeterThread: Thread started: 活跃用户增长线程组 1-28
2026-03-12 09:56:23,383 INFO o.a.j.t.JMeterThread: Thread started: 活跃用户增长线程组 1-29
2026-03-12 09:56:29,382 INFO o.a.j.t.JMeterThread: Thread started: 活跃用户增长线程组 1-30
2026-03-12 09:56:30,000 INFO o.a.j.r.Summariser: summary +   1523 in 00:00:30 =   50.8/s Avg:    14 Min:     5 Max:    55 Err:     0 (0.00%) Active: 30 Started: 30 Finished: 0
2026-03-12 09:56:30,001 INFO o.a.j.r.Summariser: summary =   4920 in 00:02:55 =   28.2/s Avg:    17 Min:     5 Max:   180 Err:     0 (0.00%)
2026-03-12 09:56:35,382 INFO o.a.j.t.JMeterThread: Thread started: 活跃用户增长线程组 1-31
2026-03-12 09:56:41,382 INFO o.a.j.t.JMeterThread: Thread started: 活跃用户增长线程组 1-32
2026-03-12 09:56:47,379 INFO o.a.j.t.JMeterThread: Thread started: 活跃用户增长线程组 1-33
2026-03-12 09:56:53,383 INFO o.a.j.t.JMeterThread: Thread started: 活跃用户增长线程组 1-34
2026-03-12 09:56:59,382 INFO o.a.j.t.JMeterThread: Thread started: 活跃用户增长线程组 1-35
2026-03-12 09:57:00,001 INFO o.a.j.r.Summariser: summary +   1823 in 00:00:30 =   60.8/s Avg:    13 Min:     5 Max:    44 Err:     0 (0.00%) Active: 35 Started: 35 Finished: 0
2026-03-12 09:57:00,001 INFO o.a.j.r.Summariser: summary =   6743 in 00:03:25 =   33.0/s Avg:    16 Min:     5 Max:   180 Err:     0 (0.00%)
2026-03-12 09:57:05,382 INFO o.a.j.t.JMeterThread: Thread started: 活跃用户增长线程组 1-36
2026-03-12 09:57:11,384 INFO o.a.j.t.JMeterThread: Thread started: 活跃用户增长线程组 1-37
2026-03-12 09:57:17,382 INFO o.a.j.t.JMeterThread: Thread started: 活跃用户增长线程组 1-38
2026-03-12 09:57:23,382 INFO o.a.j.t.JMeterThread: Thread started: 活跃用户增长线程组 1-39
2026-03-12 09:57:29,379 INFO o.a.j.t.JMeterThread: Thread started: 活跃用户增长线程组 1-40
2026-03-12 09:57:30,038 INFO o.a.j.r.Summariser: summary +   2163 in 00:00:30 =   72.0/s Avg:    12 Min:     5 Max:    50 Err:     0 (0.00%) Active: 40 Started: 40 Finished: 0
2026-03-12 09:57:30,038 INFO o.a.j.r.Summariser: summary =   8906 in 00:03:55 =   38.0/s Avg:    15 Min:     5 Max:   180 Err:     0 (0.00%)
2026-03-12 09:57:35,382 INFO o.a.j.t.JMeterThread: Thread started: 活跃用户增长线程组 1-41
2026-03-12 09:57:41,382 INFO o.a.j.t.JMeterThread: Thread started: 活跃用户增长线程组 1-42
2026-03-12 09:57:47,383 INFO o.a.j.t.JMeterThread: Thread started: 活跃用户增长线程组 1-43
2026-03-12 09:57:53,382 INFO o.a.j.t.JMeterThread: Thread started: 活跃用户增长线程组 1-44
2026-03-12 09:57:59,382 INFO o.a.j.t.JMeterThread: Thread started: 活跃用户增长线程组 1-45
2026-03-12 09:58:00,003 INFO o.a.j.r.Summariser: summary +   2408 in 00:00:30 =   80.4/s Avg:    12 Min:     4 Max:    54 Err:     0 (0.00%) Active: 45 Started: 45 Finished: 0
2026-03-12 09:58:00,004 INFO o.a.j.r.Summariser: summary =  11314 in 00:04:25 =   42.8/s Avg:    15 Min:     4 Max:   180 Err:     0 (0.00%)
2026-03-12 09:58:05,383 INFO o.a.j.t.JMeterThread: Thread started: 活跃用户增长线程组 1-46
2026-03-12 09:58:11,382 INFO o.a.j.t.JMeterThread: Thread started: 活跃用户增长线程组 1-47
2026-03-12 09:58:17,382 INFO o.a.j.t.JMeterThread: Thread started: 活跃用户增长线程组 1-48
2026-03-12 09:58:23,383 INFO o.a.j.t.JMeterThread: Thread started: 活跃用户增长线程组 1-49
2026-03-12 09:58:29,381 INFO o.a.j.t.JMeterThread: Thread started: 活跃用户增长线程组 1-50
2026-03-12 09:58:30,001 INFO o.a.j.r.Summariser: summary +   2728 in 00:00:30 =   90.9/s Avg:    11 Min:     5 Max:    44 Err:     0 (0.00%) Active: 50 Started: 50 Finished: 0
2026-03-12 09:58:30,002 INFO o.a.j.r.Summariser: summary =  14042 in 00:04:55 =   47.7/s Avg:    14 Min:     4 Max:   180 Err:     0 (0.00%)
2026-03-12 09:58:35,378 INFO o.a.j.t.JMeterThread: Thread started: 活跃用户增长线程组 1-51
2026-03-12 09:58:41,382 INFO o.a.j.t.JMeterThread: Thread started: 活跃用户增长线程组 1-52
2026-03-12 09:58:47,384 INFO o.a.j.t.JMeterThread: Thread started: 活跃用户增长线程组 1-53
2026-03-12 09:58:52,851 INFO o.a.j.t.JMeterThread: Thread is done: 活跃用户增长线程组 1-2
2026-03-12 09:58:52,851 INFO o.a.j.t.JMeterThread: Thread finished: 活跃用户增长线程组 1-2
2026-03-12 09:58:53,382 INFO o.a.j.t.JMeterThread: Thread started: 活跃用户增长线程组 1-54
2026-03-12 09:58:58,950 INFO o.a.j.t.JMeterThread: Thread is done: 活跃用户增长线程组 1-1
2026-03-12 09:58:58,951 INFO o.a.j.t.JMeterThread: Thread finished: 活跃用户增长线程组 1-1
2026-03-12 09:58:59,378 INFO o.a.j.t.JMeterThread: Thread started: 活跃用户增长线程组 1-55
2026-03-12 09:59:00,000 INFO o.a.j.r.Summariser: summary +   2954 in 00:00:30 =   98.5/s Avg:    10 Min:     5 Max:    37 Err:     0 (0.00%) Active: 53 Started: 55 Finished: 2
2026-03-12 09:59:00,001 INFO o.a.j.r.Summariser: summary =  16996 in 00:05:25 =   52.4/s Avg:    13 Min:     4 Max:   180 Err:     0 (0.00%)
2026-03-12 09:59:05,382 INFO o.a.j.t.JMeterThread: Thread started: 活跃用户增长线程组 1-56
2026-03-12 09:59:06,483 INFO o.a.j.t.JMeterThread: Thread is done: 活跃用户增长线程组 1-3
2026-03-12 09:59:06,484 INFO o.a.j.t.JMeterThread: Thread finished: 活跃用户增长线程组 1-3
2026-03-12 09:59:07,547 INFO o.a.j.t.JMeterThread: Thread is done: 活跃用户增长线程组 1-5
2026-03-12 09:59:07,548 INFO o.a.j.t.JMeterThread: Thread finished: 活跃用户增长线程组 1-5
2026-03-12 09:59:11,378 INFO o.a.j.t.JMeterThread: Thread started: 活跃用户增长线程组 1-57
2026-03-12 09:59:15,741 INFO o.a.j.t.JMeterThread: Thread is done: 活跃用户增长线程组 1-4
2026-03-12 09:59:15,741 INFO o.a.j.t.JMeterThread: Thread finished: 活跃用户增长线程组 1-4
2026-03-12 09:59:17,380 INFO o.a.j.t.JMeterThread: Thread started: 活跃用户增长线程组 1-58
2026-03-12 09:59:17,559 INFO o.a.j.t.JMeterThread: Thread is done: 活跃用户增长线程组 1-6
2026-03-12 09:59:17,559 INFO o.a.j.t.JMeterThread: Thread finished: 活跃用户增长线程组 1-6
2026-03-12 09:59:23,382 INFO o.a.j.t.JMeterThread: Thread started: 活跃用户增长线程组 1-59
2026-03-12 09:59:29,120 INFO o.a.j.t.JMeterThread: Thread is done: 活跃用户增长线程组 1-8
2026-03-12 09:59:29,120 INFO o.a.j.t.JMeterThread: Thread finished: 活跃用户增长线程组 1-8
2026-03-12 09:59:29,382 INFO o.a.j.t.JMeterThread: Thread started: 活跃用户增长线程组 1-60
2026-03-12 09:59:30,011 INFO o.a.j.r.Summariser: summary +   2971 in 00:00:30 =   99.0/s Avg:    10 Min:     4 Max:    50 Err:     0 (0.00%) Active: 53 Started: 60 Finished: 7
2026-03-12 09:59:30,011 INFO o.a.j.r.Summariser: summary =  19967 in 00:05:55 =   56.3/s Avg:    13 Min:     4 Max:   180 Err:     0 (0.00%)
2026-03-12 09:59:32,132 INFO o.a.j.t.JMeterThread: Thread is done: 活跃用户增长线程组 1-7
2026-03-12 09:59:32,132 INFO o.a.j.t.JMeterThread: Thread finished: 活跃用户增长线程组 1-7
2026-03-12 09:59:33,286 INFO o.a.j.t.JMeterThread: Thread is done: 活跃用户增长线程组 1-9
2026-03-12 09:59:33,286 INFO o.a.j.t.JMeterThread: Thread finished: 活跃用户增长线程组 1-9
2026-03-12 09:59:35,384 INFO o.a.j.t.JMeterThread: Thread started: 活跃用户增长线程组 1-61
2026-03-12 09:59:36,927 INFO o.a.j.t.JMeterThread: Thread is done: 活跃用户增长线程组 1-10
2026-03-12 09:59:36,927 INFO o.a.j.t.JMeterThread: Thread finished: 活跃用户增长线程组 1-10
2026-03-12 09:59:41,380 INFO o.a.j.t.JMeterThread: Thread started: 活跃用户增长线程组 1-62
2026-03-12 09:59:47,383 INFO o.a.j.t.JMeterThread: Thread started: 活跃用户增长线程组 1-63
2026-03-12 09:59:49,573 INFO o.a.j.t.JMeterThread: Thread is done: 活跃用户增长线程组 1-12
2026-03-12 09:59:49,574 INFO o.a.j.t.JMeterThread: Thread finished: 活跃用户增长线程组 1-12
2026-03-12 09:59:53,378 INFO o.a.j.t.JMeterThread: Thread started: 活跃用户增长线程组 1-64
2026-03-12 09:59:59,379 INFO o.a.j.t.JMeterThread: Thread started: 活跃用户增长线程组 1-65
2026-03-12 10:00:00,025 INFO o.a.j.r.Summariser: summary +   3011 in 00:00:30 =  100.3/s Avg:    10 Min:     4 Max:    58 Err:     0 (0.00%) Active: 54 Started: 65 Finished: 11
2026-03-12 10:00:00,025 INFO o.a.j.r.Summariser: summary =  22978 in 00:06:25 =   59.7/s Avg:    12 Min:     4 Max:   180 Err:     0 (0.00%)
2026-03-12 10:00:02,915 INFO o.a.j.t.JMeterThread: Thread is done: 活跃用户增长线程组 1-11
2026-03-12 10:00:02,915 INFO o.a.j.t.JMeterThread: Thread finished: 活跃用户增长线程组 1-11
2026-03-12 10:00:05,381 INFO o.a.j.t.JMeterThread: Thread started: 活跃用户增长线程组 1-66
2026-03-12 10:00:11,383 INFO o.a.j.t.JMeterThread: Thread started: 活跃用户增长线程组 1-67
2026-03-12 10:00:11,820 INFO o.a.j.t.JMeterThread: Thread is done: 活跃用户增长线程组 1-14
2026-03-12 10:00:11,821 INFO o.a.j.t.JMeterThread: Thread finished: 活跃用户增长线程组 1-14
2026-03-12 10:00:13,193 INFO o.a.j.t.JMeterThread: Thread is done: 活跃用户增长线程组 1-13
2026-03-12 10:00:13,193 INFO o.a.j.t.JMeterThread: Thread finished: 活跃用户增长线程组 1-13
2026-03-12 10:00:17,382 INFO o.a.j.t.JMeterThread: Thread started: 活跃用户增长线程组 1-68
2026-03-12 10:00:18,211 INFO o.a.j.t.JMeterThread: Thread is done: 活跃用户增长线程组 1-15
2026-03-12 10:00:18,211 INFO o.a.j.t.JMeterThread: Thread finished: 活跃用户增长线程组 1-15
2026-03-12 10:00:23,383 INFO o.a.j.t.JMeterThread: Thread started: 活跃用户增长线程组 1-69
2026-03-12 10:00:25,685 INFO o.a.j.t.JMeterThread: Thread is done: 活跃用户增长线程组 1-16
2026-03-12 10:00:25,685 INFO o.a.j.t.JMeterThread: Thread finished: 活跃用户增长线程组 1-16
2026-03-12 10:00:27,101 INFO o.a.j.t.JMeterThread: Thread is done: 活跃用户增长线程组 1-18
2026-03-12 10:00:27,101 INFO o.a.j.t.JMeterThread: Thread finished: 活跃用户增长线程组 1-18
2026-03-12 10:00:27,138 INFO o.a.j.t.JMeterThread: Thread is done: 活跃用户增长线程组 1-17
2026-03-12 10:00:27,138 INFO o.a.j.t.JMeterThread: Thread finished: 活跃用户增长线程组 1-17
2026-03-12 10:00:29,381 INFO o.a.j.t.JMeterThread: Thread started: 活跃用户增长线程组 1-70
2026-03-12 10:00:30,005 INFO o.a.j.r.Summariser: summary +   3040 in 00:00:30 =  101.4/s Avg:    10 Min:     4 Max:    44 Err:     0 (0.00%) Active: 52 Started: 70 Finished: 18
2026-03-12 10:00:30,005 INFO o.a.j.r.Summariser: summary =  26018 in 00:06:55 =   62.7/s Avg:    12 Min:     4 Max:   180 Err:     0 (0.00%)
2026-03-12 10:00:35,383 INFO o.a.j.t.JMeterThread: Thread started: 活跃用户增长线程组 1-71
2026-03-12 10:00:36,686 INFO o.a.j.t.JMeterThread: Thread is done: 活跃用户增长线程组 1-19
2026-03-12 10:00:36,686 INFO o.a.j.t.JMeterThread: Thread finished: 活跃用户增长线程组 1-19
2026-03-12 10:00:41,382 INFO o.a.j.t.JMeterThread: Thread started: 活跃用户增长线程组 1-72
2026-03-12 10:00:42,612 INFO o.a.j.t.JMeterThread: Thread is done: 活跃用户增长线程组 1-20
2026-03-12 10:00:42,612 INFO o.a.j.t.JMeterThread: Thread finished: 活跃用户增长线程组 1-20
2026-03-12 10:00:47,383 INFO o.a.j.t.JMeterThread: Thread started: 活跃用户增长线程组 1-73
2026-03-12 10:00:50,563 INFO o.a.j.t.JMeterThread: Thread is done: 活跃用户增长线程组 1-21
2026-03-12 10:00:50,563 INFO o.a.j.t.JMeterThread: Thread finished: 活跃用户增长线程组 1-21
2026-03-12 10:00:53,382 INFO o.a.j.t.JMeterThread: Thread started: 活跃用户增长线程组 1-74
2026-03-12 10:00:55,920 INFO o.a.j.t.JMeterThread: Thread is done: 活跃用户增长线程组 1-22
2026-03-12 10:00:55,920 INFO o.a.j.t.JMeterThread: Thread finished: 活跃用户增长线程组 1-22
2026-03-12 10:00:57,011 INFO o.a.j.t.JMeterThread: Thread is done: 活跃用户增长线程组 1-23
2026-03-12 10:00:57,011 INFO o.a.j.t.JMeterThread: Thread finished: 活跃用户增长线程组 1-23
2026-03-12 10:00:59,378 INFO o.a.j.t.JMeterThread: Thread started: 活跃用户增长线程组 1-75
2026-03-12 10:01:00,025 INFO o.a.j.r.Summariser: summary +   2941 in 00:00:30 =   98.0/s Avg:    10 Min:     4 Max:    49 Err:     0 (0.00%) Active: 52 Started: 75 Finished: 23
2026-03-12 10:01:00,025 INFO o.a.j.r.Summariser: summary =  28959 in 00:07:25 =   65.1/s Avg:    12 Min:     4 Max:   180 Err:     0 (0.00%)
2026-03-12 10:01:05,383 INFO o.a.j.t.JMeterThread: Thread started: 活跃用户增长线程组 1-76
2026-03-12 10:01:09,409 INFO o.a.j.t.JMeterThread: Thread is done: 活跃用户增长线程组 1-24
2026-03-12 10:01:09,409 INFO o.a.j.t.JMeterThread: Thread finished: 活跃用户增长线程组 1-24
2026-03-12 10:01:11,379 INFO o.a.j.t.JMeterThread: Thread started: 活跃用户增长线程组 1-77
2026-03-12 10:01:17,383 INFO o.a.j.t.JMeterThread: Thread started: 活跃用户增长线程组 1-78
2026-03-12 10:01:17,665 INFO o.a.j.t.JMeterThread: Thread is done: 活跃用户增长线程组 1-27
2026-03-12 10:01:17,665 INFO o.a.j.t.JMeterThread: Thread finished: 活跃用户增长线程组 1-27
2026-03-12 10:01:19,075 INFO o.a.j.t.JMeterThread: Thread is done: 活跃用户增长线程组 1-25
2026-03-12 10:01:19,075 INFO o.a.j.t.JMeterThread: Thread finished: 活跃用户增长线程组 1-25
2026-03-12 10:01:22,931 INFO o.a.j.t.JMeterThread: Thread is done: 活跃用户增长线程组 1-26
2026-03-12 10:01:22,931 INFO o.a.j.t.JMeterThread: Thread finished: 活跃用户增长线程组 1-26
2026-03-12 10:01:23,382 INFO o.a.j.t.JMeterThread: Thread started: 活跃用户增长线程组 1-79
2026-03-12 10:01:29,333 INFO o.a.j.t.JMeterThread: Thread is done: 活跃用户增长线程组 1-29
2026-03-12 10:01:29,333 INFO o.a.j.t.JMeterThread: Thread finished: 活跃用户增长线程组 1-29
2026-03-12 10:01:29,383 INFO o.a.j.t.JMeterThread: Thread started: 活跃用户增长线程组 1-80
2026-03-12 10:01:30,012 INFO o.a.j.r.Summariser: summary +   3063 in 00:00:30 =  102.1/s Avg:    10 Min:     4 Max:    43 Err:     0 (0.00%) Active: 52 Started: 80 Finished: 28
2026-03-12 10:01:30,012 INFO o.a.j.r.Summariser: summary =  32022 in 00:07:55 =   67.5/s Avg:    12 Min:     4 Max:   180 Err:     0 (0.00%)
2026-03-12 10:01:30,614 INFO o.a.j.t.JMeterThread: Thread is done: 活跃用户增长线程组 1-28
2026-03-12 10:01:30,615 INFO o.a.j.t.JMeterThread: Thread finished: 活跃用户增长线程组 1-28
2026-03-12 10:01:35,384 INFO o.a.j.t.JMeterThread: Thread started: 活跃用户增长线程组 1-81
2026-03-12 10:01:41,382 INFO o.a.j.t.JMeterThread: Thread started: 活跃用户增长线程组 1-82
2026-03-12 10:01:45,234 INFO o.a.j.t.JMeterThread: Thread is done: 活跃用户增长线程组 1-32
2026-03-12 10:01:45,236 INFO o.a.j.t.JMeterThread: Thread finished: 活跃用户增长线程组 1-32
2026-03-12 10:01:47,375 INFO o.a.j.t.JMeterThread: Thread is done: 活跃用户增长线程组 1-30
2026-03-12 10:01:47,375 INFO o.a.j.t.JMeterThread: Thread finished: 活跃用户增长线程组 1-30
2026-03-12 10:01:47,382 INFO o.a.j.t.JMeterThread: Thread started: 活跃用户增长线程组 1-83
2026-03-12 10:01:53,379 INFO o.a.j.t.JMeterThread: Thread started: 活跃用户增长线程组 1-84
2026-03-12 10:01:58,299 INFO o.a.j.t.JMeterThread: Thread is done: 活跃用户增长线程组 1-31
2026-03-12 10:01:58,300 INFO o.a.j.t.JMeterThread: Thread finished: 活跃用户增长线程组 1-31
2026-03-12 10:01:59,384 INFO o.a.j.t.JMeterThread: Thread started: 活跃用户增长线程组 1-85
2026-03-12 10:02:00,001 INFO o.a.j.r.Summariser: summary +   3026 in 00:00:30 =  100.9/s Avg:    10 Min:     4 Max:    40 Err:     0 (0.00%) Active: 53 Started: 85 Finished: 32
2026-03-12 10:02:00,002 INFO o.a.j.r.Summariser: summary =  35048 in 00:08:25 =   69.5/s Avg:    12 Min:     4 Max:   180 Err:     0 (0.00%)
2026-03-12 10:02:05,381 INFO o.a.j.t.JMeterThread: Thread started: 活跃用户增长线程组 1-86
2026-03-12 10:02:05,989 INFO o.a.j.t.JMeterThread: Thread is done: 活跃用户增长线程组 1-35
2026-03-12 10:02:05,989 INFO o.a.j.t.JMeterThread: Thread finished: 活跃用户增长线程组 1-35
2026-03-12 10:02:11,210 INFO o.a.j.t.JMeterThread: Thread is done: 活跃用户增长线程组 1-33
2026-03-12 10:02:11,210 INFO o.a.j.t.JMeterThread: Thread finished: 活跃用户增长线程组 1-33
2026-03-12 10:02:11,381 INFO o.a.j.t.JMeterThread: Thread started: 活跃用户增长线程组 1-87
2026-03-12 10:02:16,581 INFO o.a.j.t.JMeterThread: Thread is done: 活跃用户增长线程组 1-34
2026-03-12 10:02:16,583 INFO o.a.j.t.JMeterThread: Thread finished: 活跃用户增长线程组 1-34
2026-03-12 10:02:17,383 INFO o.a.j.t.JMeterThread: Thread started: 活跃用户增长线程组 1-88
2026-03-12 10:02:21,579 INFO o.a.j.t.JMeterThread: Thread is done: 活跃用户增长线程组 1-36
2026-03-12 10:02:21,579 INFO o.a.j.t.JMeterThread: Thread finished: 活跃用户增长线程组 1-36
2026-03-12 10:02:23,384 INFO o.a.j.t.JMeterThread: Thread started: 活跃用户增长线程组 1-89
2026-03-12 10:02:24,857 INFO o.a.j.t.JMeterThread: Thread is done: 活跃用户增长线程组 1-37
2026-03-12 10:02:24,857 INFO o.a.j.t.JMeterThread: Thread finished: 活跃用户增长线程组 1-37
2026-03-12 10:02:29,381 INFO o.a.j.t.JMeterThread: Thread started: 活跃用户增长线程组 1-90
2026-03-12 10:02:30,000 INFO o.a.j.r.Summariser: summary +   3008 in 00:00:30 =  100.3/s Avg:    11 Min:     4 Max:   133 Err:     0 (0.00%) Active: 53 Started: 90 Finished: 37
2026-03-12 10:02:30,001 INFO o.a.j.r.Summariser: summary =  38056 in 00:08:55 =   71.2/s Avg:    12 Min:     4 Max:   180 Err:     0 (0.00%)
2026-03-12 10:02:35,379 INFO o.a.j.t.JMeterThread: Thread started: 活跃用户增长线程组 1-91
2026-03-12 10:02:37,288 INFO o.a.j.t.JMeterThread: Thread is done: 活跃用户增长线程组 1-39
2026-03-12 10:02:37,289 INFO o.a.j.t.JMeterThread: Thread finished: 活跃用户增长线程组 1-39
2026-03-12 10:02:39,561 INFO o.a.j.t.JMeterThread: Thread is done: 活跃用户增长线程组 1-38
2026-03-12 10:02:39,561 INFO o.a.j.t.JMeterThread: Thread finished: 活跃用户增长线程组 1-38
2026-03-12 10:02:41,379 INFO o.a.j.t.JMeterThread: Thread started: 活跃用户增长线程组 1-92
2026-03-12 10:02:44,768 INFO o.a.j.t.JMeterThread: Thread is done: 活跃用户增长线程组 1-40
2026-03-12 10:02:44,768 INFO o.a.j.t.JMeterThread: Thread finished: 活跃用户增长线程组 1-40
2026-03-12 10:02:47,379 INFO o.a.j.t.JMeterThread: Thread started: 活跃用户增长线程组 1-93
2026-03-12 10:02:53,127 INFO o.a.j.t.JMeterThread: Thread is done: 活跃用户增长线程组 1-42
2026-03-12 10:02:53,127 INFO o.a.j.t.JMeterThread: Thread finished: 活跃用户增长线程组 1-42
2026-03-12 10:02:53,383 INFO o.a.j.t.JMeterThread: Thread started: 活跃用户增长线程组 1-94
2026-03-12 10:02:57,234 INFO o.a.j.t.JMeterThread: Thread is done: 活跃用户增长线程组 1-41
2026-03-12 10:02:57,235 INFO o.a.j.t.JMeterThread: Thread finished: 活跃用户增长线程组 1-41
2026-03-12 10:02:59,384 INFO o.a.j.t.JMeterThread: Thread started: 活跃用户增长线程组 1-95
2026-03-12 10:03:00,013 INFO o.a.j.r.Summariser: summary +   3042 in 00:00:30 =  101.4/s Avg:    11 Min:     4 Max:    99 Err:     0 (0.00%) Active: 53 Started: 95 Finished: 42
2026-03-12 10:03:00,013 INFO o.a.j.r.Summariser: summary =  41098 in 00:09:25 =   72.8/s Avg:    12 Min:     4 Max:   180 Err:     0 (0.00%)
2026-03-12 10:03:01,579 INFO o.a.j.t.JMeterThread: Thread is done: 活跃用户增长线程组 1-43
2026-03-12 10:03:01,579 INFO o.a.j.t.JMeterThread: Thread finished: 活跃用户增长线程组 1-43
2026-03-12 10:03:01,607 INFO o.a.j.t.JMeterThread: Thread is done: 活跃用户增长线程组 1-45
2026-03-12 10:03:01,607 INFO o.a.j.t.JMeterThread: Thread finished: 活跃用户增长线程组 1-45
2026-03-12 10:03:05,382 INFO o.a.j.t.JMeterThread: Thread started: 活跃用户增长线程组 1-96
2026-03-12 10:03:05,433 INFO o.a.j.t.JMeterThread: Thread is done: 活跃用户增长线程组 1-44
2026-03-12 10:03:05,434 INFO o.a.j.t.JMeterThread: Thread finished: 活跃用户增长线程组 1-44
2026-03-12 10:03:11,383 INFO o.a.j.t.JMeterThread: Thread started: 活跃用户增长线程组 1-97
2026-03-12 10:03:15,098 INFO o.a.j.t.JMeterThread: Thread is done: 活跃用户增长线程组 1-46
2026-03-12 10:03:15,098 INFO o.a.j.t.JMeterThread: Thread finished: 活跃用户增长线程组 1-46
2026-03-12 10:03:17,382 INFO o.a.j.t.JMeterThread: Thread started: 活跃用户增长线程组 1-98
2026-03-12 10:03:18,762 INFO o.a.j.t.JMeterThread: Thread is done: 活跃用户增长线程组 1-47
2026-03-12 10:03:18,763 INFO o.a.j.t.JMeterThread: Thread finished: 活跃用户增长线程组 1-47
2026-03-12 10:03:23,382 INFO o.a.j.t.JMeterThread: Thread started: 活跃用户增长线程组 1-99
2026-03-12 10:03:29,383 INFO o.a.j.t.JMeterThread: Thread started: 活跃用户增长线程组 1-100
2026-03-12 10:03:30,002 INFO o.a.j.r.Summariser: summary +   2967 in 00:00:30 =   98.9/s Avg:    11 Min:     4 Max:    41 Err:     0 (0.00%) Active: 53 Started: 100 Finished: 47
2026-03-12 10:03:30,002 INFO o.a.j.r.Summariser: summary =  44065 in 00:09:55 =   74.1/s Avg:    12 Min:     4 Max:   180 Err:     0 (0.00%)
2026-03-12 10:03:30,889 INFO o.a.j.t.JMeterThread: Thread is done: 活跃用户增长线程组 1-48
2026-03-12 10:03:30,890 INFO o.a.j.t.JMeterThread: Thread finished: 活跃用户增长线程组 1-48
2026-03-12 10:03:41,662 INFO o.a.j.t.JMeterThread: Thread is done: 活跃用户增长线程组 1-49
2026-03-12 10:03:41,663 INFO o.a.j.t.JMeterThread: Thread finished: 活跃用户增长线程组 1-49
2026-03-12 10:03:45,802 INFO o.a.j.t.JMeterThread: Thread is done: 活跃用户增长线程组 1-50
2026-03-12 10:03:45,802 INFO o.a.j.t.JMeterThread: Thread finished: 活跃用户增长线程组 1-50
2026-03-12 10:03:46,036 INFO o.a.j.t.JMeterThread: Thread is done: 活跃用户增长线程组 1-51
2026-03-12 10:03:46,036 INFO o.a.j.t.JMeterThread: Thread finished: 活跃用户增长线程组 1-51
2026-03-12 10:03:48,530 INFO o.a.j.t.JMeterThread: Thread is done: 活跃用户增长线程组 1-52
2026-03-12 10:03:48,530 INFO o.a.j.t.JMeterThread: Thread finished: 活跃用户增长线程组 1-52
2026-03-12 10:03:52,555 INFO o.a.j.t.JMeterThread: Thread is done: 活跃用户增长线程组 1-53
2026-03-12 10:03:52,556 INFO o.a.j.t.JMeterThread: Thread finished: 活跃用户增长线程组 1-53
2026-03-12 10:04:00,023 INFO o.a.j.r.Summariser: summary +   2883 in 00:00:30 =   96.0/s Avg:    11 Min:     4 Max:   120 Err:     0 (0.00%) Active: 47 Started: 100 Finished: 53
2026-03-12 10:04:00,025 INFO o.a.j.r.Summariser: summary =  46948 in 00:10:25 =   75.2/s Avg:    12 Min:     4 Max:   180 Err:     0 (0.00%)
2026-03-12 10:04:03,523 INFO o.a.j.t.JMeterThread: Thread is done: 活跃用户增长线程组 1-56
2026-03-12 10:04:03,523 INFO o.a.j.t.JMeterThread: Thread finished: 活跃用户增长线程组 1-56
2026-03-12 10:04:05,976 INFO o.a.j.t.JMeterThread: Thread is done: 活跃用户增长线程组 1-54
2026-03-12 10:04:05,978 INFO o.a.j.t.JMeterThread: Thread finished: 活跃用户增长线程组 1-54
2026-03-12 10:04:21,191 INFO o.a.j.t.JMeterThread: Thread is done: 活跃用户增长线程组 1-55
2026-03-12 10:04:21,193 INFO o.a.j.t.JMeterThread: Thread finished: 活跃用户增长线程组 1-55
2026-03-12 10:04:24,363 INFO o.a.j.t.JMeterThread: Thread is done: 活跃用户增长线程组 1-57
2026-03-12 10:04:24,363 INFO o.a.j.t.JMeterThread: Thread finished: 活跃用户增长线程组 1-57
2026-03-12 10:04:30,021 INFO o.a.j.r.Summariser: summary +   2551 in 00:00:30 =   85.0/s Avg:    12 Min:     4 Max:   102 Err:     0 (0.00%) Active: 43 Started: 100 Finished: 57
2026-03-12 10:04:30,022 INFO o.a.j.r.Summariser: summary =  49499 in 00:10:55 =   75.6/s Avg:    12 Min:     4 Max:   180 Err:     0 (0.00%)
2026-03-12 10:04:31,263 INFO o.a.j.t.JMeterThread: Thread is done: 活跃用户增长线程组 1-59
2026-03-12 10:04:31,263 INFO o.a.j.t.JMeterThread: Thread finished: 活跃用户增长线程组 1-59
2026-03-12 10:04:36,810 INFO o.a.j.t.JMeterThread: Thread is done: 活跃用户增长线程组 1-58
2026-03-12 10:04:36,811 INFO o.a.j.t.JMeterThread: Thread finished: 活跃用户增长线程组 1-58
2026-03-12 10:04:43,755 INFO o.a.j.t.JMeterThread: Thread is done: 活跃用户增长线程组 1-61
2026-03-12 10:04:43,755 INFO o.a.j.t.JMeterThread: Thread finished: 活跃用户增长线程组 1-61
2026-03-12 10:04:48,014 INFO o.a.j.t.JMeterThread: Thread is done: 活跃用户增长线程组 1-60
2026-03-12 10:04:48,014 INFO o.a.j.t.JMeterThread: Thread finished: 活跃用户增长线程组 1-60
2026-03-12 10:05:00,017 INFO o.a.j.r.Summariser: summary +   2275 in 00:00:30 =   75.8/s Avg:    13 Min:     4 Max:    51 Err:     0 (0.00%) Active: 39 Started: 100 Finished: 61
2026-03-12 10:05:00,018 INFO o.a.j.r.Summariser: summary =  51774 in 00:11:25 =   75.6/s Avg:    12 Min:     4 Max:   180 Err:     0 (0.00%)
2026-03-12 10:05:01,388 INFO o.a.j.t.JMeterThread: Thread is done: 活跃用户增长线程组 1-62
2026-03-12 10:05:01,389 INFO o.a.j.t.JMeterThread: Thread finished: 活跃用户增长线程组 1-62
2026-03-12 10:05:07,261 INFO o.a.j.t.JMeterThread: Thread is done: 活跃用户增长线程组 1-66
2026-03-12 10:05:07,262 INFO o.a.j.t.JMeterThread: Thread finished: 活跃用户增长线程组 1-66
2026-03-12 10:05:09,904 INFO o.a.j.t.JMeterThread: Thread is done: 活跃用户增长线程组 1-63
2026-03-12 10:05:09,905 INFO o.a.j.t.JMeterThread: Thread finished: 活跃用户增长线程组 1-63
2026-03-12 10:05:11,437 INFO o.a.j.t.JMeterThread: Thread is done: 活跃用户增长线程组 1-65
2026-03-12 10:05:11,437 INFO o.a.j.t.JMeterThread: Thread finished: 活跃用户增长线程组 1-65
2026-03-12 10:05:17,445 INFO o.a.j.t.JMeterThread: Thread is done: 活跃用户增长线程组 1-67
2026-03-12 10:05:17,446 INFO o.a.j.t.JMeterThread: Thread finished: 活跃用户增长线程组 1-67
2026-03-12 10:05:17,851 INFO o.a.j.t.JMeterThread: Thread is done: 活跃用户增长线程组 1-64
2026-03-12 10:05:17,851 INFO o.a.j.t.JMeterThread: Thread finished: 活跃用户增长线程组 1-64
2026-03-12 10:05:30,002 INFO o.a.j.r.Summariser: summary +   1990 in 00:00:30 =   66.4/s Avg:    13 Min:     4 Max:    79 Err:     0 (0.00%) Active: 33 Started: 100 Finished: 67
2026-03-12 10:05:30,004 INFO o.a.j.r.Summariser: summary =  53764 in 00:11:55 =   75.2/s Avg:    12 Min:     4 Max:   180 Err:     0 (0.00%)
2026-03-12 10:05:38,147 INFO o.a.j.t.JMeterThread: Thread is done: 活跃用户增长线程组 1-69
2026-03-12 10:05:38,148 INFO o.a.j.t.JMeterThread: Thread finished: 活跃用户增长线程组 1-69
2026-03-12 10:05:45,412 INFO o.a.j.t.JMeterThread: Thread is done: 活跃用户增长线程组 1-70
2026-03-12 10:05:45,412 INFO o.a.j.t.JMeterThread: Thread finished: 活跃用户增长线程组 1-70
2026-03-12 10:05:45,726 INFO o.a.j.t.JMeterThread: Thread is done: 活跃用户增长线程组 1-68
2026-03-12 10:05:45,727 INFO o.a.j.t.JMeterThread: Thread finished: 活跃用户增长线程组 1-68
2026-03-12 10:05:54,068 INFO o.a.j.t.JMeterThread: Thread is done: 活跃用户增长线程组 1-73
2026-03-12 10:05:54,069 INFO o.a.j.t.JMeterThread: Thread finished: 活跃用户增长线程组 1-73
2026-03-12 10:05:54,350 INFO o.a.j.t.JMeterThread: Thread is done: 活跃用户增长线程组 1-71
2026-03-12 10:05:54,350 INFO o.a.j.t.JMeterThread: Thread finished: 活跃用户增长线程组 1-71
2026-03-12 10:06:00,014 INFO o.a.j.r.Summariser: summary +   1754 in 00:00:30 =   58.4/s Avg:    15 Min:     5 Max:    51 Err:     0 (0.00%) Active: 28 Started: 100 Finished: 72
2026-03-12 10:06:00,015 INFO o.a.j.r.Summariser: summary =  55518 in 00:12:25 =   74.6/s Avg:    12 Min:     4 Max:   180 Err:     0 (0.00%)
2026-03-12 10:06:01,068 INFO o.a.j.t.JMeterThread: Thread is done: 活跃用户增长线程组 1-74
2026-03-12 10:06:01,068 INFO o.a.j.t.JMeterThread: Thread finished: 活跃用户增长线程组 1-74
2026-03-12 10:06:02,596 INFO o.a.j.t.JMeterThread: Thread is done: 活跃用户增长线程组 1-72
2026-03-12 10:06:02,596 INFO o.a.j.t.JMeterThread: Thread finished: 活跃用户增长线程组 1-72
2026-03-12 10:06:13,509 INFO o.a.j.t.JMeterThread: Thread is done: 活跃用户增长线程组 1-76
2026-03-12 10:06:13,510 INFO o.a.j.t.JMeterThread: Thread finished: 活跃用户增长线程组 1-76
2026-03-12 10:06:23,587 INFO o.a.j.t.JMeterThread: Thread is done: 活跃用户增长线程组 1-75
2026-03-12 10:06:23,588 INFO o.a.j.t.JMeterThread: Thread finished: 活跃用户增长线程组 1-75
2026-03-12 10:06:29,146 INFO o.a.j.t.JMeterThread: Thread is done: 活跃用户增长线程组 1-79
2026-03-12 10:06:29,147 INFO o.a.j.t.JMeterThread: Thread finished: 活跃用户增长线程组 1-79
2026-03-12 10:06:30,047 INFO o.a.j.r.Summariser: summary +   1426 in 00:00:30 =   47.5/s Avg:    16 Min:     5 Max:    42 Err:     0 (0.00%) Active: 23 Started: 100 Finished: 77
2026-03-12 10:06:30,047 INFO o.a.j.r.Summariser: summary =  56944 in 00:12:55 =   73.5/s Avg:    12 Min:     4 Max:   180 Err:     0 (0.00%)
2026-03-12 10:06:31,189 INFO o.a.j.t.JMeterThread: Thread is done: 活跃用户增长线程组 1-77
2026-03-12 10:06:31,189 INFO o.a.j.t.JMeterThread: Thread finished: 活跃用户增长线程组 1-77
2026-03-12 10:06:40,206 INFO o.a.j.t.JMeterThread: Thread is done: 活跃用户增长线程组 1-78
2026-03-12 10:06:40,207 INFO o.a.j.t.JMeterThread: Thread finished: 活跃用户增长线程组 1-78
2026-03-12 10:06:44,941 INFO o.a.j.t.JMeterThread: Thread is done: 活跃用户增长线程组 1-82
2026-03-12 10:06:44,941 INFO o.a.j.t.JMeterThread: Thread finished: 活跃用户增长线程组 1-82
2026-03-12 10:06:46,739 INFO o.a.j.t.JMeterThread: Thread is done: 活跃用户增长线程组 1-80
2026-03-12 10:06:46,739 INFO o.a.j.t.JMeterThread: Thread finished: 活跃用户增长线程组 1-80
2026-03-12 10:06:47,871 INFO o.a.j.t.JMeterThread: Thread is done: 活跃用户增长线程组 1-81
2026-03-12 10:06:47,871 INFO o.a.j.t.JMeterThread: Thread finished: 活跃用户增长线程组 1-81
2026-03-12 10:07:00,019 INFO o.a.j.r.Summariser: summary +   1109 in 00:00:30 =   37.0/s Avg:    18 Min:     5 Max:   128 Err:     0 (0.00%) Active: 18 Started: 100 Finished: 82
2026-03-12 10:07:00,019 INFO o.a.j.r.Summariser: summary =  58053 in 00:13:25 =   72.1/s Avg:    12 Min:     4 Max:   180 Err:     0 (0.00%)
2026-03-12 10:07:02,930 INFO o.a.j.t.JMeterThread: Thread is done: 活跃用户增长线程组 1-83
2026-03-12 10:07:02,930 INFO o.a.j.t.JMeterThread: Thread finished: 活跃用户增长线程组 1-83
2026-03-12 10:07:16,540 INFO o.a.j.t.JMeterThread: Thread is done: 活跃用户增长线程组 1-84
2026-03-12 10:07:16,540 INFO o.a.j.t.JMeterThread: Thread finished: 活跃用户增长线程组 1-84
2026-03-12 10:07:23,079 INFO o.a.j.t.JMeterThread: Thread is done: 活跃用户增长线程组 1-85
2026-03-12 10:07:23,079 INFO o.a.j.t.JMeterThread: Thread finished: 活跃用户增长线程组 1-85
2026-03-12 10:07:28,935 INFO o.a.j.t.JMeterThread: Thread is done: 活跃用户增长线程组 1-87
2026-03-12 10:07:28,935 INFO o.a.j.t.JMeterThread: Thread finished: 活跃用户增长线程组 1-87
2026-03-12 10:07:30,013 INFO o.a.j.r.Summariser: summary +    911 in 00:00:30 =   30.4/s Avg:    18 Min:     6 Max:    51 Err:     0 (0.00%) Active: 14 Started: 100 Finished: 86
2026-03-12 10:07:30,013 INFO o.a.j.r.Summariser: summary =  58964 in 00:13:55 =   70.6/s Avg:    12 Min:     4 Max:   180 Err:     0 (0.00%)
2026-03-12 10:07:34,791 INFO o.a.j.t.JMeterThread: Thread is done: 活跃用户增长线程组 1-86
2026-03-12 10:07:34,792 INFO o.a.j.t.JMeterThread: Thread finished: 活跃用户增长线程组 1-86
2026-03-12 10:07:35,479 INFO o.a.j.t.JMeterThread: Thread is done: 活跃用户增长线程组 1-88
2026-03-12 10:07:35,480 INFO o.a.j.t.JMeterThread: Thread finished: 活跃用户增长线程组 1-88
2026-03-12 10:07:42,602 INFO o.a.j.t.JMeterThread: Thread is done: 活跃用户增长线程组 1-89
2026-03-12 10:07:42,602 INFO o.a.j.t.JMeterThread: Thread finished: 活跃用户增长线程组 1-89
2026-03-12 10:07:49,379 INFO o.a.j.t.JMeterThread: Thread is done: 活跃用户增长线程组 1-90
2026-03-12 10:07:49,379 INFO o.a.j.t.JMeterThread: Thread finished: 活跃用户增长线程组 1-90
2026-03-12 10:08:00,033 INFO o.a.j.r.Summariser: summary +    635 in 00:00:30 =   21.2/s Avg:    20 Min:     5 Max:    53 Err:     0 (0.00%) Active: 10 Started: 100 Finished: 90
2026-03-12 10:08:00,033 INFO o.a.j.r.Summariser: summary =  59599 in 00:14:25 =   68.9/s Avg:    12 Min:     4 Max:   180 Err:     0 (0.00%)
2026-03-12 10:08:01,391 INFO o.a.j.t.JMeterThread: Thread is done: 活跃用户增长线程组 1-91
2026-03-12 10:08:01,391 INFO o.a.j.t.JMeterThread: Thread finished: 活跃用户增长线程组 1-91
2026-03-12 10:08:02,922 INFO o.a.j.t.JMeterThread: Thread is done: 活跃用户增长线程组 1-92
2026-03-12 10:08:02,923 INFO o.a.j.t.JMeterThread: Thread finished: 活跃用户增长线程组 1-92
2026-03-12 10:08:12,375 INFO o.a.j.t.JMeterThread: Thread is done: 活跃用户增长线程组 1-93
2026-03-12 10:08:12,375 INFO o.a.j.t.JMeterThread: Thread finished: 活跃用户增长线程组 1-93
2026-03-12 10:08:13,723 INFO o.a.j.t.JMeterThread: Thread is done: 活跃用户增长线程组 1-97
2026-03-12 10:08:13,723 INFO o.a.j.t.JMeterThread: Thread finished: 活跃用户增长线程组 1-97
2026-03-12 10:08:16,066 INFO o.a.j.t.JMeterThread: Thread is done: 活跃用户增长线程组 1-94
2026-03-12 10:08:16,067 INFO o.a.j.t.JMeterThread: Thread finished: 活跃用户增长线程组 1-94
2026-03-12 10:08:19,313 INFO o.a.j.t.JMeterThread: Thread is done: 活跃用户增长线程组 1-95
2026-03-12 10:08:19,313 INFO o.a.j.t.JMeterThread: Thread finished: 活跃用户增长线程组 1-95
2026-03-12 10:08:24,249 INFO o.a.j.t.JMeterThread: Thread is done: 活跃用户增长线程组 1-96
2026-03-12 10:08:24,250 INFO o.a.j.t.JMeterThread: Thread finished: 活跃用户增长线程组 1-96
2026-03-12 10:08:30,066 INFO o.a.j.r.Summariser: summary +    331 in 00:00:30 =   11.0/s Avg:    21 Min:     6 Max:    44 Err:     0 (0.00%) Active: 3 Started: 100 Finished: 97
2026-03-12 10:08:30,067 INFO o.a.j.r.Summariser: summary =  59930 in 00:14:55 =   67.0/s Avg:    12 Min:     4 Max:   180 Err:     0 (0.00%)
2026-03-12 10:08:32,916 INFO o.a.j.t.JMeterThread: Thread is done: 活跃用户增长线程组 1-98
2026-03-12 10:08:32,917 INFO o.a.j.t.JMeterThread: Thread finished: 活跃用户增长线程组 1-98
2026-03-12 10:08:44,310 INFO o.a.j.t.JMeterThread: Thread is done: 活跃用户增长线程组 1-99
2026-03-12 10:08:44,312 INFO o.a.j.t.JMeterThread: Thread finished: 活跃用户增长线程组 1-99
2026-03-12 10:08:49,961 INFO o.a.j.t.JMeterThread: Thread is done: 活跃用户增长线程组 1-100
2026-03-12 10:08:49,962 INFO o.a.j.t.JMeterThread: Thread finished: 活跃用户增长线程组 1-100
2026-03-12 10:08:49,962 INFO o.a.j.e.StandardJMeterEngine: Notifying test listeners of end of test
2026-03-12 10:08:49,964 INFO o.a.j.r.Summariser: summary +     70 in 00:00:20 =    3.5/s Avg:    21 Min:     8 Max:    33 Err:     0 (0.00%) Active: 0 Started: 100 Finished: 100
2026-03-12 10:08:49,964 INFO o.a.j.r.Summariser: summary =  60000 in 00:15:15 =   65.6/s Avg:    12 Min:     4 Max:   180 Err:     0 (0.00%)
2026-03-12 10:08:49,965 INFO o.a.j.JMeter: Generating Dashboard
2026-03-12 10:08:49,965 INFO o.a.j.r.d.ReportGenerator: Flushing result collector before report Generation
2026-03-12 10:08:49,993 INFO o.a.j.r.p.NormalizerSampleConsumer: Using format, 'ms', to parse timeStamp field
2026-03-12 10:08:50,863 INFO o.a.j.r.p.AbstractSampleConsumer: class org.apache.jmeter.report.processor.AggregateConsumer#stopProducing(): beginDate produced 0 samples
2026-03-12 10:08:50,864 INFO o.a.j.r.p.AbstractSampleConsumer: class org.apache.jmeter.report.processor.AggregateConsumer#stopProducing(): endDate produced 0 samples
2026-03-12 10:08:50,866 INFO o.a.j.r.p.AbstractSampleConsumer: class org.apache.jmeter.report.processor.ApdexSummaryConsumer#stopProducing(): apdexSummary produced 0 samples
2026-03-12 10:08:50,866 INFO o.a.j.r.p.AbstractSampleConsumer: class org.apache.jmeter.report.processor.RequestsSummaryConsumer#stopProducing(): requestsSummary produced 0 samples
2026-03-12 10:08:50,875 INFO o.a.j.r.p.AbstractSampleConsumer: class org.apache.jmeter.report.processor.StatisticsSummaryConsumer#stopProducing(): statisticsSummary produced 0 samples
2026-03-12 10:08:50,876 INFO o.a.j.r.p.AbstractSampleConsumer: class org.apache.jmeter.report.processor.Top5ErrorsBySamplerConsumer#stopProducing(): top5ErrorsBySampler produced 0 samples
2026-03-12 10:08:50,876 INFO o.a.j.r.p.AbstractSampleConsumer: class org.apache.jmeter.report.processor.ErrorsSummaryConsumer#stopProducing(): errorsSummary produced 0 samples
2026-03-12 10:08:50,876 INFO o.a.j.r.p.AbstractSampleConsumer: class org.apache.jmeter.report.processor.graph.impl.HitsPerSecondGraphConsumer#stopProducing(): hitsPerSecond produced 0 samples
2026-03-12 10:08:51,096 INFO o.a.j.r.p.AbstractSampleConsumer: class org.apache.jmeter.report.processor.graph.impl.LatencyVSRequestGraphConsumer#stopProducing(): latencyVsRequest produced 0 samples
2026-03-12 10:08:51,098 INFO o.a.j.r.p.AbstractSampleConsumer: class org.apache.jmeter.report.processor.graph.impl.SyntheticResponseTimeDistributionGraphConsumer#stopProducing(): syntheticResponseTimeDistribution produced 0 samples
2026-03-12 10:08:51,098 INFO o.a.j.r.p.AbstractSampleConsumer: class org.apache.jmeter.report.processor.graph.impl.BytesThroughputGraphConsumer#stopProducing(): bytesThroughputOverTime produced 0 samples
2026-03-12 10:08:51,098 INFO o.a.j.r.p.AbstractSampleConsumer: class org.apache.jmeter.report.processor.graph.impl.CodesPerSecondGraphConsumer#stopProducing(): codesPerSecond produced 0 samples
2026-03-12 10:08:51,255 INFO o.a.j.r.p.AbstractSampleConsumer: class org.apache.jmeter.report.processor.graph.impl.ResponseTimeVSRequestGraphConsumer#stopProducing(): responseTimeVsRequest produced 0 samples
2026-03-12 10:08:51,256 INFO o.a.j.r.p.AbstractSampleConsumer: class org.apache.jmeter.report.processor.FilterConsumer#stopProducing(): startIntervalControlerFilter produced 420000 samples
2026-03-12 10:08:51,256 INFO o.a.j.r.p.AbstractSampleConsumer: class org.apache.jmeter.report.processor.graph.impl.TotalTPSGraphConsumer#stopProducing(): totalTPS produced 0 samples
2026-03-12 10:08:51,257 INFO o.a.j.r.p.AbstractSampleConsumer: class org.apache.jmeter.report.processor.graph.impl.ActiveThreadsGraphConsumer#stopProducing(): activeThreadsOverTime produced 0 samples
2026-03-12 10:08:51,257 INFO o.a.j.r.p.AbstractSampleConsumer: class org.apache.jmeter.report.processor.graph.impl.TimeVSThreadGraphConsumer#stopProducing(): timeVsThreads produced 0 samples
2026-03-12 10:08:51,257 INFO o.a.j.r.p.AbstractSampleConsumer: class org.apache.jmeter.report.processor.graph.impl.ResponseTimeDistributionGraphConsumer#stopProducing(): responseTimeDistribution produced 0 samples
2026-03-12 10:08:51,257 INFO o.a.j.r.p.AbstractSampleConsumer: class org.apache.jmeter.report.processor.graph.impl.TransactionsPerSecondGraphConsumer#stopProducing(): transactionsPerSecond produced 0 samples
2026-03-12 10:08:51,257 INFO o.a.j.r.p.AbstractSampleConsumer: class org.apache.jmeter.report.processor.graph.impl.ResponseTimePercentilesGraphConsumer#stopProducing(): responseTimePercentiles produced 0 samples
2026-03-12 10:08:51,258 INFO o.a.j.r.p.AbstractSampleConsumer: class org.apache.jmeter.report.processor.graph.impl.ResponseTimePercentilesOverTimeGraphConsumer#stopProducing(): responseTimePercentilesOverTime produced 0 samples
2026-03-12 10:08:51,260 INFO o.a.j.r.p.AbstractSampleConsumer: class org.apache.jmeter.report.processor.graph.impl.ResponseTimeOverTimeGraphConsumer#stopProducing(): responseTimesOverTime produced 0 samples
2026-03-12 10:08:51,260 INFO o.a.j.r.p.AbstractSampleConsumer: class org.apache.jmeter.report.processor.graph.impl.ConnectTimeOverTimeGraphConsumer#stopProducing(): connectTimeOverTime produced 0 samples
2026-03-12 10:08:51,260 INFO o.a.j.r.p.AbstractSampleConsumer: class org.apache.jmeter.report.processor.graph.impl.LatencyOverTimeGraphConsumer#stopProducing(): latenciesOverTime produced 0 samples
2026-03-12 10:08:51,260 INFO o.a.j.r.p.AbstractSampleConsumer: class org.apache.jmeter.report.processor.FilterConsumer#stopProducing(): nameFilter produced 900000 samples
2026-03-12 10:08:51,260 INFO o.a.j.r.p.AbstractSampleConsumer: class org.apache.jmeter.report.processor.FilterConsumer#stopProducing(): dateRangeFilter produced 180000 samples
2026-03-12 10:08:51,260 INFO o.a.j.r.p.AbstractSampleConsumer: class org.apache.jmeter.report.processor.NormalizerSampleConsumer#stopProducing(): normalizer produced 60000 samples
2026-03-12 10:08:51,260 INFO o.a.j.r.p.CsvFileSampleSource: produce(): 60000 samples produced in 1s 250 ms on channel 0
2026-03-12 10:08:51,260 INFO o.a.j.r.d.ReportGenerator: Exporting data using exporter:'json' of className:'org.apache.jmeter.report.dashboard.JsonExporter'
2026-03-12 10:08:51,300 INFO o.a.j.r.d.JsonExporter: Found data for consumer statisticsSummary in context
2026-03-12 10:08:51,300 INFO o.a.j.r.d.JsonExporter: Creating statistics for overall
2026-03-12 10:08:51,300 INFO o.a.j.r.d.JsonExporter: Creating statistics for other transactions
2026-03-12 10:08:51,300 INFO o.a.j.r.d.JsonExporter: Checking output folder
2026-03-12 10:08:51,300 INFO o.a.j.r.d.JsonExporter: Writing statistics JSON to /Users/weiyaozhou/Documents/langdong/jmeter_report_10min/statistics.json
2026-03-12 10:08:51,321 INFO o.a.j.r.d.ReportGenerator: Exporting data using exporter:'html' of className:'org.apache.jmeter.report.dashboard.HtmlTemplateExporter'
2026-03-12 10:08:51,322 INFO o.a.j.r.d.HtmlTemplateExporter: Will generate dashboard in folder: /Users/weiyaozhou/Documents/langdong/jmeter_report_10min
2026-03-12 10:08:51,373 INFO o.a.j.r.d.HtmlTemplateExporter: Report will be generated in: /Users/weiyaozhou/Documents/langdong/jmeter_report_10min, creating folder structure
2026-03-12 10:08:51,375 INFO o.a.j.r.d.TemplateVisitor: Copying folder from '/opt/homebrew/Cellar/jmeter/5.6.3/libexec/bin/report-template' to '/Users/weiyaozhou/Documents/langdong/jmeter_report_10min', got message: /Users/weiyaozhou/Documents/langdong/jmeter_report_10min, found non empty folder with following content [/Users/weiyaozhou/Documents/langdong/jmeter_report_10min/statistics.json], will be ignored
2026-03-12 10:08:51,515 INFO o.a.j.JMeter: Dashboard generated
