2026-03-12 10:20:05,940 INFO o.a.j.u.JMeterUtils: Setting Locale to en_EN
2026-03-12 10:20:05,956 INFO o.a.j.JMeter: Loading user properties from: /opt/homebrew/Cellar/jmeter/5.6.3/libexec/bin/user.properties
2026-03-12 10:20:05,957 INFO o.a.j.JMeter: Loading system properties from: /opt/homebrew/Cellar/jmeter/5.6.3/libexec/bin/system.properties
2026-03-12 10:20:05,957 INFO o.a.j.JMeter: Setting JMeter property: language=zh_CN
2026-03-12 10:20:05,957 INFO o.a.j.JMeter: Setting JMeter property: user.language=zh
2026-03-12 10:20:05,957 INFO o.a.j.JMeter: Setting JMeter property: user.region=CN
2026-03-12 10:20:05,961 INFO o.a.j.JMeter: Copyright (c) 1998-2024 The Apache Software Foundation
2026-03-12 10:20:05,961 INFO o.a.j.JMeter: Version 5.6.3
2026-03-12 10:20:05,961 INFO o.a.j.JMeter: java.version=21.0.10
2026-03-12 10:20:05,961 INFO o.a.j.JMeter: java.vm.name=OpenJDK 64-Bit Server VM
2026-03-12 10:20:05,961 INFO o.a.j.JMeter: os.name=Mac OS X
2026-03-12 10:20:05,961 INFO o.a.j.JMeter: os.arch=aarch64
2026-03-12 10:20:05,961 INFO o.a.j.JMeter: os.version=14.6.1
2026-03-12 10:20:05,961 INFO o.a.j.JMeter: file.encoding=UTF-8
2026-03-12 10:20:05,961 INFO o.a.j.JMeter: java.awt.headless=true
2026-03-12 10:20:05,961 INFO o.a.j.JMeter: Max memory     =1073741824
2026-03-12 10:20:05,961 INFO o.a.j.JMeter: Available Processors =10
2026-03-12 10:20:05,968 INFO o.a.j.JMeter: Default Locale=English (EN)
2026-03-12 10:20:05,968 INFO o.a.j.JMeter: JMeter  Locale=English (EN)
2026-03-12 10:20:05,969 INFO o.a.j.JMeter: JMeterHome=/opt/homebrew/Cellar/jmeter/5.6.3/libexec
2026-03-12 10:20:05,969 INFO o.a.j.JMeter: user.dir  =/Users/weiyaozhou/Documents/langdong
2026-03-12 10:20:05,969 INFO o.a.j.JMeter: PWD       =/Users/weiyaozhou/Documents/langdong
2026-03-12 10:20:05,970 INFO o.a.j.JMeter: IP: 127.0.0.1 Name: Mac.local FullName: localhost
2026-03-12 10:20:05,979 INFO o.a.j.JMeter: Setting property 'jmeter.reportgenerator.outputdir' to:'/Users/weiyaozhou/Documents/langdong/jmeter_report_zh'
2026-03-12 10:20:05,981 INFO o.a.j.s.FileServer: Default base='/Users/weiyaozhou/Documents/langdong'
2026-03-12 10:20:05,983 INFO o.a.j.s.FileServer: Set new base='/Users/weiyaozhou/Documents/langdong'
2026-03-12 10:20:06,087 INFO o.a.j.s.SaveService: Testplan (JMX) version: 2.2. Testlog (JTL) version: 2.2
2026-03-12 10:20:06,106 INFO o.a.j.s.SaveService: Using SaveService properties version 5.0
2026-03-12 10:20:06,107 INFO o.a.j.s.SaveService: Using SaveService properties file encoding UTF-8
2026-03-12 10:20:06,109 INFO o.a.j.s.SaveService: Loading file: /Users/weiyaozhou/Documents/langdong/test_plan_response_time.jmx
2026-03-12 10:20:06,145 INFO o.a.j.p.h.s.HTTPSamplerBase: Parser for text/html is org.apache.jmeter.protocol.http.parser.LagartoBasedHtmlParser
2026-03-12 10:20:06,146 INFO o.a.j.p.h.s.HTTPSamplerBase: Parser for application/xhtml+xml is org.apache.jmeter.protocol.http.parser.LagartoBasedHtmlParser
2026-03-12 10:20:06,146 INFO o.a.j.p.h.s.HTTPSamplerBase: Parser for application/xml is org.apache.jmeter.protocol.http.parser.LagartoBasedHtmlParser
2026-03-12 10:20:06,146 INFO o.a.j.p.h.s.HTTPSamplerBase: Parser for text/xml is org.apache.jmeter.protocol.http.parser.LagartoBasedHtmlParser
2026-03-12 10:20:06,146 INFO o.a.j.p.h.s.HTTPSamplerBase: Parser for text/vnd.wap.wml is org.apache.jmeter.protocol.http.parser.RegexpHTMLParser
2026-03-12 10:20:06,146 INFO o.a.j.p.h.s.HTTPSamplerBase: Parser for text/css is org.apache.jmeter.protocol.http.parser.CssParser
2026-03-12 10:20:06,162 INFO o.a.j.JMeter: Creating summariser <summary>
2026-03-12 10:20:06,164 INFO o.a.j.r.d.ReportGenerator: ReportGenerator will use for Parsing the separator: ','
2026-03-12 10:20:06,164 INFO o.a.j.r.d.ReportGenerator: Will generate report at end of test from  results file: /Users/weiyaozhou/Documents/langdong/jmeter_results_zh/result.jtl
2026-03-12 10:20:06,164 INFO o.a.j.r.d.ReportGenerator: Reading report generator properties from: /opt/homebrew/Cellar/jmeter/5.6.3/libexec/bin/reportgenerator.properties
2026-03-12 10:20:06,165 INFO o.a.j.r.d.ReportGenerator: Merging with JMeter properties
2026-03-12 10:20:06,167 INFO o.a.j.r.c.ReportGeneratorConfiguration: Property 'jmeter.reportgenerator.temp_dir' not found, using default value 'temp' instead.
2026-03-12 10:20:06,168 INFO o.a.j.r.c.ReportGeneratorConfiguration: Property 'jmeter.reportgenerator.apdex_per_transaction' not found, using default value 'null' instead.
2026-03-12 10:20:06,168 INFO o.a.j.r.c.ReportGeneratorConfiguration: apdex_per_transaction is empty, not APDEX per transaction customization
2026-03-12 10:20:06,168 INFO o.a.j.r.c.ReportGeneratorConfiguration: Property 'jmeter.reportgenerator.sample_filter' not found, using default value 'null' instead.
2026-03-12 10:20:06,168 INFO o.a.j.r.c.ReportGeneratorConfiguration: Property 'jmeter.reportgenerator.report_title' not found, using default value 'null' instead.
2026-03-12 10:20:06,168 INFO o.a.j.r.c.ReportGeneratorConfiguration: Property 'jmeter.reportgenerator.start_date' not found, using default value 'null' instead.
2026-03-12 10:20:06,168 INFO o.a.j.r.c.ReportGeneratorConfiguration: Property 'jmeter.reportgenerator.end_date' not found, using default value 'null' instead.
2026-03-12 10:20:06,168 INFO o.a.j.r.c.ReportGeneratorConfiguration: Property 'jmeter.reportgenerator.date_format' not found, using default value 'null' instead.
2026-03-12 10:20:06,168 INFO o.a.j.r.c.ReportGeneratorConfiguration: Will use date range start date: null, end date: null
2026-03-12 10:20:06,170 INFO o.a.j.r.c.ReportGeneratorConfiguration: Property 'jmeter.reportgenerator.graph.totalTPS.exclude_controllers' not found, using default value 'false' instead.
2026-03-12 10:20:06,170 INFO o.a.j.r.c.ReportGeneratorConfiguration: Property 'jmeter.reportgenerator.graph.activeThreadsOverTime.exclude_controllers' not found, using default value 'false' instead.
2026-03-12 10:20:06,170 INFO o.a.j.r.c.ReportGeneratorConfiguration: Property 'jmeter.reportgenerator.graph.timeVsThreads.exclude_controllers' not found, using default value 'false' instead.
2026-03-12 10:20:06,171 INFO o.a.j.r.c.ReportGeneratorConfiguration: Property 'jmeter.reportgenerator.graph.responseTimeDistribution.exclude_controllers' not found, using default value 'false' instead.
2026-03-12 10:20:06,171 INFO o.a.j.r.c.ReportGeneratorConfiguration: Property 'jmeter.reportgenerator.graph.transactionsPerSecond.exclude_controllers' not found, using default value 'false' instead.
2026-03-12 10:20:06,171 INFO o.a.j.r.c.ReportGeneratorConfiguration: Property 'jmeter.reportgenerator.graph.responseTimePercentiles.exclude_controllers' not found, using default value 'false' instead.
2026-03-12 10:20:06,171 INFO o.a.j.r.c.ReportGeneratorConfiguration: Property 'jmeter.reportgenerator.graph.responseTimePercentilesOverTime.exclude_controllers' not found, using default value 'false' instead.
2026-03-12 10:20:06,171 INFO o.a.j.r.c.ReportGeneratorConfiguration: Property 'jmeter.reportgenerator.graph.responseTimesOverTime.exclude_controllers' not found, using default value 'false' instead.
2026-03-12 10:20:06,171 INFO o.a.j.r.c.ReportGeneratorConfiguration: Property 'jmeter.reportgenerator.graph.connectTimeOverTime.exclude_controllers' not found, using default value 'false' instead.
2026-03-12 10:20:06,171 INFO o.a.j.r.c.ReportGeneratorConfiguration: Property 'jmeter.reportgenerator.graph.latenciesOverTime.exclude_controllers' not found, using default value 'false' instead.
2026-03-12 10:20:06,171 INFO o.a.j.r.c.ReportGeneratorConfiguration: Property 'jmeter.reportgenerator.exporter.json.filters_only_sample_series' not found, using default value 'true' instead.
2026-03-12 10:20:06,171 INFO o.a.j.r.c.ReportGeneratorConfiguration: Property 'jmeter.reportgenerator.exporter.json.series_filter' not found, using default value '' instead.
2026-03-12 10:20:06,171 INFO o.a.j.r.c.ReportGeneratorConfiguration: Property 'jmeter.reportgenerator.exporter.json.show_controllers_only' not found, using default value 'false' instead.
2026-03-12 10:20:06,172 INFO o.a.j.r.c.ReportGeneratorConfiguration: Property 'jmeter.reportgenerator.exporter.html.filters_only_sample_series' not found, using default value 'true' instead.
2026-03-12 10:20:06,172 INFO o.a.j.r.c.ReportGeneratorConfiguration: Property 'jmeter.reportgenerator.exporter.html.series_filter' not found, using default value '' instead.
2026-03-12 10:20:06,172 INFO o.a.j.r.c.ReportGeneratorConfiguration: Property 'jmeter.reportgenerator.exporter.html.show_controllers_only' not found, using default value 'false' instead.
2026-03-12 10:20:06,180 INFO o.a.j.e.StandardJMeterEngine: Running the test!
2026-03-12 10:20:06,180 INFO o.a.j.s.SampleEvent: List of sample_variables: []
2026-03-12 10:20:06,180 INFO o.a.j.s.SampleEvent: List of sample_variables: []
2026-03-12 10:20:06,182 INFO o.a.j.e.u.CompoundVariable: Note: Function class names must contain the string: '.functions.'
2026-03-12 10:20:06,182 INFO o.a.j.e.u.CompoundVariable: Note: Function class names must not contain the string: '.gui.'
2026-03-12 10:20:06,216 INFO o.a.j.r.ClassFinder: Will scan jar /opt/homebrew/Cellar/jmeter/5.6.3/libexec/lib/ext/jmeter-plugins-manager-1.9.jar with filter ExtendsClassFilter [parents=[interface org.apache.jmeter.functions.Function], inner=false, contains=null, notContains=null]. Consider exposing JMeter plugins via META-INF/services, and add JMeter-Skip-Class-Scanning=true manifest attribute so JMeter can skip classfile scanning
2026-03-12 10:20:06,273 INFO o.a.j.JMeter: Running test (1773282006273)
2026-03-12 10:20:06,284 INFO o.a.j.e.StandardJMeterEngine: Starting ThreadGroup: 1 : 并发响应时间测试线程组
2026-03-12 10:20:06,284 INFO o.a.j.e.StandardJMeterEngine: Starting 300 threads for group 并发响应时间测试线程组.
2026-03-12 10:20:06,284 INFO o.a.j.e.StandardJMeterEngine: Thread will continue on error
2026-03-12 10:20:06,284 INFO o.a.j.t.ThreadGroup: Starting thread group... number=1 threads=300 ramp-up=300 delayedStart=false
2026-03-12 10:20:06,288 INFO o.a.j.t.JMeterThread: Thread started: 并发响应时间测试线程组 1-1
2026-03-12 10:20:06,300 INFO o.a.j.p.h.s.HTTPHCAbstractImpl: Local host = Mac.local
2026-03-12 10:20:06,304 INFO o.a.j.p.h.s.HTTPHC4Impl: HTTP request retry count = 0
2026-03-12 10:20:06,305 INFO o.a.j.s.SampleResult: Note: Sample TimeStamps are START times
2026-03-12 10:20:06,305 INFO o.a.j.s.SampleResult: sampleresult.default.encoding is set to UTF-8
2026-03-12 10:20:06,305 INFO o.a.j.s.SampleResult: sampleresult.useNanoTime=true
2026-03-12 10:20:06,305 INFO o.a.j.s.SampleResult: sampleresult.nanoThreadSleep=5000
2026-03-12 10:20:06,329 INFO o.a.j.t.ThreadGroup: Started thread group number 1
2026-03-12 10:20:06,329 INFO o.a.j.e.StandardJMeterEngine: All thread groups have been started
2026-03-12 10:20:07,180 INFO o.a.j.t.JMeterThread: Thread is done: 并发响应时间测试线程组 1-1
2026-03-12 10:20:07,181 INFO o.a.j.t.JMeterThread: Thread finished: 并发响应时间测试线程组 1-1
2026-03-12 10:20:07,290 INFO o.a.j.t.JMeterThread: Thread started: 并发响应时间测试线程组 1-2
2026-03-12 10:20:08,100 INFO o.a.j.t.JMeterThread: Thread is done: 并发响应时间测试线程组 1-2
2026-03-12 10:20:08,100 INFO o.a.j.t.JMeterThread: Thread finished: 并发响应时间测试线程组 1-2
2026-03-12 10:20:08,289 INFO o.a.j.t.JMeterThread: Thread started: 并发响应时间测试线程组 1-3
2026-03-12 10:20:09,110 INFO o.a.j.t.JMeterThread: Thread is done: 并发响应时间测试线程组 1-3
2026-03-12 10:20:09,110 INFO o.a.j.t.JMeterThread: Thread finished: 并发响应时间测试线程组 1-3
2026-03-12 10:20:09,290 INFO o.a.j.t.JMeterThread: Thread started: 并发响应时间测试线程组 1-4
2026-03-12 10:20:10,113 INFO o.a.j.t.JMeterThread: Thread is done: 并发响应时间测试线程组 1-4
2026-03-12 10:20:10,113 INFO o.a.j.t.JMeterThread: Thread finished: 并发响应时间测试线程组 1-4
2026-03-12 10:20:10,291 INFO o.a.j.t.JMeterThread: Thread started: 并发响应时间测试线程组 1-5
2026-03-12 10:20:11,101 INFO o.a.j.t.JMeterThread: Thread is done: 并发响应时间测试线程组 1-5
2026-03-12 10:20:11,101 INFO o.a.j.t.JMeterThread: Thread finished: 并发响应时间测试线程组 1-5
2026-03-12 10:20:11,288 INFO o.a.j.t.JMeterThread: Thread started: 并发响应时间测试线程组 1-6
2026-03-12 10:20:12,091 INFO o.a.j.t.JMeterThread: Thread is done: 并发响应时间测试线程组 1-6
2026-03-12 10:20:12,091 INFO o.a.j.t.JMeterThread: Thread finished: 并发响应时间测试线程组 1-6
2026-03-12 10:20:12,290 INFO o.a.j.t.JMeterThread: Thread started: 并发响应时间测试线程组 1-7
2026-03-12 10:20:13,130 INFO o.a.j.t.JMeterThread: Thread is done: 并发响应时间测试线程组 1-7
2026-03-12 10:20:13,130 INFO o.a.j.t.JMeterThread: Thread finished: 并发响应时间测试线程组 1-7
2026-03-12 10:20:13,289 INFO o.a.j.t.JMeterThread: Thread started: 并发响应时间测试线程组 1-8
2026-03-12 10:20:14,034 INFO o.a.j.t.JMeterThread: Thread is done: 并发响应时间测试线程组 1-8
2026-03-12 10:20:14,034 INFO o.a.j.t.JMeterThread: Thread finished: 并发响应时间测试线程组 1-8
2026-03-12 10:20:14,290 INFO o.a.j.t.JMeterThread: Thread started: 并发响应时间测试线程组 1-9
2026-03-12 10:20:15,134 INFO o.a.j.t.JMeterThread: Thread is done: 并发响应时间测试线程组 1-9
2026-03-12 10:20:15,134 INFO o.a.j.t.JMeterThread: Thread finished: 并发响应时间测试线程组 1-9
2026-03-12 10:20:15,288 INFO o.a.j.t.JMeterThread: Thread started: 并发响应时间测试线程组 1-10
2026-03-12 10:20:16,190 INFO o.a.j.t.JMeterThread: Thread is done: 并发响应时间测试线程组 1-10
2026-03-12 10:20:16,190 INFO o.a.j.t.JMeterThread: Thread finished: 并发响应时间测试线程组 1-10
2026-03-12 10:20:16,290 INFO o.a.j.t.JMeterThread: Thread started: 并发响应时间测试线程组 1-11
2026-03-12 10:20:17,127 INFO o.a.j.t.JMeterThread: Thread is done: 并发响应时间测试线程组 1-11
2026-03-12 10:20:17,127 INFO o.a.j.t.JMeterThread: Thread finished: 并发响应时间测试线程组 1-11
2026-03-12 10:20:17,289 INFO o.a.j.t.JMeterThread: Thread started: 并发响应时间测试线程组 1-12
2026-03-12 10:20:18,122 INFO o.a.j.t.JMeterThread: Thread is done: 并发响应时间测试线程组 1-12
2026-03-12 10:20:18,122 INFO o.a.j.t.JMeterThread: Thread finished: 并发响应时间测试线程组 1-12
2026-03-12 10:20:18,289 INFO o.a.j.t.JMeterThread: Thread started: 并发响应时间测试线程组 1-13
2026-03-12 10:20:19,198 INFO o.a.j.t.JMeterThread: Thread is done: 并发响应时间测试线程组 1-13
2026-03-12 10:20:19,198 INFO o.a.j.t.JMeterThread: Thread finished: 并发响应时间测试线程组 1-13
2026-03-12 10:20:19,290 INFO o.a.j.t.JMeterThread: Thread started: 并发响应时间测试线程组 1-14
2026-03-12 10:20:20,171 INFO o.a.j.t.JMeterThread: Thread is done: 并发响应时间测试线程组 1-14
2026-03-12 10:20:20,171 INFO o.a.j.t.JMeterThread: Thread finished: 并发响应时间测试线程组 1-14
2026-03-12 10:20:20,289 INFO o.a.j.t.JMeterThread: Thread started: 并发响应时间测试线程组 1-15
2026-03-12 10:20:21,070 INFO o.a.j.t.JMeterThread: Thread is done: 并发响应时间测试线程组 1-15
2026-03-12 10:20:21,070 INFO o.a.j.t.JMeterThread: Thread finished: 并发响应时间测试线程组 1-15
2026-03-12 10:20:21,290 INFO o.a.j.t.JMeterThread: Thread started: 并发响应时间测试线程组 1-16
2026-03-12 10:20:22,189 INFO o.a.j.t.JMeterThread: Thread is done: 并发响应时间测试线程组 1-16
2026-03-12 10:20:22,190 INFO o.a.j.t.JMeterThread: Thread finished: 并发响应时间测试线程组 1-16
2026-03-12 10:20:22,291 INFO o.a.j.t.JMeterThread: Thread started: 并发响应时间测试线程组 1-17
2026-03-12 10:20:23,079 INFO o.a.j.t.JMeterThread: Thread is done: 并发响应时间测试线程组 1-17
2026-03-12 10:20:23,080 INFO o.a.j.t.JMeterThread: Thread finished: 并发响应时间测试线程组 1-17
2026-03-12 10:20:23,289 INFO o.a.j.t.JMeterThread: Thread started: 并发响应时间测试线程组 1-18
2026-03-12 10:20:24,137 INFO o.a.j.t.JMeterThread: Thread is done: 并发响应时间测试线程组 1-18
2026-03-12 10:20:24,138 INFO o.a.j.t.JMeterThread: Thread finished: 并发响应时间测试线程组 1-18
2026-03-12 10:20:24,288 INFO o.a.j.t.JMeterThread: Thread started: 并发响应时间测试线程组 1-19
2026-03-12 10:20:25,069 INFO o.a.j.t.JMeterThread: Thread is done: 并发响应时间测试线程组 1-19
2026-03-12 10:20:25,069 INFO o.a.j.t.JMeterThread: Thread finished: 并发响应时间测试线程组 1-19
2026-03-12 10:20:25,288 INFO o.a.j.t.JMeterThread: Thread started: 并发响应时间测试线程组 1-20
2026-03-12 10:20:26,051 INFO o.a.j.t.JMeterThread: Thread is done: 并发响应时间测试线程组 1-20
2026-03-12 10:20:26,052 INFO o.a.j.t.JMeterThread: Thread finished: 并发响应时间测试线程组 1-20
2026-03-12 10:20:26,289 INFO o.a.j.t.JMeterThread: Thread started: 并发响应时间测试线程组 1-21
2026-03-12 10:20:27,083 INFO o.a.j.t.JMeterThread: Thread is done: 并发响应时间测试线程组 1-21
2026-03-12 10:20:27,083 INFO o.a.j.t.JMeterThread: Thread finished: 并发响应时间测试线程组 1-21
2026-03-12 10:20:27,290 INFO o.a.j.t.JMeterThread: Thread started: 并发响应时间测试线程组 1-22
2026-03-12 10:20:28,071 INFO o.a.j.t.JMeterThread: Thread is done: 并发响应时间测试线程组 1-22
2026-03-12 10:20:28,071 INFO o.a.j.t.JMeterThread: Thread finished: 并发响应时间测试线程组 1-22
2026-03-12 10:20:28,292 INFO o.a.j.t.JMeterThread: Thread started: 并发响应时间测试线程组 1-23
2026-03-12 10:20:29,090 INFO o.a.j.t.JMeterThread: Thread is done: 并发响应时间测试线程组 1-23
2026-03-12 10:20:29,090 INFO o.a.j.t.JMeterThread: Thread finished: 并发响应时间测试线程组 1-23
2026-03-12 10:20:29,285 INFO o.a.j.t.JMeterThread: Thread started: 并发响应时间测试线程组 1-24
2026-03-12 10:20:30,007 INFO o.a.j.r.Summariser: summary +   2436 in 00:00:24 =  102.6/s Avg:     7 Min:     4 Max:    36 Err:     0 (0.00%) Active: 1 Started: 24 Finished: 23
2026-03-12 10:20:30,086 INFO o.a.j.t.JMeterThread: Thread is done: 并发响应时间测试线程组 1-24
2026-03-12 10:20:30,086 INFO o.a.j.t.JMeterThread: Thread finished: 并发响应时间测试线程组 1-24
2026-03-12 10:20:30,288 INFO o.a.j.t.JMeterThread: Thread started: 并发响应时间测试线程组 1-25
2026-03-12 10:20:31,050 INFO o.a.j.t.JMeterThread: Thread is done: 并发响应时间测试线程组 1-25
2026-03-12 10:20:31,050 INFO o.a.j.t.JMeterThread: Thread finished: 并发响应时间测试线程组 1-25
2026-03-12 10:20:31,291 INFO o.a.j.t.JMeterThread: Thread started: 并发响应时间测试线程组 1-26
2026-03-12 10:20:32,048 INFO o.a.j.t.JMeterThread: Thread is done: 并发响应时间测试线程组 1-26
2026-03-12 10:20:32,048 INFO o.a.j.t.JMeterThread: Thread finished: 并发响应时间测试线程组 1-26
2026-03-12 10:20:32,291 INFO o.a.j.t.JMeterThread: Thread started: 并发响应时间测试线程组 1-27
2026-03-12 10:20:33,018 INFO o.a.j.t.JMeterThread: Thread is done: 并发响应时间测试线程组 1-27
2026-03-12 10:20:33,018 INFO o.a.j.t.JMeterThread: Thread finished: 并发响应时间测试线程组 1-27
2026-03-12 10:20:33,290 INFO o.a.j.t.JMeterThread: Thread started: 并发响应时间测试线程组 1-28
2026-03-12 10:20:34,061 INFO o.a.j.t.JMeterThread: Thread is done: 并发响应时间测试线程组 1-28
2026-03-12 10:20:34,061 INFO o.a.j.t.JMeterThread: Thread finished: 并发响应时间测试线程组 1-28
2026-03-12 10:20:34,289 INFO o.a.j.t.JMeterThread: Thread started: 并发响应时间测试线程组 1-29
2026-03-12 10:20:35,184 INFO o.a.j.t.JMeterThread: Thread is done: 并发响应时间测试线程组 1-29
2026-03-12 10:20:35,184 INFO o.a.j.t.JMeterThread: Thread finished: 并发响应时间测试线程组 1-29
2026-03-12 10:20:35,290 INFO o.a.j.t.JMeterThread: Thread started: 并发响应时间测试线程组 1-30
2026-03-12 10:20:36,124 INFO o.a.j.t.JMeterThread: Thread is done: 并发响应时间测试线程组 1-30
2026-03-12 10:20:36,124 INFO o.a.j.t.JMeterThread: Thread finished: 并发响应时间测试线程组 1-30
2026-03-12 10:20:36,290 INFO o.a.j.t.JMeterThread: Thread started: 并发响应时间测试线程组 1-31
2026-03-12 10:20:37,035 INFO o.a.j.t.JMeterThread: Thread is done: 并发响应时间测试线程组 1-31
2026-03-12 10:20:37,035 INFO o.a.j.t.JMeterThread: Thread finished: 并发响应时间测试线程组 1-31
2026-03-12 10:20:37,289 INFO o.a.j.t.JMeterThread: Thread started: 并发响应时间测试线程组 1-32
2026-03-12 10:20:38,030 INFO o.a.j.t.JMeterThread: Thread is done: 并发响应时间测试线程组 1-32
2026-03-12 10:20:38,030 INFO o.a.j.t.JMeterThread: Thread finished: 并发响应时间测试线程组 1-32
2026-03-12 10:20:38,288 INFO o.a.j.t.JMeterThread: Thread started: 并发响应时间测试线程组 1-33
2026-03-12 10:20:39,015 INFO o.a.j.t.JMeterThread: Thread is done: 并发响应时间测试线程组 1-33
2026-03-12 10:20:39,015 INFO o.a.j.t.JMeterThread: Thread finished: 并发响应时间测试线程组 1-33
2026-03-12 10:20:39,289 INFO o.a.j.t.JMeterThread: Thread started: 并发响应时间测试线程组 1-34
2026-03-12 10:20:40,065 INFO o.a.j.t.JMeterThread: Thread is done: 并发响应时间测试线程组 1-34
2026-03-12 10:20:40,065 INFO o.a.j.t.JMeterThread: Thread finished: 并发响应时间测试线程组 1-34
2026-03-12 10:20:40,290 INFO o.a.j.t.JMeterThread: Thread started: 并发响应时间测试线程组 1-35
2026-03-12 10:20:41,084 INFO o.a.j.t.JMeterThread: Thread is done: 并发响应时间测试线程组 1-35
2026-03-12 10:20:41,085 INFO o.a.j.t.JMeterThread: Thread finished: 并发响应时间测试线程组 1-35
2026-03-12 10:20:41,289 INFO o.a.j.t.JMeterThread: Thread started: 并发响应时间测试线程组 1-36
2026-03-12 10:20:42,107 INFO o.a.j.t.JMeterThread: Thread is done: 并发响应时间测试线程组 1-36
2026-03-12 10:20:42,107 INFO o.a.j.t.JMeterThread: Thread finished: 并发响应时间测试线程组 1-36
2026-03-12 10:20:42,289 INFO o.a.j.t.JMeterThread: Thread started: 并发响应时间测试线程组 1-37
2026-03-12 10:20:43,037 INFO o.a.j.t.JMeterThread: Thread is done: 并发响应时间测试线程组 1-37
2026-03-12 10:20:43,037 INFO o.a.j.t.JMeterThread: Thread finished: 并发响应时间测试线程组 1-37
2026-03-12 10:20:43,291 INFO o.a.j.t.JMeterThread: Thread started: 并发响应时间测试线程组 1-38
2026-03-12 10:20:44,098 INFO o.a.j.t.JMeterThread: Thread is done: 并发响应时间测试线程组 1-38
2026-03-12 10:20:44,099 INFO o.a.j.t.JMeterThread: Thread finished: 并发响应时间测试线程组 1-38
2026-03-12 10:20:44,285 INFO o.a.j.t.JMeterThread: Thread started: 并发响应时间测试线程组 1-39
2026-03-12 10:20:45,100 INFO o.a.j.t.JMeterThread: Thread is done: 并发响应时间测试线程组 1-39
2026-03-12 10:20:45,100 INFO o.a.j.t.JMeterThread: Thread finished: 并发响应时间测试线程组 1-39
2026-03-12 10:20:45,289 INFO o.a.j.t.JMeterThread: Thread started: 并发响应时间测试线程组 1-40
2026-03-12 10:20:46,150 INFO o.a.j.t.JMeterThread: Thread is done: 并发响应时间测试线程组 1-40
2026-03-12 10:20:46,150 INFO o.a.j.t.JMeterThread: Thread finished: 并发响应时间测试线程组 1-40
2026-03-12 10:20:46,289 INFO o.a.j.t.JMeterThread: Thread started: 并发响应时间测试线程组 1-41
2026-03-12 10:20:47,162 INFO o.a.j.t.JMeterThread: Thread is done: 并发响应时间测试线程组 1-41
2026-03-12 10:20:47,162 INFO o.a.j.t.JMeterThread: Thread finished: 并发响应时间测试线程组 1-41
2026-03-12 10:20:47,285 INFO o.a.j.t.JMeterThread: Thread started: 并发响应时间测试线程组 1-42
2026-03-12 10:20:48,067 INFO o.a.j.t.JMeterThread: Thread is done: 并发响应时间测试线程组 1-42
2026-03-12 10:20:48,067 INFO o.a.j.t.JMeterThread: Thread finished: 并发响应时间测试线程组 1-42
2026-03-12 10:20:48,290 INFO o.a.j.t.JMeterThread: Thread started: 并发响应时间测试线程组 1-43
2026-03-12 10:20:49,150 INFO o.a.j.t.JMeterThread: Thread is done: 并发响应时间测试线程组 1-43
2026-03-12 10:20:49,150 INFO o.a.j.t.JMeterThread: Thread finished: 并发响应时间测试线程组 1-43
2026-03-12 10:20:49,289 INFO o.a.j.t.JMeterThread: Thread started: 并发响应时间测试线程组 1-44
2026-03-12 10:20:50,073 INFO o.a.j.t.JMeterThread: Thread is done: 并发响应时间测试线程组 1-44
2026-03-12 10:20:50,073 INFO o.a.j.t.JMeterThread: Thread finished: 并发响应时间测试线程组 1-44
2026-03-12 10:20:50,290 INFO o.a.j.t.JMeterThread: Thread started: 并发响应时间测试线程组 1-45
2026-03-12 10:20:51,216 INFO o.a.j.t.JMeterThread: Thread is done: 并发响应时间测试线程组 1-45
2026-03-12 10:20:51,216 INFO o.a.j.t.JMeterThread: Thread finished: 并发响应时间测试线程组 1-45
2026-03-12 10:20:51,290 INFO o.a.j.t.JMeterThread: Thread started: 并发响应时间测试线程组 1-46
2026-03-12 10:20:52,016 INFO o.a.j.t.JMeterThread: Thread is done: 并发响应时间测试线程组 1-46
2026-03-12 10:20:52,016 INFO o.a.j.t.JMeterThread: Thread finished: 并发响应时间测试线程组 1-46
2026-03-12 10:20:52,291 INFO o.a.j.t.JMeterThread: Thread started: 并发响应时间测试线程组 1-47
2026-03-12 10:20:53,084 INFO o.a.j.t.JMeterThread: Thread is done: 并发响应时间测试线程组 1-47
2026-03-12 10:20:53,084 INFO o.a.j.t.JMeterThread: Thread finished: 并发响应时间测试线程组 1-47
2026-03-12 10:20:53,289 INFO o.a.j.t.JMeterThread: Thread started: 并发响应时间测试线程组 1-48
2026-03-12 10:20:54,199 INFO o.a.j.t.JMeterThread: Thread is done: 并发响应时间测试线程组 1-48
2026-03-12 10:20:54,199 INFO o.a.j.t.JMeterThread: Thread finished: 并发响应时间测试线程组 1-48
2026-03-12 10:20:54,289 INFO o.a.j.t.JMeterThread: Thread started: 并发响应时间测试线程组 1-49
2026-03-12 10:20:55,042 INFO o.a.j.t.JMeterThread: Thread is done: 并发响应时间测试线程组 1-49
2026-03-12 10:20:55,042 INFO o.a.j.t.JMeterThread: Thread finished: 并发响应时间测试线程组 1-49
2026-03-12 10:20:55,290 INFO o.a.j.t.JMeterThread: Thread started: 并发响应时间测试线程组 1-50
2026-03-12 10:20:56,053 INFO o.a.j.t.JMeterThread: Thread is done: 并发响应时间测试线程组 1-50
2026-03-12 10:20:56,053 INFO o.a.j.t.JMeterThread: Thread finished: 并发响应时间测试线程组 1-50
2026-03-12 10:20:56,291 INFO o.a.j.t.JMeterThread: Thread started: 并发响应时间测试线程组 1-51
2026-03-12 10:20:57,082 INFO o.a.j.t.JMeterThread: Thread is done: 并发响应时间测试线程组 1-51
2026-03-12 10:20:57,082 INFO o.a.j.t.JMeterThread: Thread finished: 并发响应时间测试线程组 1-51
2026-03-12 10:20:57,289 INFO o.a.j.t.JMeterThread: Thread started: 并发响应时间测试线程组 1-52
2026-03-12 10:20:58,033 INFO o.a.j.t.JMeterThread: Thread is done: 并发响应时间测试线程组 1-52
2026-03-12 10:20:58,033 INFO o.a.j.t.JMeterThread: Thread finished: 并发响应时间测试线程组 1-52
2026-03-12 10:20:58,291 INFO o.a.j.t.JMeterThread: Thread started: 并发响应时间测试线程组 1-53
2026-03-12 10:20:59,174 INFO o.a.j.t.JMeterThread: Thread is done: 并发响应时间测试线程组 1-53
2026-03-12 10:20:59,174 INFO o.a.j.t.JMeterThread: Thread finished: 并发响应时间测试线程组 1-53
2026-03-12 10:20:59,289 INFO o.a.j.t.JMeterThread: Thread started: 并发响应时间测试线程组 1-54
2026-03-12 10:21:00,001 INFO o.a.j.r.Summariser: summary +   3066 in 00:00:30 =  102.2/s Avg:     7 Min:     4 Max:    30 Err:     0 (0.00%) Active: 1 Started: 54 Finished: 53
2026-03-12 10:21:00,001 INFO o.a.j.r.Summariser: summary =   5502 in 00:00:54 =  102.4/s Avg:     7 Min:     4 Max:    36 Err:     0 (0.00%)
2026-03-12 10:21:00,041 INFO o.a.j.t.JMeterThread: Thread is done: 并发响应时间测试线程组 1-54
2026-03-12 10:21:00,041 INFO o.a.j.t.JMeterThread: Thread finished: 并发响应时间测试线程组 1-54
2026-03-12 10:21:00,289 INFO o.a.j.t.JMeterThread: Thread started: 并发响应时间测试线程组 1-55
2026-03-12 10:21:01,082 INFO o.a.j.t.JMeterThread: Thread is done: 并发响应时间测试线程组 1-55
2026-03-12 10:21:01,082 INFO o.a.j.t.JMeterThread: Thread finished: 并发响应时间测试线程组 1-55
2026-03-12 10:21:01,285 INFO o.a.j.t.JMeterThread: Thread started: 并发响应时间测试线程组 1-56
2026-03-12 10:21:02,073 INFO o.a.j.t.JMeterThread: Thread is done: 并发响应时间测试线程组 1-56
2026-03-12 10:21:02,073 INFO o.a.j.t.JMeterThread: Thread finished: 并发响应时间测试线程组 1-56
2026-03-12 10:21:02,290 INFO o.a.j.t.JMeterThread: Thread started: 并发响应时间测试线程组 1-57
2026-03-12 10:21:03,097 INFO o.a.j.t.JMeterThread: Thread is done: 并发响应时间测试线程组 1-57
2026-03-12 10:21:03,097 INFO o.a.j.t.JMeterThread: Thread finished: 并发响应时间测试线程组 1-57
2026-03-12 10:21:03,289 INFO o.a.j.t.JMeterThread: Thread started: 并发响应时间测试线程组 1-58
2026-03-12 10:21:04,080 INFO o.a.j.t.JMeterThread: Thread is done: 并发响应时间测试线程组 1-58
2026-03-12 10:21:04,080 INFO o.a.j.t.JMeterThread: Thread finished: 并发响应时间测试线程组 1-58
2026-03-12 10:21:04,291 INFO o.a.j.t.JMeterThread: Thread started: 并发响应时间测试线程组 1-59
2026-03-12 10:21:05,086 INFO o.a.j.t.JMeterThread: Thread is done: 并发响应时间测试线程组 1-59
2026-03-12 10:21:05,086 INFO o.a.j.t.JMeterThread: Thread finished: 并发响应时间测试线程组 1-59
2026-03-12 10:21:05,290 INFO o.a.j.t.JMeterThread: Thread started: 并发响应时间测试线程组 1-60
2026-03-12 10:21:06,110 INFO o.a.j.t.JMeterThread: Thread is done: 并发响应时间测试线程组 1-60
2026-03-12 10:21:06,110 INFO o.a.j.t.JMeterThread: Thread finished: 并发响应时间测试线程组 1-60
2026-03-12 10:21:06,288 INFO o.a.j.t.JMeterThread: Thread started: 并发响应时间测试线程组 1-61
2026-03-12 10:21:07,193 INFO o.a.j.t.JMeterThread: Thread is done: 并发响应时间测试线程组 1-61
2026-03-12 10:21:07,193 INFO o.a.j.t.JMeterThread: Thread finished: 并发响应时间测试线程组 1-61
2026-03-12 10:21:07,289 INFO o.a.j.t.JMeterThread: Thread started: 并发响应时间测试线程组 1-62
2026-03-12 10:21:08,081 INFO o.a.j.t.JMeterThread: Thread is done: 并发响应时间测试线程组 1-62
2026-03-12 10:21:08,081 INFO o.a.j.t.JMeterThread: Thread finished: 并发响应时间测试线程组 1-62
2026-03-12 10:21:08,289 INFO o.a.j.t.JMeterThread: Thread started: 并发响应时间测试线程组 1-63
2026-03-12 10:21:09,223 INFO o.a.j.t.JMeterThread: Thread is done: 并发响应时间测试线程组 1-63
2026-03-12 10:21:09,224 INFO o.a.j.t.JMeterThread: Thread finished: 并发响应时间测试线程组 1-63
2026-03-12 10:21:09,287 INFO o.a.j.t.JMeterThread: Thread started: 并发响应时间测试线程组 1-64
2026-03-12 10:21:10,092 INFO o.a.j.t.JMeterThread: Thread is done: 并发响应时间测试线程组 1-64
2026-03-12 10:21:10,092 INFO o.a.j.t.JMeterThread: Thread finished: 并发响应时间测试线程组 1-64
2026-03-12 10:21:10,289 INFO o.a.j.t.JMeterThread: Thread started: 并发响应时间测试线程组 1-65
2026-03-12 10:21:11,092 INFO o.a.j.t.JMeterThread: Thread is done: 并发响应时间测试线程组 1-65
2026-03-12 10:21:11,092 INFO o.a.j.t.JMeterThread: Thread finished: 并发响应时间测试线程组 1-65
2026-03-12 10:21:11,289 INFO o.a.j.t.JMeterThread: Thread started: 并发响应时间测试线程组 1-66
2026-03-12 10:21:12,072 INFO o.a.j.t.JMeterThread: Thread is done: 并发响应时间测试线程组 1-66
2026-03-12 10:21:12,072 INFO o.a.j.t.JMeterThread: Thread finished: 并发响应时间测试线程组 1-66
2026-03-12 10:21:12,290 INFO o.a.j.t.JMeterThread: Thread started: 并发响应时间测试线程组 1-67
2026-03-12 10:21:13,080 INFO o.a.j.t.JMeterThread: Thread is done: 并发响应时间测试线程组 1-67
2026-03-12 10:21:13,080 INFO o.a.j.t.JMeterThread: Thread finished: 并发响应时间测试线程组 1-67
2026-03-12 10:21:13,290 INFO o.a.j.t.JMeterThread: Thread started: 并发响应时间测试线程组 1-68
2026-03-12 10:21:14,187 INFO o.a.j.t.JMeterThread: Thread is done: 并发响应时间测试线程组 1-68
2026-03-12 10:21:14,187 INFO o.a.j.t.JMeterThread: Thread finished: 并发响应时间测试线程组 1-68
2026-03-12 10:21:14,289 INFO o.a.j.t.JMeterThread: Thread started: 并发响应时间测试线程组 1-69
2026-03-12 10:21:15,105 INFO o.a.j.t.JMeterThread: Thread is done: 并发响应时间测试线程组 1-69
2026-03-12 10:21:15,105 INFO o.a.j.t.JMeterThread: Thread finished: 并发响应时间测试线程组 1-69
2026-03-12 10:21:15,289 INFO o.a.j.t.JMeterThread: Thread started: 并发响应时间测试线程组 1-70
2026-03-12 10:21:16,137 INFO o.a.j.t.JMeterThread: Thread is done: 并发响应时间测试线程组 1-70
2026-03-12 10:21:16,137 INFO o.a.j.t.JMeterThread: Thread finished: 并发响应时间测试线程组 1-70
2026-03-12 10:21:16,290 INFO o.a.j.t.JMeterThread: Thread started: 并发响应时间测试线程组 1-71
2026-03-12 10:21:17,145 INFO o.a.j.t.JMeterThread: Thread is done: 并发响应时间测试线程组 1-71
2026-03-12 10:21:17,145 INFO o.a.j.t.JMeterThread: Thread finished: 并发响应时间测试线程组 1-71
2026-03-12 10:21:17,290 INFO o.a.j.t.JMeterThread: Thread started: 并发响应时间测试线程组 1-72
2026-03-12 10:21:18,153 INFO o.a.j.t.JMeterThread: Thread is done: 并发响应时间测试线程组 1-72
2026-03-12 10:21:18,153 INFO o.a.j.t.JMeterThread: Thread finished: 并发响应时间测试线程组 1-72
2026-03-12 10:21:18,288 INFO o.a.j.t.JMeterThread: Thread started: 并发响应时间测试线程组 1-73
2026-03-12 10:21:19,150 INFO o.a.j.t.JMeterThread: Thread is done: 并发响应时间测试线程组 1-73
2026-03-12 10:21:19,150 INFO o.a.j.t.JMeterThread: Thread finished: 并发响应时间测试线程组 1-73
2026-03-12 10:21:19,289 INFO o.a.j.t.JMeterThread: Thread started: 并发响应时间测试线程组 1-74
2026-03-12 10:21:20,090 INFO o.a.j.t.JMeterThread: Thread is done: 并发响应时间测试线程组 1-74
2026-03-12 10:21:20,090 INFO o.a.j.t.JMeterThread: Thread finished: 并发响应时间测试线程组 1-74
2026-03-12 10:21:20,287 INFO o.a.j.t.JMeterThread: Thread started: 并发响应时间测试线程组 1-75
2026-03-12 10:21:21,020 INFO o.a.j.t.JMeterThread: Thread is done: 并发响应时间测试线程组 1-75
2026-03-12 10:21:21,020 INFO o.a.j.t.JMeterThread: Thread finished: 并发响应时间测试线程组 1-75
2026-03-12 10:21:21,292 INFO o.a.j.t.JMeterThread: Thread started: 并发响应时间测试线程组 1-76
2026-03-12 10:21:22,065 INFO o.a.j.t.JMeterThread: Thread is done: 并发响应时间测试线程组 1-76
2026-03-12 10:21:22,065 INFO o.a.j.t.JMeterThread: Thread finished: 并发响应时间测试线程组 1-76
2026-03-12 10:21:22,292 INFO o.a.j.t.JMeterThread: Thread started: 并发响应时间测试线程组 1-77
2026-03-12 10:21:23,050 INFO o.a.j.t.JMeterThread: Thread is done: 并发响应时间测试线程组 1-77
2026-03-12 10:21:23,050 INFO o.a.j.t.JMeterThread: Thread finished: 并发响应时间测试线程组 1-77
2026-03-12 10:21:23,292 INFO o.a.j.t.JMeterThread: Thread started: 并发响应时间测试线程组 1-78
2026-03-12 10:21:24,121 INFO o.a.j.t.JMeterThread: Thread is done: 并发响应时间测试线程组 1-78
2026-03-12 10:21:24,121 INFO o.a.j.t.JMeterThread: Thread finished: 并发响应时间测试线程组 1-78
2026-03-12 10:21:24,289 INFO o.a.j.t.JMeterThread: Thread started: 并发响应时间测试线程组 1-79
2026-03-12 10:21:25,074 INFO o.a.j.t.JMeterThread: Thread is done: 并发响应时间测试线程组 1-79
2026-03-12 10:21:25,074 INFO o.a.j.t.JMeterThread: Thread finished: 并发响应时间测试线程组 1-79
2026-03-12 10:21:25,289 INFO o.a.j.t.JMeterThread: Thread started: 并发响应时间测试线程组 1-80
2026-03-12 10:21:26,087 INFO o.a.j.t.JMeterThread: Thread is done: 并发响应时间测试线程组 1-80
2026-03-12 10:21:26,087 INFO o.a.j.t.JMeterThread: Thread finished: 并发响应时间测试线程组 1-80
2026-03-12 10:21:26,294 INFO o.a.j.t.JMeterThread: Thread started: 并发响应时间测试线程组 1-81
2026-03-12 10:21:27,083 INFO o.a.j.t.JMeterThread: Thread is done: 并发响应时间测试线程组 1-81
2026-03-12 10:21:27,083 INFO o.a.j.t.JMeterThread: Thread finished: 并发响应时间测试线程组 1-81
2026-03-12 10:21:27,289 INFO o.a.j.t.JMeterThread: Thread started: 并发响应时间测试线程组 1-82
2026-03-12 10:21:28,025 INFO o.a.j.t.JMeterThread: Thread is done: 并发响应时间测试线程组 1-82
2026-03-12 10:21:28,026 INFO o.a.j.t.JMeterThread: Thread finished: 并发响应时间测试线程组 1-82
2026-03-12 10:21:28,291 INFO o.a.j.t.JMeterThread: Thread started: 并发响应时间测试线程组 1-83
2026-03-12 10:21:29,125 INFO o.a.j.t.JMeterThread: Thread is done: 并发响应时间测试线程组 1-83
2026-03-12 10:21:29,125 INFO o.a.j.t.JMeterThread: Thread finished: 并发响应时间测试线程组 1-83
2026-03-12 10:21:29,289 INFO o.a.j.t.JMeterThread: Thread started: 并发响应时间测试线程组 1-84
2026-03-12 10:21:30,007 INFO o.a.j.r.Summariser: summary +   3056 in 00:00:30 =  101.8/s Avg:     7 Min:     4 Max:    37 Err:     0 (0.00%) Active: 1 Started: 84 Finished: 83
2026-03-12 10:21:30,007 INFO o.a.j.r.Summariser: summary =   8558 in 00:01:24 =  102.2/s Avg:     7 Min:     4 Max:    37 Err:     0 (0.00%)
2026-03-12 10:21:30,068 INFO o.a.j.t.JMeterThread: Thread is done: 并发响应时间测试线程组 1-84
2026-03-12 10:21:30,068 INFO o.a.j.t.JMeterThread: Thread finished: 并发响应时间测试线程组 1-84
2026-03-12 10:21:30,289 INFO o.a.j.t.JMeterThread: Thread started: 并发响应时间测试线程组 1-85
2026-03-12 10:21:31,046 INFO o.a.j.t.JMeterThread: Thread is done: 并发响应时间测试线程组 1-85
2026-03-12 10:21:31,046 INFO o.a.j.t.JMeterThread: Thread finished: 并发响应时间测试线程组 1-85
2026-03-12 10:21:31,291 INFO o.a.j.t.JMeterThread: Thread started: 并发响应时间测试线程组 1-86
2026-03-12 10:21:32,094 INFO o.a.j.t.JMeterThread: Thread is done: 并发响应时间测试线程组 1-86
2026-03-12 10:21:32,094 INFO o.a.j.t.JMeterThread: Thread finished: 并发响应时间测试线程组 1-86
2026-03-12 10:21:32,291 INFO o.a.j.t.JMeterThread: Thread started: 并发响应时间测试线程组 1-87
2026-03-12 10:21:33,052 INFO o.a.j.t.JMeterThread: Thread is done: 并发响应时间测试线程组 1-87
2026-03-12 10:21:33,052 INFO o.a.j.t.JMeterThread: Thread finished: 并发响应时间测试线程组 1-87
2026-03-12 10:21:33,292 INFO o.a.j.t.JMeterThread: Thread started: 并发响应时间测试线程组 1-88
2026-03-12 10:21:34,036 INFO o.a.j.t.JMeterThread: Thread is done: 并发响应时间测试线程组 1-88
2026-03-12 10:21:34,036 INFO o.a.j.t.JMeterThread: Thread finished: 并发响应时间测试线程组 1-88
2026-03-12 10:21:34,291 INFO o.a.j.t.JMeterThread: Thread started: 并发响应时间测试线程组 1-89
2026-03-12 10:21:35,091 INFO o.a.j.t.JMeterThread: Thread is done: 并发响应时间测试线程组 1-89
2026-03-12 10:21:35,091 INFO o.a.j.t.JMeterThread: Thread finished: 并发响应时间测试线程组 1-89
2026-03-12 10:21:35,291 INFO o.a.j.t.JMeterThread: Thread started: 并发响应时间测试线程组 1-90
2026-03-12 10:21:36,105 INFO o.a.j.t.JMeterThread: Thread is done: 并发响应时间测试线程组 1-90
2026-03-12 10:21:36,105 INFO o.a.j.t.JMeterThread: Thread finished: 并发响应时间测试线程组 1-90
2026-03-12 10:21:36,289 INFO o.a.j.t.JMeterThread: Thread started: 并发响应时间测试线程组 1-91
2026-03-12 10:21:37,091 INFO o.a.j.t.JMeterThread: Thread is done: 并发响应时间测试线程组 1-91
2026-03-12 10:21:37,092 INFO o.a.j.t.JMeterThread: Thread finished: 并发响应时间测试线程组 1-91
2026-03-12 10:21:37,289 INFO o.a.j.t.JMeterThread: Thread started: 并发响应时间测试线程组 1-92
2026-03-12 10:21:38,014 INFO o.a.j.t.JMeterThread: Thread is done: 并发响应时间测试线程组 1-92
2026-03-12 10:21:38,014 INFO o.a.j.t.JMeterThread: Thread finished: 并发响应时间测试线程组 1-92
2026-03-12 10:21:38,289 INFO o.a.j.t.JMeterThread: Thread started: 并发响应时间测试线程组 1-93
2026-03-12 10:21:39,074 INFO o.a.j.t.JMeterThread: Thread is done: 并发响应时间测试线程组 1-93
2026-03-12 10:21:39,074 INFO o.a.j.t.JMeterThread: Thread finished: 并发响应时间测试线程组 1-93
2026-03-12 10:21:39,292 INFO o.a.j.t.JMeterThread: Thread started: 并发响应时间测试线程组 1-94
2026-03-12 10:21:40,171 INFO o.a.j.t.JMeterThread: Thread is done: 并发响应时间测试线程组 1-94
2026-03-12 10:21:40,171 INFO o.a.j.t.JMeterThread: Thread finished: 并发响应时间测试线程组 1-94
2026-03-12 10:21:40,288 INFO o.a.j.t.JMeterThread: Thread started: 并发响应时间测试线程组 1-95
2026-03-12 10:21:41,152 INFO o.a.j.t.JMeterThread: Thread is done: 并发响应时间测试线程组 1-95
2026-03-12 10:21:41,153 INFO o.a.j.t.JMeterThread: Thread finished: 并发响应时间测试线程组 1-95
2026-03-12 10:21:41,289 INFO o.a.j.t.JMeterThread: Thread started: 并发响应时间测试线程组 1-96
2026-03-12 10:21:42,044 INFO o.a.j.t.JMeterThread: Thread is done: 并发响应时间测试线程组 1-96
2026-03-12 10:21:42,044 INFO o.a.j.t.JMeterThread: Thread finished: 并发响应时间测试线程组 1-96
2026-03-12 10:21:42,289 INFO o.a.j.t.JMeterThread: Thread started: 并发响应时间测试线程组 1-97
2026-03-12 10:21:43,076 INFO o.a.j.t.JMeterThread: Thread is done: 并发响应时间测试线程组 1-97
2026-03-12 10:21:43,076 INFO o.a.j.t.JMeterThread: Thread finished: 并发响应时间测试线程组 1-97
2026-03-12 10:21:43,289 INFO o.a.j.t.JMeterThread: Thread started: 并发响应时间测试线程组 1-98
2026-03-12 10:21:44,030 INFO o.a.j.t.JMeterThread: Thread is done: 并发响应时间测试线程组 1-98
2026-03-12 10:21:44,030 INFO o.a.j.t.JMeterThread: Thread finished: 并发响应时间测试线程组 1-98
2026-03-12 10:21:44,292 INFO o.a.j.t.JMeterThread: Thread started: 并发响应时间测试线程组 1-99
2026-03-12 10:21:45,147 INFO o.a.j.t.JMeterThread: Thread is done: 并发响应时间测试线程组 1-99
2026-03-12 10:21:45,148 INFO o.a.j.t.JMeterThread: Thread finished: 并发响应时间测试线程组 1-99
2026-03-12 10:21:45,290 INFO o.a.j.t.JMeterThread: Thread started: 并发响应时间测试线程组 1-100
2026-03-12 10:21:46,080 INFO o.a.j.t.JMeterThread: Thread is done: 并发响应时间测试线程组 1-100
2026-03-12 10:21:46,080 INFO o.a.j.t.JMeterThread: Thread finished: 并发响应时间测试线程组 1-100
2026-03-12 10:21:46,289 INFO o.a.j.t.JMeterThread: Thread started: 并发响应时间测试线程组 1-101
2026-03-12 10:21:47,039 INFO o.a.j.t.JMeterThread: Thread is done: 并发响应时间测试线程组 1-101
2026-03-12 10:21:47,039 INFO o.a.j.t.JMeterThread: Thread finished: 并发响应时间测试线程组 1-101
2026-03-12 10:21:47,290 INFO o.a.j.t.JMeterThread: Thread started: 并发响应时间测试线程组 1-102
2026-03-12 10:21:48,079 INFO o.a.j.t.JMeterThread: Thread is done: 并发响应时间测试线程组 1-102
2026-03-12 10:21:48,079 INFO o.a.j.t.JMeterThread: Thread finished: 并发响应时间测试线程组 1-102
2026-03-12 10:21:48,290 INFO o.a.j.t.JMeterThread: Thread started: 并发响应时间测试线程组 1-103
2026-03-12 10:21:49,116 INFO o.a.j.t.JMeterThread: Thread is done: 并发响应时间测试线程组 1-103
2026-03-12 10:21:49,116 INFO o.a.j.t.JMeterThread: Thread finished: 并发响应时间测试线程组 1-103
2026-03-12 10:21:49,289 INFO o.a.j.t.JMeterThread: Thread started: 并发响应时间测试线程组 1-104
2026-03-12 10:21:50,112 INFO o.a.j.t.JMeterThread: Thread is done: 并发响应时间测试线程组 1-104
2026-03-12 10:21:50,113 INFO o.a.j.t.JMeterThread: Thread finished: 并发响应时间测试线程组 1-104
2026-03-12 10:21:50,289 INFO o.a.j.t.JMeterThread: Thread started: 并发响应时间测试线程组 1-105
2026-03-12 10:21:51,092 INFO o.a.j.t.JMeterThread: Thread is done: 并发响应时间测试线程组 1-105
2026-03-12 10:21:51,092 INFO o.a.j.t.JMeterThread: Thread finished: 并发响应时间测试线程组 1-105
2026-03-12 10:21:51,290 INFO o.a.j.t.JMeterThread: Thread started: 并发响应时间测试线程组 1-106
2026-03-12 10:21:52,105 INFO o.a.j.t.JMeterThread: Thread is done: 并发响应时间测试线程组 1-106
2026-03-12 10:21:52,105 INFO o.a.j.t.JMeterThread: Thread finished: 并发响应时间测试线程组 1-106
2026-03-12 10:21:52,289 INFO o.a.j.t.JMeterThread: Thread started: 并发响应时间测试线程组 1-107
2026-03-12 10:21:53,117 INFO o.a.j.t.JMeterThread: Thread is done: 并发响应时间测试线程组 1-107
2026-03-12 10:21:53,117 INFO o.a.j.t.JMeterThread: Thread finished: 并发响应时间测试线程组 1-107
2026-03-12 10:21:53,291 INFO o.a.j.t.JMeterThread: Thread started: 并发响应时间测试线程组 1-108
2026-03-12 10:21:54,075 INFO o.a.j.t.JMeterThread: Thread is done: 并发响应时间测试线程组 1-108
2026-03-12 10:21:54,075 INFO o.a.j.t.JMeterThread: Thread finished: 并发响应时间测试线程组 1-108
2026-03-12 10:21:54,291 INFO o.a.j.t.JMeterThread: Thread started: 并发响应时间测试线程组 1-109
2026-03-12 10:21:55,102 INFO o.a.j.t.JMeterThread: Thread is done: 并发响应时间测试线程组 1-109
2026-03-12 10:21:55,102 INFO o.a.j.t.JMeterThread: Thread finished: 并发响应时间测试线程组 1-109
2026-03-12 10:21:55,289 INFO o.a.j.t.JMeterThread: Thread started: 并发响应时间测试线程组 1-110
2026-03-12 10:21:56,078 INFO o.a.j.t.JMeterThread: Thread is done: 并发响应时间测试线程组 1-110
2026-03-12 10:21:56,079 INFO o.a.j.t.JMeterThread: Thread finished: 并发响应时间测试线程组 1-110
2026-03-12 10:21:56,290 INFO o.a.j.t.JMeterThread: Thread started: 并发响应时间测试线程组 1-111
2026-03-12 10:21:57,094 INFO o.a.j.t.JMeterThread: Thread is done: 并发响应时间测试线程组 1-111
2026-03-12 10:21:57,094 INFO o.a.j.t.JMeterThread: Thread finished: 并发响应时间测试线程组 1-111
2026-03-12 10:21:57,287 INFO o.a.j.t.JMeterThread: Thread started: 并发响应时间测试线程组 1-112
2026-03-12 10:21:58,083 INFO o.a.j.t.JMeterThread: Thread is done: 并发响应时间测试线程组 1-112
2026-03-12 10:21:58,084 INFO o.a.j.t.JMeterThread: Thread finished: 并发响应时间测试线程组 1-112
2026-03-12 10:21:58,290 INFO o.a.j.t.JMeterThread: Thread started: 并发响应时间测试线程组 1-113
2026-03-12 10:21:59,085 INFO o.a.j.t.JMeterThread: Thread is done: 并发响应时间测试线程组 1-113
2026-03-12 10:21:59,085 INFO o.a.j.t.JMeterThread: Thread finished: 并发响应时间测试线程组 1-113
2026-03-12 10:21:59,293 INFO o.a.j.t.JMeterThread: Thread started: 并发响应时间测试线程组 1-114
2026-03-12 10:22:00,003 INFO o.a.j.r.Summariser: summary +   3058 in 00:00:30 =  101.9/s Avg:     7 Min:     4 Max:    32 Err:     0 (0.00%) Active: 1 Started: 114 Finished: 113
2026-03-12 10:22:00,004 INFO o.a.j.r.Summariser: summary =  11616 in 00:01:54 =  102.1/s Avg:     7 Min:     4 Max:    37 Err:     0 (0.00%)
2026-03-12 10:22:00,090 INFO o.a.j.t.JMeterThread: Thread is done: 并发响应时间测试线程组 1-114
2026-03-12 10:22:00,090 INFO o.a.j.t.JMeterThread: Thread finished: 并发响应时间测试线程组 1-114
2026-03-12 10:22:00,290 INFO o.a.j.t.JMeterThread: Thread started: 并发响应时间测试线程组 1-115
2026-03-12 10:22:01,096 INFO o.a.j.t.JMeterThread: Thread is done: 并发响应时间测试线程组 1-115
2026-03-12 10:22:01,096 INFO o.a.j.t.JMeterThread: Thread finished: 并发响应时间测试线程组 1-115
2026-03-12 10:22:01,286 INFO o.a.j.t.JMeterThread: Thread started: 并发响应时间测试线程组 1-116
2026-03-12 10:22:02,091 INFO o.a.j.t.JMeterThread: Thread is done: 并发响应时间测试线程组 1-116
2026-03-12 10:22:02,091 INFO o.a.j.t.JMeterThread: Thread finished: 并发响应时间测试线程组 1-116
2026-03-12 10:22:02,290 INFO o.a.j.t.JMeterThread: Thread started: 并发响应时间测试线程组 1-117
2026-03-12 10:22:03,061 INFO o.a.j.t.JMeterThread: Thread is done: 并发响应时间测试线程组 1-117
2026-03-12 10:22:03,061 INFO o.a.j.t.JMeterThread: Thread finished: 并发响应时间测试线程组 1-117
2026-03-12 10:22:03,284 INFO o.a.j.t.JMeterThread: Thread started: 并发响应时间测试线程组 1-118
2026-03-12 10:22:03,994 INFO o.a.j.t.JMeterThread: Thread is done: 并发响应时间测试线程组 1-118
2026-03-12 10:22:03,994 INFO o.a.j.t.JMeterThread: Thread finished: 并发响应时间测试线程组 1-118
2026-03-12 10:22:04,289 INFO o.a.j.t.JMeterThread: Thread started: 并发响应时间测试线程组 1-119
2026-03-12 10:22:05,073 INFO o.a.j.t.JMeterThread: Thread is done: 并发响应时间测试线程组 1-119
2026-03-12 10:22:05,073 INFO o.a.j.t.JMeterThread: Thread finished: 并发响应时间测试线程组 1-119
2026-03-12 10:22:05,287 INFO o.a.j.t.JMeterThread: Thread started: 并发响应时间测试线程组 1-120
2026-03-12 10:22:06,144 INFO o.a.j.t.JMeterThread: Thread is done: 并发响应时间测试线程组 1-120
2026-03-12 10:22:06,144 INFO o.a.j.t.JMeterThread: Thread finished: 并发响应时间测试线程组 1-120
2026-03-12 10:22:06,289 INFO o.a.j.t.JMeterThread: Thread started: 并发响应时间测试线程组 1-121
2026-03-12 10:22:07,156 INFO o.a.j.t.JMeterThread: Thread is done: 并发响应时间测试线程组 1-121
2026-03-12 10:22:07,157 INFO o.a.j.t.JMeterThread: Thread finished: 并发响应时间测试线程组 1-121
2026-03-12 10:22:07,289 INFO o.a.j.t.JMeterThread: Thread started: 并发响应时间测试线程组 1-122
2026-03-12 10:22:08,125 INFO o.a.j.t.JMeterThread: Thread is done: 并发响应时间测试线程组 1-122
2026-03-12 10:22:08,125 INFO o.a.j.t.JMeterThread: Thread finished: 并发响应时间测试线程组 1-122
2026-03-12 10:22:08,289 INFO o.a.j.t.JMeterThread: Thread started: 并发响应时间测试线程组 1-123
2026-03-12 10:22:09,026 INFO o.a.j.t.JMeterThread: Thread is done: 并发响应时间测试线程组 1-123
2026-03-12 10:22:09,026 INFO o.a.j.t.JMeterThread: Thread finished: 并发响应时间测试线程组 1-123
2026-03-12 10:22:09,289 INFO o.a.j.t.JMeterThread: Thread started: 并发响应时间测试线程组 1-124
2026-03-12 10:22:10,075 INFO o.a.j.t.JMeterThread: Thread is done: 并发响应时间测试线程组 1-124
2026-03-12 10:22:10,075 INFO o.a.j.t.JMeterThread: Thread finished: 并发响应时间测试线程组 1-124
2026-03-12 10:22:10,289 INFO o.a.j.t.JMeterThread: Thread started: 并发响应时间测试线程组 1-125
2026-03-12 10:22:11,032 INFO o.a.j.t.JMeterThread: Thread is done: 并发响应时间测试线程组 1-125
2026-03-12 10:22:11,032 INFO o.a.j.t.JMeterThread: Thread finished: 并发响应时间测试线程组 1-125
2026-03-12 10:22:11,289 INFO o.a.j.t.JMeterThread: Thread started: 并发响应时间测试线程组 1-126
2026-03-12 10:22:12,286 INFO o.a.j.t.JMeterThread: Thread started: 并发响应时间测试线程组 1-127
2026-03-12 10:22:12,328 INFO o.a.j.t.JMeterThread: Thread is done: 并发响应时间测试线程组 1-126
2026-03-12 10:22:12,328 INFO o.a.j.t.JMeterThread: Thread finished: 并发响应时间测试线程组 1-126
2026-03-12 10:22:13,078 INFO o.a.j.t.JMeterThread: Thread is done: 并发响应时间测试线程组 1-127
2026-03-12 10:22:13,079 INFO o.a.j.t.JMeterThread: Thread finished: 并发响应时间测试线程组 1-127
2026-03-12 10:22:13,289 INFO o.a.j.t.JMeterThread: Thread started: 并发响应时间测试线程组 1-128
2026-03-12 10:22:13,958 INFO o.a.j.t.JMeterThread: Thread is done: 并发响应时间测试线程组 1-128
2026-03-12 10:22:13,959 INFO o.a.j.t.JMeterThread: Thread finished: 并发响应时间测试线程组 1-128
2026-03-12 10:22:14,290 INFO o.a.j.t.JMeterThread: Thread started: 并发响应时间测试线程组 1-129
2026-03-12 10:22:15,122 INFO o.a.j.t.JMeterThread: Thread is done: 并发响应时间测试线程组 1-129
2026-03-12 10:22:15,122 INFO o.a.j.t.JMeterThread: Thread finished: 并发响应时间测试线程组 1-129
2026-03-12 10:22:15,289 INFO o.a.j.t.JMeterThread: Thread started: 并发响应时间测试线程组 1-130
2026-03-12 10:22:16,067 INFO o.a.j.t.JMeterThread: Thread is done: 并发响应时间测试线程组 1-130
2026-03-12 10:22:16,067 INFO o.a.j.t.JMeterThread: Thread finished: 并发响应时间测试线程组 1-130
2026-03-12 10:22:16,289 INFO o.a.j.t.JMeterThread: Thread started: 并发响应时间测试线程组 1-131
2026-03-12 10:22:17,289 INFO o.a.j.t.JMeterThread: Thread started: 并发响应时间测试线程组 1-132
2026-03-12 10:22:17,316 INFO o.a.j.t.JMeterThread: Thread is done: 并发响应时间测试线程组 1-131
2026-03-12 10:22:17,316 INFO o.a.j.t.JMeterThread: Thread finished: 并发响应时间测试线程组 1-131
2026-03-12 10:22:18,060 INFO o.a.j.t.JMeterThread: Thread is done: 并发响应时间测试线程组 1-132
2026-03-12 10:22:18,061 INFO o.a.j.t.JMeterThread: Thread finished: 并发响应时间测试线程组 1-132
2026-03-12 10:22:18,291 INFO o.a.j.t.JMeterThread: Thread started: 并发响应时间测试线程组 1-133
2026-03-12 10:22:19,194 INFO o.a.j.t.JMeterThread: Thread is done: 并发响应时间测试线程组 1-133
2026-03-12 10:22:19,194 INFO o.a.j.t.JMeterThread: Thread finished: 并发响应时间测试线程组 1-133
2026-03-12 10:22:19,290 INFO o.a.j.t.JMeterThread: Thread started: 并发响应时间测试线程组 1-134
2026-03-12 10:22:20,094 INFO o.a.j.t.JMeterThread: Thread is done: 并发响应时间测试线程组 1-134
2026-03-12 10:22:20,095 INFO o.a.j.t.JMeterThread: Thread finished: 并发响应时间测试线程组 1-134
2026-03-12 10:22:20,290 INFO o.a.j.t.JMeterThread: Thread started: 并发响应时间测试线程组 1-135
2026-03-12 10:22:21,289 INFO o.a.j.t.JMeterThread: Thread started: 并发响应时间测试线程组 1-136
2026-03-12 10:22:21,329 INFO o.a.j.t.JMeterThread: Thread is done: 并发响应时间测试线程组 1-135
2026-03-12 10:22:21,329 INFO o.a.j.t.JMeterThread: Thread finished: 并发响应时间测试线程组 1-135
2026-03-12 10:22:22,089 INFO o.a.j.t.JMeterThread: Thread is done: 并发响应时间测试线程组 1-136
2026-03-12 10:22:22,089 INFO o.a.j.t.JMeterThread: Thread finished: 并发响应时间测试线程组 1-136
2026-03-12 10:22:22,289 INFO o.a.j.t.JMeterThread: Thread started: 并发响应时间测试线程组 1-137
2026-03-12 10:22:23,155 INFO o.a.j.t.JMeterThread: Thread is done: 并发响应时间测试线程组 1-137
2026-03-12 10:22:23,155 INFO o.a.j.t.JMeterThread: Thread finished: 并发响应时间测试线程组 1-137
2026-03-12 10:22:23,289 INFO o.a.j.t.JMeterThread: Thread started: 并发响应时间测试线程组 1-138
2026-03-12 10:22:24,138 INFO o.a.j.t.JMeterThread: Thread is done: 并发响应时间测试线程组 1-138
2026-03-12 10:22:24,138 INFO o.a.j.t.JMeterThread: Thread finished: 并发响应时间测试线程组 1-138
2026-03-12 10:22:24,290 INFO o.a.j.t.JMeterThread: Thread started: 并发响应时间测试线程组 1-139
2026-03-12 10:22:25,172 INFO o.a.j.t.JMeterThread: Thread is done: 并发响应时间测试线程组 1-139
2026-03-12 10:22:25,172 INFO o.a.j.t.JMeterThread: Thread finished: 并发响应时间测试线程组 1-139
2026-03-12 10:22:25,288 INFO o.a.j.t.JMeterThread: Thread started: 并发响应时间测试线程组 1-140
2026-03-12 10:22:26,079 INFO o.a.j.t.JMeterThread: Thread is done: 并发响应时间测试线程组 1-140
2026-03-12 10:22:26,079 INFO o.a.j.t.JMeterThread: Thread finished: 并发响应时间测试线程组 1-140
2026-03-12 10:22:26,285 INFO o.a.j.t.JMeterThread: Thread started: 并发响应时间测试线程组 1-141
2026-03-12 10:22:27,261 INFO o.a.j.t.JMeterThread: Thread is done: 并发响应时间测试线程组 1-141
2026-03-12 10:22:27,261 INFO o.a.j.t.JMeterThread: Thread finished: 并发响应时间测试线程组 1-141
2026-03-12 10:22:27,290 INFO o.a.j.t.JMeterThread: Thread started: 并发响应时间测试线程组 1-142
2026-03-12 10:22:28,058 INFO o.a.j.t.JMeterThread: Thread is done: 并发响应时间测试线程组 1-142
2026-03-12 10:22:28,058 INFO o.a.j.t.JMeterThread: Thread finished: 并发响应时间测试线程组 1-142
2026-03-12 10:22:28,290 INFO o.a.j.t.JMeterThread: Thread started: 并发响应时间测试线程组 1-143
2026-03-12 10:22:29,289 INFO o.a.j.t.JMeterThread: Thread started: 并发响应时间测试线程组 1-144
2026-03-12 10:22:29,296 INFO o.a.j.t.JMeterThread: Thread is done: 并发响应时间测试线程组 1-143
2026-03-12 10:22:29,296 INFO o.a.j.t.JMeterThread: Thread finished: 并发响应时间测试线程组 1-143
2026-03-12 10:22:30,003 INFO o.a.j.r.Summariser: summary +   3058 in 00:00:30 =  101.9/s Avg:     8 Min:     4 Max:    51 Err:     0 (0.00%) Active: 1 Started: 144 Finished: 143
2026-03-12 10:22:30,003 INFO o.a.j.r.Summariser: summary =  14674 in 00:02:24 =  102.1/s Avg:     7 Min:     4 Max:    51 Err:     0 (0.00%)
2026-03-12 10:22:30,103 INFO o.a.j.t.JMeterThread: Thread is done: 并发响应时间测试线程组 1-144
2026-03-12 10:22:30,103 INFO o.a.j.t.JMeterThread: Thread finished: 并发响应时间测试线程组 1-144
2026-03-12 10:22:30,285 INFO o.a.j.t.JMeterThread: Thread started: 并发响应时间测试线程组 1-145
2026-03-12 10:22:31,030 INFO o.a.j.t.JMeterThread: Thread is done: 并发响应时间测试线程组 1-145
2026-03-12 10:22:31,030 INFO o.a.j.t.JMeterThread: Thread finished: 并发响应时间测试线程组 1-145
2026-03-12 10:22:31,289 INFO o.a.j.t.JMeterThread: Thread started: 并发响应时间测试线程组 1-146
2026-03-12 10:22:32,195 INFO o.a.j.t.JMeterThread: Thread is done: 并发响应时间测试线程组 1-146
2026-03-12 10:22:32,195 INFO o.a.j.t.JMeterThread: Thread finished: 并发响应时间测试线程组 1-146
2026-03-12 10:22:32,289 INFO o.a.j.t.JMeterThread: Thread started: 并发响应时间测试线程组 1-147
2026-03-12 10:22:32,968 INFO o.a.j.t.JMeterThread: Thread is done: 并发响应时间测试线程组 1-147
2026-03-12 10:22:32,968 INFO o.a.j.t.JMeterThread: Thread finished: 并发响应时间测试线程组 1-147
2026-03-12 10:22:33,284 INFO o.a.j.t.JMeterThread: Thread started: 并发响应时间测试线程组 1-148
2026-03-12 10:22:34,128 INFO o.a.j.t.JMeterThread: Thread is done: 并发响应时间测试线程组 1-148
2026-03-12 10:22:34,128 INFO o.a.j.t.JMeterThread: Thread finished: 并发响应时间测试线程组 1-148
2026-03-12 10:22:34,289 INFO o.a.j.t.JMeterThread: Thread started: 并发响应时间测试线程组 1-149
2026-03-12 10:22:35,279 INFO o.a.j.t.JMeterThread: Thread is done: 并发响应时间测试线程组 1-149
2026-03-12 10:22:35,279 INFO o.a.j.t.JMeterThread: Thread finished: 并发响应时间测试线程组 1-149
2026-03-12 10:22:35,291 INFO o.a.j.t.JMeterThread: Thread started: 并发响应时间测试线程组 1-150
2026-03-12 10:22:36,007 INFO o.a.j.t.JMeterThread: Thread is done: 并发响应时间测试线程组 1-150
2026-03-12 10:22:36,007 INFO o.a.j.t.JMeterThread: Thread finished: 并发响应时间测试线程组 1-150
2026-03-12 10:22:36,289 INFO o.a.j.t.JMeterThread: Thread started: 并发响应时间测试线程组 1-151
2026-03-12 10:22:37,267 INFO o.a.j.t.JMeterThread: Thread is done: 并发响应时间测试线程组 1-151
2026-03-12 10:22:37,267 INFO o.a.j.t.JMeterThread: Thread finished: 并发响应时间测试线程组 1-151
2026-03-12 10:22:37,289 INFO o.a.j.t.JMeterThread: Thread started: 并发响应时间测试线程组 1-152
2026-03-12 10:22:37,967 INFO o.a.j.t.JMeterThread: Thread is done: 并发响应时间测试线程组 1-152
2026-03-12 10:22:37,967 INFO o.a.j.t.JMeterThread: Thread finished: 并发响应时间测试线程组 1-152
2026-03-12 10:22:38,290 INFO o.a.j.t.JMeterThread: Thread started: 并发响应时间测试线程组 1-153
2026-03-12 10:22:39,289 INFO o.a.j.t.JMeterThread: Thread started: 并发响应时间测试线程组 1-154
2026-03-12 10:22:39,392 INFO o.a.j.t.JMeterThread: Thread is done: 并发响应时间测试线程组 1-153
2026-03-12 10:22:39,392 INFO o.a.j.t.JMeterThread: Thread finished: 并发响应时间测试线程组 1-153
2026-03-12 10:22:40,100 INFO o.a.j.t.JMeterThread: Thread is done: 并发响应时间测试线程组 1-154
2026-03-12 10:22:40,101 INFO o.a.j.t.JMeterThread: Thread finished: 并发响应时间测试线程组 1-154
2026-03-12 10:22:40,289 INFO o.a.j.t.JMeterThread: Thread started: 并发响应时间测试线程组 1-155
2026-03-12 10:22:41,085 INFO o.a.j.t.JMeterThread: Thread is done: 并发响应时间测试线程组 1-155
2026-03-12 10:22:41,086 INFO o.a.j.t.JMeterThread: Thread finished: 并发响应时间测试线程组 1-155
2026-03-12 10:22:41,290 INFO o.a.j.t.JMeterThread: Thread started: 并发响应时间测试线程组 1-156
2026-03-12 10:22:42,289 INFO o.a.j.t.JMeterThread: Thread started: 并发响应时间测试线程组 1-157
2026-03-12 10:22:42,342 INFO o.a.j.t.JMeterThread: Thread is done: 并发响应时间测试线程组 1-156
2026-03-12 10:22:42,342 INFO o.a.j.t.JMeterThread: Thread finished: 并发响应时间测试线程组 1-156
2026-03-12 10:22:42,997 INFO o.a.j.t.JMeterThread: Thread is done: 并发响应时间测试线程组 1-157
2026-03-12 10:22:42,997 INFO o.a.j.t.JMeterThread: Thread finished: 并发响应时间测试线程组 1-157
2026-03-12 10:22:43,287 INFO o.a.j.t.JMeterThread: Thread started: 并发响应时间测试线程组 1-158
2026-03-12 10:22:44,088 INFO o.a.j.t.JMeterThread: Thread is done: 并发响应时间测试线程组 1-158
2026-03-12 10:22:44,088 INFO o.a.j.t.JMeterThread: Thread finished: 并发响应时间测试线程组 1-158
2026-03-12 10:22:44,290 INFO o.a.j.t.JMeterThread: Thread started: 并发响应时间测试线程组 1-159
2026-03-12 10:22:45,272 INFO o.a.j.t.JMeterThread: Thread is done: 并发响应时间测试线程组 1-159
2026-03-12 10:22:45,273 INFO o.a.j.t.JMeterThread: Thread finished: 并发响应时间测试线程组 1-159
2026-03-12 10:22:45,290 INFO o.a.j.t.JMeterThread: Thread started: 并发响应时间测试线程组 1-160
2026-03-12 10:22:46,156 INFO o.a.j.t.JMeterThread: Thread is done: 并发响应时间测试线程组 1-160
2026-03-12 10:22:46,156 INFO o.a.j.t.JMeterThread: Thread finished: 并发响应时间测试线程组 1-160
2026-03-12 10:22:46,289 INFO o.a.j.t.JMeterThread: Thread started: 并发响应时间测试线程组 1-161
2026-03-12 10:22:47,062 INFO o.a.j.t.JMeterThread: Thread is done: 并发响应时间测试线程组 1-161
2026-03-12 10:22:47,062 INFO o.a.j.t.JMeterThread: Thread finished: 并发响应时间测试线程组 1-161
2026-03-12 10:22:47,290 INFO o.a.j.t.JMeterThread: Thread started: 并发响应时间测试线程组 1-162
2026-03-12 10:22:48,051 INFO o.a.j.t.JMeterThread: Thread is done: 并发响应时间测试线程组 1-162
2026-03-12 10:22:48,052 INFO o.a.j.t.JMeterThread: Thread finished: 并发响应时间测试线程组 1-162
2026-03-12 10:22:48,289 INFO o.a.j.t.JMeterThread: Thread started: 并发响应时间测试线程组 1-163
2026-03-12 10:22:49,064 INFO o.a.j.t.JMeterThread: Thread is done: 并发响应时间测试线程组 1-163
2026-03-12 10:22:49,064 INFO o.a.j.t.JMeterThread: Thread finished: 并发响应时间测试线程组 1-163
2026-03-12 10:22:49,290 INFO o.a.j.t.JMeterThread: Thread started: 并发响应时间测试线程组 1-164
2026-03-12 10:22:50,178 INFO o.a.j.t.JMeterThread: Thread is done: 并发响应时间测试线程组 1-164
2026-03-12 10:22:50,178 INFO o.a.j.t.JMeterThread: Thread finished: 并发响应时间测试线程组 1-164
2026-03-12 10:22:50,289 INFO o.a.j.t.JMeterThread: Thread started: 并发响应时间测试线程组 1-165
2026-03-12 10:22:51,156 INFO o.a.j.t.JMeterThread: Thread is done: 并发响应时间测试线程组 1-165
2026-03-12 10:22:51,157 INFO o.a.j.t.JMeterThread: Thread finished: 并发响应时间测试线程组 1-165
2026-03-12 10:22:51,289 INFO o.a.j.t.JMeterThread: Thread started: 并发响应时间测试线程组 1-166
2026-03-12 10:22:52,217 INFO o.a.j.t.JMeterThread: Thread is done: 并发响应时间测试线程组 1-166
2026-03-12 10:22:52,217 INFO o.a.j.t.JMeterThread: Thread finished: 并发响应时间测试线程组 1-166
2026-03-12 10:22:52,287 INFO o.a.j.t.JMeterThread: Thread started: 并发响应时间测试线程组 1-167
2026-03-12 10:22:53,048 INFO o.a.j.t.JMeterThread: Thread is done: 并发响应时间测试线程组 1-167
2026-03-12 10:22:53,048 INFO o.a.j.t.JMeterThread: Thread finished: 并发响应时间测试线程组 1-167
2026-03-12 10:22:53,289 INFO o.a.j.t.JMeterThread: Thread started: 并发响应时间测试线程组 1-168
2026-03-12 10:22:54,091 INFO o.a.j.t.JMeterThread: Thread is done: 并发响应时间测试线程组 1-168
2026-03-12 10:22:54,091 INFO o.a.j.t.JMeterThread: Thread finished: 并发响应时间测试线程组 1-168
2026-03-12 10:22:54,290 INFO o.a.j.t.JMeterThread: Thread started: 并发响应时间测试线程组 1-169
2026-03-12 10:22:55,150 INFO o.a.j.t.JMeterThread: Thread is done: 并发响应时间测试线程组 1-169
2026-03-12 10:22:55,151 INFO o.a.j.t.JMeterThread: Thread finished: 并发响应时间测试线程组 1-169
2026-03-12 10:22:55,289 INFO o.a.j.t.JMeterThread: Thread started: 并发响应时间测试线程组 1-170
2026-03-12 10:22:56,077 INFO o.a.j.t.JMeterThread: Thread is done: 并发响应时间测试线程组 1-170
2026-03-12 10:22:56,077 INFO o.a.j.t.JMeterThread: Thread finished: 并发响应时间测试线程组 1-170
2026-03-12 10:22:56,285 INFO o.a.j.t.JMeterThread: Thread started: 并发响应时间测试线程组 1-171
2026-03-12 10:22:57,052 INFO o.a.j.t.JMeterThread: Thread is done: 并发响应时间测试线程组 1-171
2026-03-12 10:22:57,052 INFO o.a.j.t.JMeterThread: Thread finished: 并发响应时间测试线程组 1-171
2026-03-12 10:22:57,288 INFO o.a.j.t.JMeterThread: Thread started: 并发响应时间测试线程组 1-172
2026-03-12 10:22:58,075 INFO o.a.j.t.JMeterThread: Thread is done: 并发响应时间测试线程组 1-172
2026-03-12 10:22:58,075 INFO o.a.j.t.JMeterThread: Thread finished: 并发响应时间测试线程组 1-172
2026-03-12 10:22:58,291 INFO o.a.j.t.JMeterThread: Thread started: 并发响应时间测试线程组 1-173
2026-03-12 10:22:59,284 INFO o.a.j.t.JMeterThread: Thread started: 并发响应时间测试线程组 1-174
2026-03-12 10:22:59,312 INFO o.a.j.t.JMeterThread: Thread is done: 并发响应时间测试线程组 1-173
2026-03-12 10:22:59,312 INFO o.a.j.t.JMeterThread: Thread finished: 并发响应时间测试线程组 1-173
2026-03-12 10:23:00,003 INFO o.a.j.r.Summariser: summary +   3055 in 00:00:30 =  101.8/s Avg:     8 Min:     4 Max:    49 Err:     0 (0.00%) Active: 1 Started: 174 Finished: 173
2026-03-12 10:23:00,003 INFO o.a.j.r.Summariser: summary =  17729 in 00:02:54 =  102.0/s Avg:     7 Min:     4 Max:    51 Err:     0 (0.00%)
2026-03-12 10:23:00,122 INFO o.a.j.t.JMeterThread: Thread is done: 并发响应时间测试线程组 1-174
2026-03-12 10:23:00,122 INFO o.a.j.t.JMeterThread: Thread finished: 并发响应时间测试线程组 1-174
2026-03-12 10:23:00,285 INFO o.a.j.t.JMeterThread: Thread started: 并发响应时间测试线程组 1-175
2026-03-12 10:23:01,176 INFO o.a.j.t.JMeterThread: Thread is done: 并发响应时间测试线程组 1-175
2026-03-12 10:23:01,176 INFO o.a.j.t.JMeterThread: Thread finished: 并发响应时间测试线程组 1-175
2026-03-12 10:23:01,287 INFO o.a.j.t.JMeterThread: Thread started: 并发响应时间测试线程组 1-176
2026-03-12 10:23:02,188 INFO o.a.j.t.JMeterThread: Thread is done: 并发响应时间测试线程组 1-176
2026-03-12 10:23:02,188 INFO o.a.j.t.JMeterThread: Thread finished: 并发响应时间测试线程组 1-176
2026-03-12 10:23:02,290 INFO o.a.j.t.JMeterThread: Thread started: 并发响应时间测试线程组 1-177
2026-03-12 10:23:03,095 INFO o.a.j.t.JMeterThread: Thread is done: 并发响应时间测试线程组 1-177
2026-03-12 10:23:03,096 INFO o.a.j.t.JMeterThread: Thread finished: 并发响应时间测试线程组 1-177
2026-03-12 10:23:03,290 INFO o.a.j.t.JMeterThread: Thread started: 并发响应时间测试线程组 1-178
2026-03-12 10:23:04,142 INFO o.a.j.t.JMeterThread: Thread is done: 并发响应时间测试线程组 1-178
2026-03-12 10:23:04,143 INFO o.a.j.t.JMeterThread: Thread finished: 并发响应时间测试线程组 1-178
2026-03-12 10:23:04,290 INFO o.a.j.t.JMeterThread: Thread started: 并发响应时间测试线程组 1-179
2026-03-12 10:23:05,105 INFO o.a.j.t.JMeterThread: Thread is done: 并发响应时间测试线程组 1-179
2026-03-12 10:23:05,105 INFO o.a.j.t.JMeterThread: Thread finished: 并发响应时间测试线程组 1-179
2026-03-12 10:23:05,289 INFO o.a.j.t.JMeterThread: Thread started: 并发响应时间测试线程组 1-180
2026-03-12 10:23:06,072 INFO o.a.j.t.JMeterThread: Thread is done: 并发响应时间测试线程组 1-180
2026-03-12 10:23:06,072 INFO o.a.j.t.JMeterThread: Thread finished: 并发响应时间测试线程组 1-180
2026-03-12 10:23:06,289 INFO o.a.j.t.JMeterThread: Thread started: 并发响应时间测试线程组 1-181
2026-03-12 10:23:07,289 INFO o.a.j.t.JMeterThread: Thread started: 并发响应时间测试线程组 1-182
2026-03-12 10:23:07,322 INFO o.a.j.t.JMeterThread: Thread is done: 并发响应时间测试线程组 1-181
2026-03-12 10:23:07,322 INFO o.a.j.t.JMeterThread: Thread finished: 并发响应时间测试线程组 1-181
2026-03-12 10:23:08,048 INFO o.a.j.t.JMeterThread: Thread is done: 并发响应时间测试线程组 1-182
2026-03-12 10:23:08,048 INFO o.a.j.t.JMeterThread: Thread finished: 并发响应时间测试线程组 1-182
2026-03-12 10:23:08,291 INFO o.a.j.t.JMeterThread: Thread started: 并发响应时间测试线程组 1-183
2026-03-12 10:23:09,289 INFO o.a.j.t.JMeterThread: Thread started: 并发响应时间测试线程组 1-184
2026-03-12 10:23:09,381 INFO o.a.j.t.JMeterThread: Thread is done: 并发响应时间测试线程组 1-183
2026-03-12 10:23:09,381 INFO o.a.j.t.JMeterThread: Thread finished: 并发响应时间测试线程组 1-183
2026-03-12 10:23:10,096 INFO o.a.j.t.JMeterThread: Thread is done: 并发响应时间测试线程组 1-184
2026-03-12 10:23:10,096 INFO o.a.j.t.JMeterThread: Thread finished: 并发响应时间测试线程组 1-184
2026-03-12 10:23:10,289 INFO o.a.j.t.JMeterThread: Thread started: 并发响应时间测试线程组 1-185
2026-03-12 10:23:11,124 INFO o.a.j.t.JMeterThread: Thread is done: 并发响应时间测试线程组 1-185
2026-03-12 10:23:11,124 INFO o.a.j.t.JMeterThread: Thread finished: 并发响应时间测试线程组 1-185
2026-03-12 10:23:11,288 INFO o.a.j.t.JMeterThread: Thread started: 并发响应时间测试线程组 1-186
2026-03-12 10:23:12,093 INFO o.a.j.t.JMeterThread: Thread is done: 并发响应时间测试线程组 1-186
2026-03-12 10:23:12,093 INFO o.a.j.t.JMeterThread: Thread finished: 并发响应时间测试线程组 1-186
2026-03-12 10:23:12,291 INFO o.a.j.t.JMeterThread: Thread started: 并发响应时间测试线程组 1-187
2026-03-12 10:23:13,177 INFO o.a.j.t.JMeterThread: Thread is done: 并发响应时间测试线程组 1-187
2026-03-12 10:23:13,177 INFO o.a.j.t.JMeterThread: Thread finished: 并发响应时间测试线程组 1-187
2026-03-12 10:23:13,289 INFO o.a.j.t.JMeterThread: Thread started: 并发响应时间测试线程组 1-188
2026-03-12 10:23:14,253 INFO o.a.j.t.JMeterThread: Thread is done: 并发响应时间测试线程组 1-188
2026-03-12 10:23:14,253 INFO o.a.j.t.JMeterThread: Thread finished: 并发响应时间测试线程组 1-188
2026-03-12 10:23:14,289 INFO o.a.j.t.JMeterThread: Thread started: 并发响应时间测试线程组 1-189
2026-03-12 10:23:15,178 INFO o.a.j.t.JMeterThread: Thread is done: 并发响应时间测试线程组 1-189
2026-03-12 10:23:15,178 INFO o.a.j.t.JMeterThread: Thread finished: 并发响应时间测试线程组 1-189
2026-03-12 10:23:15,289 INFO o.a.j.t.JMeterThread: Thread started: 并发响应时间测试线程组 1-190
2026-03-12 10:23:16,230 INFO o.a.j.t.JMeterThread: Thread is done: 并发响应时间测试线程组 1-190
2026-03-12 10:23:16,230 INFO o.a.j.t.JMeterThread: Thread finished: 并发响应时间测试线程组 1-190
2026-03-12 10:23:16,288 INFO o.a.j.t.JMeterThread: Thread started: 并发响应时间测试线程组 1-191
2026-03-12 10:23:17,097 INFO o.a.j.t.JMeterThread: Thread is done: 并发响应时间测试线程组 1-191
2026-03-12 10:23:17,098 INFO o.a.j.t.JMeterThread: Thread finished: 并发响应时间测试线程组 1-191
2026-03-12 10:23:17,291 INFO o.a.j.t.JMeterThread: Thread started: 并发响应时间测试线程组 1-192
2026-03-12 10:23:18,164 INFO o.a.j.t.JMeterThread: Thread is done: 并发响应时间测试线程组 1-192
2026-03-12 10:23:18,164 INFO o.a.j.t.JMeterThread: Thread finished: 并发响应时间测试线程组 1-192
2026-03-12 10:23:18,287 INFO o.a.j.t.JMeterThread: Thread started: 并发响应时间测试线程组 1-193
2026-03-12 10:23:19,182 INFO o.a.j.t.JMeterThread: Thread is done: 并发响应时间测试线程组 1-193
2026-03-12 10:23:19,182 INFO o.a.j.t.JMeterThread: Thread finished: 并发响应时间测试线程组 1-193
2026-03-12 10:23:19,289 INFO o.a.j.t.JMeterThread: Thread started: 并发响应时间测试线程组 1-194
2026-03-12 10:23:20,155 INFO o.a.j.t.JMeterThread: Thread is done: 并发响应时间测试线程组 1-194
2026-03-12 10:23:20,156 INFO o.a.j.t.JMeterThread: Thread finished: 并发响应时间测试线程组 1-194
2026-03-12 10:23:20,289 INFO o.a.j.t.JMeterThread: Thread started: 并发响应时间测试线程组 1-195
2026-03-12 10:23:21,191 INFO o.a.j.t.JMeterThread: Thread is done: 并发响应时间测试线程组 1-195
2026-03-12 10:23:21,191 INFO o.a.j.t.JMeterThread: Thread finished: 并发响应时间测试线程组 1-195
2026-03-12 10:23:21,289 INFO o.a.j.t.JMeterThread: Thread started: 并发响应时间测试线程组 1-196
2026-03-12 10:23:22,058 INFO o.a.j.t.JMeterThread: Thread is done: 并发响应时间测试线程组 1-196
2026-03-12 10:23:22,058 INFO o.a.j.t.JMeterThread: Thread finished: 并发响应时间测试线程组 1-196
2026-03-12 10:23:22,290 INFO o.a.j.t.JMeterThread: Thread started: 并发响应时间测试线程组 1-197
2026-03-12 10:23:23,256 INFO o.a.j.t.JMeterThread: Thread is done: 并发响应时间测试线程组 1-197
2026-03-12 10:23:23,257 INFO o.a.j.t.JMeterThread: Thread finished: 并发响应时间测试线程组 1-197
2026-03-12 10:23:23,289 INFO o.a.j.t.JMeterThread: Thread started: 并发响应时间测试线程组 1-198
2026-03-12 10:23:24,219 INFO o.a.j.t.JMeterThread: Thread is done: 并发响应时间测试线程组 1-198
2026-03-12 10:23:24,219 INFO o.a.j.t.JMeterThread: Thread finished: 并发响应时间测试线程组 1-198
2026-03-12 10:23:24,288 INFO o.a.j.t.JMeterThread: Thread started: 并发响应时间测试线程组 1-199
2026-03-12 10:23:25,196 INFO o.a.j.t.JMeterThread: Thread is done: 并发响应时间测试线程组 1-199
2026-03-12 10:23:25,196 INFO o.a.j.t.JMeterThread: Thread finished: 并发响应时间测试线程组 1-199
2026-03-12 10:23:25,290 INFO o.a.j.t.JMeterThread: Thread started: 并发响应时间测试线程组 1-200
2026-03-12 10:23:26,178 INFO o.a.j.t.JMeterThread: Thread is done: 并发响应时间测试线程组 1-200
2026-03-12 10:23:26,179 INFO o.a.j.t.JMeterThread: Thread finished: 并发响应时间测试线程组 1-200
2026-03-12 10:23:26,290 INFO o.a.j.t.JMeterThread: Thread started: 并发响应时间测试线程组 1-201
2026-03-12 10:23:27,223 INFO o.a.j.t.JMeterThread: Thread is done: 并发响应时间测试线程组 1-201
2026-03-12 10:23:27,223 INFO o.a.j.t.JMeterThread: Thread finished: 并发响应时间测试线程组 1-201
2026-03-12 10:23:27,289 INFO o.a.j.t.JMeterThread: Thread started: 并发响应时间测试线程组 1-202
2026-03-12 10:23:28,072 INFO o.a.j.t.JMeterThread: Thread is done: 并发响应时间测试线程组 1-202
2026-03-12 10:23:28,072 INFO o.a.j.t.JMeterThread: Thread finished: 并发响应时间测试线程组 1-202
2026-03-12 10:23:28,289 INFO o.a.j.t.JMeterThread: Thread started: 并发响应时间测试线程组 1-203
2026-03-12 10:23:29,096 INFO o.a.j.t.JMeterThread: Thread is done: 并发响应时间测试线程组 1-203
2026-03-12 10:23:29,096 INFO o.a.j.t.JMeterThread: Thread finished: 并发响应时间测试线程组 1-203
2026-03-12 10:23:29,289 INFO o.a.j.t.JMeterThread: Thread started: 并发响应时间测试线程组 1-204
2026-03-12 10:23:30,003 INFO o.a.j.r.Summariser: summary +   3046 in 00:00:30 =  101.5/s Avg:     8 Min:     4 Max:    35 Err:     0 (0.00%) Active: 1 Started: 204 Finished: 203
2026-03-12 10:23:30,003 INFO o.a.j.r.Summariser: summary =  20775 in 00:03:24 =  102.0/s Avg:     8 Min:     4 Max:    51 Err:     0 (0.00%)
2026-03-12 10:23:30,240 INFO o.a.j.t.JMeterThread: Thread is done: 并发响应时间测试线程组 1-204
2026-03-12 10:23:30,240 INFO o.a.j.t.JMeterThread: Thread finished: 并发响应时间测试线程组 1-204
2026-03-12 10:23:30,289 INFO o.a.j.t.JMeterThread: Thread started: 并发响应时间测试线程组 1-205
2026-03-12 10:23:31,098 INFO o.a.j.t.JMeterThread: Thread is done: 并发响应时间测试线程组 1-205
2026-03-12 10:23:31,099 INFO o.a.j.t.JMeterThread: Thread finished: 并发响应时间测试线程组 1-205
2026-03-12 10:23:31,289 INFO o.a.j.t.JMeterThread: Thread started: 并发响应时间测试线程组 1-206
2026-03-12 10:23:32,194 INFO o.a.j.t.JMeterThread: Thread is done: 并发响应时间测试线程组 1-206
2026-03-12 10:23:32,194 INFO o.a.j.t.JMeterThread: Thread finished: 并发响应时间测试线程组 1-206
2026-03-12 10:23:32,287 INFO o.a.j.t.JMeterThread: Thread started: 并发响应时间测试线程组 1-207
2026-03-12 10:23:33,079 INFO o.a.j.t.JMeterThread: Thread is done: 并发响应时间测试线程组 1-207
2026-03-12 10:23:33,079 INFO o.a.j.t.JMeterThread: Thread finished: 并发响应时间测试线程组 1-207
2026-03-12 10:23:33,289 INFO o.a.j.t.JMeterThread: Thread started: 并发响应时间测试线程组 1-208
2026-03-12 10:23:34,191 INFO o.a.j.t.JMeterThread: Thread is done: 并发响应时间测试线程组 1-208
2026-03-12 10:23:34,192 INFO o.a.j.t.JMeterThread: Thread finished: 并发响应时间测试线程组 1-208
2026-03-12 10:23:34,289 INFO o.a.j.t.JMeterThread: Thread started: 并发响应时间测试线程组 1-209
2026-03-12 10:23:35,174 INFO o.a.j.t.JMeterThread: Thread is done: 并发响应时间测试线程组 1-209
2026-03-12 10:23:35,174 INFO o.a.j.t.JMeterThread: Thread finished: 并发响应时间测试线程组 1-209
2026-03-12 10:23:35,288 INFO o.a.j.t.JMeterThread: Thread started: 并发响应时间测试线程组 1-210
2026-03-12 10:23:36,071 INFO o.a.j.t.JMeterThread: Thread is done: 并发响应时间测试线程组 1-210
2026-03-12 10:23:36,071 INFO o.a.j.t.JMeterThread: Thread finished: 并发响应时间测试线程组 1-210
2026-03-12 10:23:36,289 INFO o.a.j.t.JMeterThread: Thread started: 并发响应时间测试线程组 1-211
2026-03-12 10:23:37,269 INFO o.a.j.t.JMeterThread: Thread is done: 并发响应时间测试线程组 1-211
2026-03-12 10:23:37,269 INFO o.a.j.t.JMeterThread: Thread finished: 并发响应时间测试线程组 1-211
2026-03-12 10:23:37,285 INFO o.a.j.t.JMeterThread: Thread started: 并发响应时间测试线程组 1-212
2026-03-12 10:23:38,043 INFO o.a.j.t.JMeterThread: Thread is done: 并发响应时间测试线程组 1-212
2026-03-12 10:23:38,043 INFO o.a.j.t.JMeterThread: Thread finished: 并发响应时间测试线程组 1-212
2026-03-12 10:23:38,289 INFO o.a.j.t.JMeterThread: Thread started: 并发响应时间测试线程组 1-213
2026-03-12 10:23:39,041 INFO o.a.j.t.JMeterThread: Thread is done: 并发响应时间测试线程组 1-213
2026-03-12 10:23:39,041 INFO o.a.j.t.JMeterThread: Thread finished: 并发响应时间测试线程组 1-213
2026-03-12 10:23:39,291 INFO o.a.j.t.JMeterThread: Thread started: 并发响应时间测试线程组 1-214
2026-03-12 10:23:40,131 INFO o.a.j.t.JMeterThread: Thread is done: 并发响应时间测试线程组 1-214
2026-03-12 10:23:40,131 INFO o.a.j.t.JMeterThread: Thread finished: 并发响应时间测试线程组 1-214
2026-03-12 10:23:40,289 INFO o.a.j.t.JMeterThread: Thread started: 并发响应时间测试线程组 1-215
2026-03-12 10:23:41,121 INFO o.a.j.t.JMeterThread: Thread is done: 并发响应时间测试线程组 1-215
2026-03-12 10:23:41,121 INFO o.a.j.t.JMeterThread: Thread finished: 并发响应时间测试线程组 1-215
2026-03-12 10:23:41,291 INFO o.a.j.t.JMeterThread: Thread started: 并发响应时间测试线程组 1-216
2026-03-12 10:23:42,155 INFO o.a.j.t.JMeterThread: Thread is done: 并发响应时间测试线程组 1-216
2026-03-12 10:23:42,155 INFO o.a.j.t.JMeterThread: Thread finished: 并发响应时间测试线程组 1-216
2026-03-12 10:23:42,289 INFO o.a.j.t.JMeterThread: Thread started: 并发响应时间测试线程组 1-217
2026-03-12 10:23:43,164 INFO o.a.j.t.JMeterThread: Thread is done: 并发响应时间测试线程组 1-217
2026-03-12 10:23:43,164 INFO o.a.j.t.JMeterThread: Thread finished: 并发响应时间测试线程组 1-217
2026-03-12 10:23:43,288 INFO o.a.j.t.JMeterThread: Thread started: 并发响应时间测试线程组 1-218
2026-03-12 10:23:44,025 INFO o.a.j.t.JMeterThread: Thread is done: 并发响应时间测试线程组 1-218
2026-03-12 10:23:44,025 INFO o.a.j.t.JMeterThread: Thread finished: 并发响应时间测试线程组 1-218
2026-03-12 10:23:44,290 INFO o.a.j.t.JMeterThread: Thread started: 并发响应时间测试线程组 1-219
2026-03-12 10:23:45,217 INFO o.a.j.t.JMeterThread: Thread is done: 并发响应时间测试线程组 1-219
2026-03-12 10:23:45,217 INFO o.a.j.t.JMeterThread: Thread finished: 并发响应时间测试线程组 1-219
2026-03-12 10:23:45,288 INFO o.a.j.t.JMeterThread: Thread started: 并发响应时间测试线程组 1-220
2026-03-12 10:23:46,134 INFO o.a.j.t.JMeterThread: Thread is done: 并发响应时间测试线程组 1-220
2026-03-12 10:23:46,135 INFO o.a.j.t.JMeterThread: Thread finished: 并发响应时间测试线程组 1-220
2026-03-12 10:23:46,289 INFO o.a.j.t.JMeterThread: Thread started: 并发响应时间测试线程组 1-221
2026-03-12 10:23:47,279 INFO o.a.j.t.JMeterThread: Thread is done: 并发响应时间测试线程组 1-221
2026-03-12 10:23:47,279 INFO o.a.j.t.JMeterThread: Thread finished: 并发响应时间测试线程组 1-221
2026-03-12 10:23:47,289 INFO o.a.j.t.JMeterThread: Thread started: 并发响应时间测试线程组 1-222
2026-03-12 10:23:48,040 INFO o.a.j.t.JMeterThread: Thread is done: 并发响应时间测试线程组 1-222
2026-03-12 10:23:48,040 INFO o.a.j.t.JMeterThread: Thread finished: 并发响应时间测试线程组 1-222
2026-03-12 10:23:48,290 INFO o.a.j.t.JMeterThread: Thread started: 并发响应时间测试线程组 1-223
2026-03-12 10:23:49,227 INFO o.a.j.t.JMeterThread: Thread is done: 并发响应时间测试线程组 1-223
2026-03-12 10:23:49,227 INFO o.a.j.t.JMeterThread: Thread finished: 并发响应时间测试线程组 1-223
2026-03-12 10:23:49,289 INFO o.a.j.t.JMeterThread: Thread started: 并发响应时间测试线程组 1-224
2026-03-12 10:23:50,142 INFO o.a.j.t.JMeterThread: Thread is done: 并发响应时间测试线程组 1-224
2026-03-12 10:23:50,142 INFO o.a.j.t.JMeterThread: Thread finished: 并发响应时间测试线程组 1-224
2026-03-12 10:23:50,290 INFO o.a.j.t.JMeterThread: Thread started: 并发响应时间测试线程组 1-225
2026-03-12 10:23:51,277 INFO o.a.j.t.JMeterThread: Thread is done: 并发响应时间测试线程组 1-225
2026-03-12 10:23:51,277 INFO o.a.j.t.JMeterThread: Thread finished: 并发响应时间测试线程组 1-225
2026-03-12 10:23:51,286 INFO o.a.j.t.JMeterThread: Thread started: 并发响应时间测试线程组 1-226
2026-03-12 10:23:52,192 INFO o.a.j.t.JMeterThread: Thread is done: 并发响应时间测试线程组 1-226
2026-03-12 10:23:52,192 INFO o.a.j.t.JMeterThread: Thread finished: 并发响应时间测试线程组 1-226
2026-03-12 10:23:52,289 INFO o.a.j.t.JMeterThread: Thread started: 并发响应时间测试线程组 1-227
2026-03-12 10:23:53,206 INFO o.a.j.t.JMeterThread: Thread is done: 并发响应时间测试线程组 1-227
2026-03-12 10:23:53,206 INFO o.a.j.t.JMeterThread: Thread finished: 并发响应时间测试线程组 1-227
2026-03-12 10:23:53,289 INFO o.a.j.t.JMeterThread: Thread started: 并发响应时间测试线程组 1-228
2026-03-12 10:23:54,276 INFO o.a.j.t.JMeterThread: Thread is done: 并发响应时间测试线程组 1-228
2026-03-12 10:23:54,276 INFO o.a.j.t.JMeterThread: Thread finished: 并发响应时间测试线程组 1-228
2026-03-12 10:23:54,289 INFO o.a.j.t.JMeterThread: Thread started: 并发响应时间测试线程组 1-229
2026-03-12 10:23:55,137 INFO o.a.j.t.JMeterThread: Thread is done: 并发响应时间测试线程组 1-229
2026-03-12 10:23:55,137 INFO o.a.j.t.JMeterThread: Thread finished: 并发响应时间测试线程组 1-229
2026-03-12 10:23:55,289 INFO o.a.j.t.JMeterThread: Thread started: 并发响应时间测试线程组 1-230
2026-03-12 10:23:56,188 INFO o.a.j.t.JMeterThread: Thread is done: 并发响应时间测试线程组 1-230
2026-03-12 10:23:56,188 INFO o.a.j.t.JMeterThread: Thread finished: 并发响应时间测试线程组 1-230
2026-03-12 10:23:56,289 INFO o.a.j.t.JMeterThread: Thread started: 并发响应时间测试线程组 1-231
2026-03-12 10:23:57,225 INFO o.a.j.t.JMeterThread: Thread is done: 并发响应时间测试线程组 1-231
2026-03-12 10:23:57,225 INFO o.a.j.t.JMeterThread: Thread finished: 并发响应时间测试线程组 1-231
2026-03-12 10:23:57,287 INFO o.a.j.t.JMeterThread: Thread started: 并发响应时间测试线程组 1-232
2026-03-12 10:23:58,070 INFO o.a.j.t.JMeterThread: Thread is done: 并发响应时间测试线程组 1-232
2026-03-12 10:23:58,070 INFO o.a.j.t.JMeterThread: Thread finished: 并发响应时间测试线程组 1-232
2026-03-12 10:23:58,291 INFO o.a.j.t.JMeterThread: Thread started: 并发响应时间测试线程组 1-233
2026-03-12 10:23:59,171 INFO o.a.j.t.JMeterThread: Thread is done: 并发响应时间测试线程组 1-233
2026-03-12 10:23:59,171 INFO o.a.j.t.JMeterThread: Thread finished: 并发响应时间测试线程组 1-233
2026-03-12 10:23:59,289 INFO o.a.j.t.JMeterThread: Thread started: 并发响应时间测试线程组 1-234
2026-03-12 10:24:00,003 INFO o.a.j.r.Summariser: summary +   3070 in 00:00:30 =  102.3/s Avg:     8 Min:     4 Max:    31 Err:     0 (0.00%) Active: 1 Started: 234 Finished: 233
2026-03-12 10:24:00,003 INFO o.a.j.r.Summariser: summary =  23845 in 00:03:54 =  102.0/s Avg:     8 Min:     4 Max:    51 Err:     0 (0.00%)
2026-03-12 10:24:00,208 INFO o.a.j.t.JMeterThread: Thread is done: 并发响应时间测试线程组 1-234
2026-03-12 10:24:00,208 INFO o.a.j.t.JMeterThread: Thread finished: 并发响应时间测试线程组 1-234
2026-03-12 10:24:00,287 INFO o.a.j.t.JMeterThread: Thread started: 并发响应时间测试线程组 1-235
2026-03-12 10:24:01,127 INFO o.a.j.t.JMeterThread: Thread is done: 并发响应时间测试线程组 1-235
2026-03-12 10:24:01,127 INFO o.a.j.t.JMeterThread: Thread finished: 并发响应时间测试线程组 1-235
2026-03-12 10:24:01,286 INFO o.a.j.t.JMeterThread: Thread started: 并发响应时间测试线程组 1-236
2026-03-12 10:24:02,163 INFO o.a.j.t.JMeterThread: Thread is done: 并发响应时间测试线程组 1-236
2026-03-12 10:24:02,163 INFO o.a.j.t.JMeterThread: Thread finished: 并发响应时间测试线程组 1-236
2026-03-12 10:24:02,289 INFO o.a.j.t.JMeterThread: Thread started: 并发响应时间测试线程组 1-237
2026-03-12 10:24:03,062 INFO o.a.j.t.JMeterThread: Thread is done: 并发响应时间测试线程组 1-237
2026-03-12 10:24:03,062 INFO o.a.j.t.JMeterThread: Thread finished: 并发响应时间测试线程组 1-237
2026-03-12 10:24:03,286 INFO o.a.j.t.JMeterThread: Thread started: 并发响应时间测试线程组 1-238
2026-03-12 10:24:04,046 INFO o.a.j.t.JMeterThread: Thread is done: 并发响应时间测试线程组 1-238
2026-03-12 10:24:04,047 INFO o.a.j.t.JMeterThread: Thread finished: 并发响应时间测试线程组 1-238
2026-03-12 10:24:04,286 INFO o.a.j.t.JMeterThread: Thread started: 并发响应时间测试线程组 1-239
2026-03-12 10:24:05,122 INFO o.a.j.t.JMeterThread: Thread is done: 并发响应时间测试线程组 1-239
2026-03-12 10:24:05,122 INFO o.a.j.t.JMeterThread: Thread finished: 并发响应时间测试线程组 1-239
2026-03-12 10:24:05,289 INFO o.a.j.t.JMeterThread: Thread started: 并发响应时间测试线程组 1-240
2026-03-12 10:24:06,168 INFO o.a.j.t.JMeterThread: Thread is done: 并发响应时间测试线程组 1-240
2026-03-12 10:24:06,168 INFO o.a.j.t.JMeterThread: Thread finished: 并发响应时间测试线程组 1-240
2026-03-12 10:24:06,290 INFO o.a.j.t.JMeterThread: Thread started: 并发响应时间测试线程组 1-241
2026-03-12 10:24:07,220 INFO o.a.j.t.JMeterThread: Thread is done: 并发响应时间测试线程组 1-241
2026-03-12 10:24:07,220 INFO o.a.j.t.JMeterThread: Thread finished: 并发响应时间测试线程组 1-241
2026-03-12 10:24:07,288 INFO o.a.j.t.JMeterThread: Thread started: 并发响应时间测试线程组 1-242
2026-03-12 10:24:08,096 INFO o.a.j.t.JMeterThread: Thread is done: 并发响应时间测试线程组 1-242
2026-03-12 10:24:08,096 INFO o.a.j.t.JMeterThread: Thread finished: 并发响应时间测试线程组 1-242
2026-03-12 10:24:08,286 INFO o.a.j.t.JMeterThread: Thread started: 并发响应时间测试线程组 1-243
2026-03-12 10:24:09,154 INFO o.a.j.t.JMeterThread: Thread is done: 并发响应时间测试线程组 1-243
2026-03-12 10:24:09,155 INFO o.a.j.t.JMeterThread: Thread finished: 并发响应时间测试线程组 1-243
2026-03-12 10:24:09,287 INFO o.a.j.t.JMeterThread: Thread started: 并发响应时间测试线程组 1-244
2026-03-12 10:24:10,200 INFO o.a.j.t.JMeterThread: Thread is done: 并发响应时间测试线程组 1-244
2026-03-12 10:24:10,200 INFO o.a.j.t.JMeterThread: Thread finished: 并发响应时间测试线程组 1-244
2026-03-12 10:24:10,288 INFO o.a.j.t.JMeterThread: Thread started: 并发响应时间测试线程组 1-245
2026-03-12 10:24:11,175 INFO o.a.j.t.JMeterThread: Thread is done: 并发响应时间测试线程组 1-245
2026-03-12 10:24:11,176 INFO o.a.j.t.JMeterThread: Thread finished: 并发响应时间测试线程组 1-245
2026-03-12 10:24:11,290 INFO o.a.j.t.JMeterThread: Thread started: 并发响应时间测试线程组 1-246
2026-03-12 10:24:12,223 INFO o.a.j.t.JMeterThread: Thread is done: 并发响应时间测试线程组 1-246
2026-03-12 10:24:12,223 INFO o.a.j.t.JMeterThread: Thread finished: 并发响应时间测试线程组 1-246
2026-03-12 10:24:12,285 INFO o.a.j.t.JMeterThread: Thread started: 并发响应时间测试线程组 1-247
2026-03-12 10:24:13,137 INFO o.a.j.t.JMeterThread: Thread is done: 并发响应时间测试线程组 1-247
2026-03-12 10:24:13,137 INFO o.a.j.t.JMeterThread: Thread finished: 并发响应时间测试线程组 1-247
2026-03-12 10:24:13,290 INFO o.a.j.t.JMeterThread: Thread started: 并发响应时间测试线程组 1-248
2026-03-12 10:24:14,089 INFO o.a.j.t.JMeterThread: Thread is done: 并发响应时间测试线程组 1-248
2026-03-12 10:24:14,089 INFO o.a.j.t.JMeterThread: Thread finished: 并发响应时间测试线程组 1-248
2026-03-12 10:24:14,284 INFO o.a.j.t.JMeterThread: Thread started: 并发响应时间测试线程组 1-249
2026-03-12 10:24:15,136 INFO o.a.j.t.JMeterThread: Thread is done: 并发响应时间测试线程组 1-249
2026-03-12 10:24:15,136 INFO o.a.j.t.JMeterThread: Thread finished: 并发响应时间测试线程组 1-249
2026-03-12 10:24:15,288 INFO o.a.j.t.JMeterThread: Thread started: 并发响应时间测试线程组 1-250
2026-03-12 10:24:16,208 INFO o.a.j.t.JMeterThread: Thread is done: 并发响应时间测试线程组 1-250
2026-03-12 10:24:16,209 INFO o.a.j.t.JMeterThread: Thread finished: 并发响应时间测试线程组 1-250
2026-03-12 10:24:16,289 INFO o.a.j.t.JMeterThread: Thread started: 并发响应时间测试线程组 1-251
2026-03-12 10:24:17,171 INFO o.a.j.t.JMeterThread: Thread is done: 并发响应时间测试线程组 1-251
2026-03-12 10:24:17,171 INFO o.a.j.t.JMeterThread: Thread finished: 并发响应时间测试线程组 1-251
2026-03-12 10:24:17,289 INFO o.a.j.t.JMeterThread: Thread started: 并发响应时间测试线程组 1-252
2026-03-12 10:24:18,134 INFO o.a.j.t.JMeterThread: Thread is done: 并发响应时间测试线程组 1-252
2026-03-12 10:24:18,134 INFO o.a.j.t.JMeterThread: Thread finished: 并发响应时间测试线程组 1-252
2026-03-12 10:24:18,290 INFO o.a.j.t.JMeterThread: Thread started: 并发响应时间测试线程组 1-253
2026-03-12 10:24:19,142 INFO o.a.j.t.JMeterThread: Thread is done: 并发响应时间测试线程组 1-253
2026-03-12 10:24:19,143 INFO o.a.j.t.JMeterThread: Thread finished: 并发响应时间测试线程组 1-253
2026-03-12 10:24:19,289 INFO o.a.j.t.JMeterThread: Thread started: 并发响应时间测试线程组 1-254
2026-03-12 10:24:20,154 INFO o.a.j.t.JMeterThread: Thread is done: 并发响应时间测试线程组 1-254
2026-03-12 10:24:20,154 INFO o.a.j.t.JMeterThread: Thread finished: 并发响应时间测试线程组 1-254
2026-03-12 10:24:20,289 INFO o.a.j.t.JMeterThread: Thread started: 并发响应时间测试线程组 1-255
2026-03-12 10:24:21,077 INFO o.a.j.t.JMeterThread: Thread is done: 并发响应时间测试线程组 1-255
2026-03-12 10:24:21,077 INFO o.a.j.t.JMeterThread: Thread finished: 并发响应时间测试线程组 1-255
2026-03-12 10:24:21,292 INFO o.a.j.t.JMeterThread: Thread started: 并发响应时间测试线程组 1-256
2026-03-12 10:24:22,120 INFO o.a.j.t.JMeterThread: Thread is done: 并发响应时间测试线程组 1-256
2026-03-12 10:24:22,120 INFO o.a.j.t.JMeterThread: Thread finished: 并发响应时间测试线程组 1-256
2026-03-12 10:24:22,285 INFO o.a.j.t.JMeterThread: Thread started: 并发响应时间测试线程组 1-257
2026-03-12 10:24:23,095 INFO o.a.j.t.JMeterThread: Thread is done: 并发响应时间测试线程组 1-257
2026-03-12 10:24:23,095 INFO o.a.j.t.JMeterThread: Thread finished: 并发响应时间测试线程组 1-257
2026-03-12 10:24:23,292 INFO o.a.j.t.JMeterThread: Thread started: 并发响应时间测试线程组 1-258
2026-03-12 10:24:24,159 INFO o.a.j.t.JMeterThread: Thread is done: 并发响应时间测试线程组 1-258
2026-03-12 10:24:24,159 INFO o.a.j.t.JMeterThread: Thread finished: 并发响应时间测试线程组 1-258
2026-03-12 10:24:24,288 INFO o.a.j.t.JMeterThread: Thread started: 并发响应时间测试线程组 1-259
2026-03-12 10:24:25,153 INFO o.a.j.t.JMeterThread: Thread is done: 并发响应时间测试线程组 1-259
2026-03-12 10:24:25,153 INFO o.a.j.t.JMeterThread: Thread finished: 并发响应时间测试线程组 1-259
2026-03-12 10:24:25,289 INFO o.a.j.t.JMeterThread: Thread started: 并发响应时间测试线程组 1-260
2026-03-12 10:24:26,124 INFO o.a.j.t.JMeterThread: Thread is done: 并发响应时间测试线程组 1-260
2026-03-12 10:24:26,124 INFO o.a.j.t.JMeterThread: Thread finished: 并发响应时间测试线程组 1-260
2026-03-12 10:24:26,291 INFO o.a.j.t.JMeterThread: Thread started: 并发响应时间测试线程组 1-261
2026-03-12 10:24:27,205 INFO o.a.j.t.JMeterThread: Thread is done: 并发响应时间测试线程组 1-261
2026-03-12 10:24:27,205 INFO o.a.j.t.JMeterThread: Thread finished: 并发响应时间测试线程组 1-261
2026-03-12 10:24:27,285 INFO o.a.j.t.JMeterThread: Thread started: 并发响应时间测试线程组 1-262
2026-03-12 10:24:28,077 INFO o.a.j.t.JMeterThread: Thread is done: 并发响应时间测试线程组 1-262
2026-03-12 10:24:28,077 INFO o.a.j.t.JMeterThread: Thread finished: 并发响应时间测试线程组 1-262
2026-03-12 10:24:28,289 INFO o.a.j.t.JMeterThread: Thread started: 并发响应时间测试线程组 1-263
2026-03-12 10:24:29,173 INFO o.a.j.t.JMeterThread: Thread is done: 并发响应时间测试线程组 1-263
2026-03-12 10:24:29,173 INFO o.a.j.t.JMeterThread: Thread finished: 并发响应时间测试线程组 1-263
2026-03-12 10:24:29,289 INFO o.a.j.t.JMeterThread: Thread started: 并发响应时间测试线程组 1-264
2026-03-12 10:24:30,000 INFO o.a.j.r.Summariser: summary +   3058 in 00:00:30 =  101.9/s Avg:     8 Min:     4 Max:    44 Err:     0 (0.00%) Active: 1 Started: 264 Finished: 263
2026-03-12 10:24:30,000 INFO o.a.j.r.Summariser: summary =  26903 in 00:04:24 =  102.0/s Avg:     8 Min:     4 Max:    51 Err:     0 (0.00%)
2026-03-12 10:24:30,170 INFO o.a.j.t.JMeterThread: Thread is done: 并发响应时间测试线程组 1-264
2026-03-12 10:24:30,170 INFO o.a.j.t.JMeterThread: Thread finished: 并发响应时间测试线程组 1-264
2026-03-12 10:24:30,286 INFO o.a.j.t.JMeterThread: Thread started: 并发响应时间测试线程组 1-265
2026-03-12 10:24:31,090 INFO o.a.j.t.JMeterThread: Thread is done: 并发响应时间测试线程组 1-265
2026-03-12 10:24:31,091 INFO o.a.j.t.JMeterThread: Thread finished: 并发响应时间测试线程组 1-265
2026-03-12 10:24:31,289 INFO o.a.j.t.JMeterThread: Thread started: 并发响应时间测试线程组 1-266
2026-03-12 10:24:32,043 INFO o.a.j.t.JMeterThread: Thread is done: 并发响应时间测试线程组 1-266
2026-03-12 10:24:32,043 INFO o.a.j.t.JMeterThread: Thread finished: 并发响应时间测试线程组 1-266
2026-03-12 10:24:32,286 INFO o.a.j.t.JMeterThread: Thread started: 并发响应时间测试线程组 1-267
2026-03-12 10:24:32,860 INFO o.a.j.t.JMeterThread: Thread is done: 并发响应时间测试线程组 1-267
2026-03-12 10:24:32,860 INFO o.a.j.t.JMeterThread: Thread finished: 并发响应时间测试线程组 1-267
2026-03-12 10:24:33,289 INFO o.a.j.t.JMeterThread: Thread started: 并发响应时间测试线程组 1-268
2026-03-12 10:24:34,049 INFO o.a.j.t.JMeterThread: Thread is done: 并发响应时间测试线程组 1-268
2026-03-12 10:24:34,050 INFO o.a.j.t.JMeterThread: Thread finished: 并发响应时间测试线程组 1-268
2026-03-12 10:24:34,287 INFO o.a.j.t.JMeterThread: Thread started: 并发响应时间测试线程组 1-269
2026-03-12 10:24:35,170 INFO o.a.j.t.JMeterThread: Thread is done: 并发响应时间测试线程组 1-269
2026-03-12 10:24:35,170 INFO o.a.j.t.JMeterThread: Thread finished: 并发响应时间测试线程组 1-269
2026-03-12 10:24:35,289 INFO o.a.j.t.JMeterThread: Thread started: 并发响应时间测试线程组 1-270
2026-03-12 10:24:36,101 INFO o.a.j.t.JMeterThread: Thread is done: 并发响应时间测试线程组 1-270
2026-03-12 10:24:36,102 INFO o.a.j.t.JMeterThread: Thread finished: 并发响应时间测试线程组 1-270
2026-03-12 10:24:36,288 INFO o.a.j.t.JMeterThread: Thread started: 并发响应时间测试线程组 1-271
2026-03-12 10:24:37,192 INFO o.a.j.t.JMeterThread: Thread is done: 并发响应时间测试线程组 1-271
2026-03-12 10:24:37,192 INFO o.a.j.t.JMeterThread: Thread finished: 并发响应时间测试线程组 1-271
2026-03-12 10:24:37,286 INFO o.a.j.t.JMeterThread: Thread started: 并发响应时间测试线程组 1-272
2026-03-12 10:24:38,017 INFO o.a.j.t.JMeterThread: Thread is done: 并发响应时间测试线程组 1-272
2026-03-12 10:24:38,017 INFO o.a.j.t.JMeterThread: Thread finished: 并发响应时间测试线程组 1-272
2026-03-12 10:24:38,290 INFO o.a.j.t.JMeterThread: Thread started: 并发响应时间测试线程组 1-273
2026-03-12 10:24:39,164 INFO o.a.j.t.JMeterThread: Thread is done: 并发响应时间测试线程组 1-273
2026-03-12 10:24:39,164 INFO o.a.j.t.JMeterThread: Thread finished: 并发响应时间测试线程组 1-273
2026-03-12 10:24:39,291 INFO o.a.j.t.JMeterThread: Thread started: 并发响应时间测试线程组 1-274
2026-03-12 10:24:40,094 INFO o.a.j.t.JMeterThread: Thread is done: 并发响应时间测试线程组 1-274
2026-03-12 10:24:40,094 INFO o.a.j.t.JMeterThread: Thread finished: 并发响应时间测试线程组 1-274
2026-03-12 10:24:40,287 INFO o.a.j.t.JMeterThread: Thread started: 并发响应时间测试线程组 1-275
2026-03-12 10:24:41,183 INFO o.a.j.t.JMeterThread: Thread is done: 并发响应时间测试线程组 1-275
2026-03-12 10:24:41,183 INFO o.a.j.t.JMeterThread: Thread finished: 并发响应时间测试线程组 1-275
2026-03-12 10:24:41,289 INFO o.a.j.t.JMeterThread: Thread started: 并发响应时间测试线程组 1-276
2026-03-12 10:24:42,163 INFO o.a.j.t.JMeterThread: Thread is done: 并发响应时间测试线程组 1-276
2026-03-12 10:24:42,163 INFO o.a.j.t.JMeterThread: Thread finished: 并发响应时间测试线程组 1-276
2026-03-12 10:24:42,288 INFO o.a.j.t.JMeterThread: Thread started: 并发响应时间测试线程组 1-277
2026-03-12 10:24:43,121 INFO o.a.j.t.JMeterThread: Thread is done: 并发响应时间测试线程组 1-277
2026-03-12 10:24:43,121 INFO o.a.j.t.JMeterThread: Thread finished: 并发响应时间测试线程组 1-277
2026-03-12 10:24:43,289 INFO o.a.j.t.JMeterThread: Thread started: 并发响应时间测试线程组 1-278
2026-03-12 10:24:44,082 INFO o.a.j.t.JMeterThread: Thread is done: 并发响应时间测试线程组 1-278
2026-03-12 10:24:44,082 INFO o.a.j.t.JMeterThread: Thread finished: 并发响应时间测试线程组 1-278
2026-03-12 10:24:44,289 INFO o.a.j.t.JMeterThread: Thread started: 并发响应时间测试线程组 1-279
2026-03-12 10:24:45,132 INFO o.a.j.t.JMeterThread: Thread is done: 并发响应时间测试线程组 1-279
2026-03-12 10:24:45,133 INFO o.a.j.t.JMeterThread: Thread finished: 并发响应时间测试线程组 1-279
2026-03-12 10:24:45,285 INFO o.a.j.t.JMeterThread: Thread started: 并发响应时间测试线程组 1-280
2026-03-12 10:24:46,137 INFO o.a.j.t.JMeterThread: Thread is done: 并发响应时间测试线程组 1-280
2026-03-12 10:24:46,137 INFO o.a.j.t.JMeterThread: Thread finished: 并发响应时间测试线程组 1-280
2026-03-12 10:24:46,293 INFO o.a.j.t.JMeterThread: Thread started: 并发响应时间测试线程组 1-281
2026-03-12 10:24:47,155 INFO o.a.j.t.JMeterThread: Thread is done: 并发响应时间测试线程组 1-281
2026-03-12 10:24:47,155 INFO o.a.j.t.JMeterThread: Thread finished: 并发响应时间测试线程组 1-281
2026-03-12 10:24:47,287 INFO o.a.j.t.JMeterThread: Thread started: 并发响应时间测试线程组 1-282
2026-03-12 10:24:48,155 INFO o.a.j.t.JMeterThread: Thread is done: 并发响应时间测试线程组 1-282
2026-03-12 10:24:48,155 INFO o.a.j.t.JMeterThread: Thread finished: 并发响应时间测试线程组 1-282
2026-03-12 10:24:48,288 INFO o.a.j.t.JMeterThread: Thread started: 并发响应时间测试线程组 1-283
2026-03-12 10:24:49,163 INFO o.a.j.t.JMeterThread: Thread is done: 并发响应时间测试线程组 1-283
2026-03-12 10:24:49,164 INFO o.a.j.t.JMeterThread: Thread finished: 并发响应时间测试线程组 1-283
2026-03-12 10:24:49,290 INFO o.a.j.t.JMeterThread: Thread started: 并发响应时间测试线程组 1-284
2026-03-12 10:24:50,190 INFO o.a.j.t.JMeterThread: Thread is done: 并发响应时间测试线程组 1-284
2026-03-12 10:24:50,190 INFO o.a.j.t.JMeterThread: Thread finished: 并发响应时间测试线程组 1-284
2026-03-12 10:24:50,289 INFO o.a.j.t.JMeterThread: Thread started: 并发响应时间测试线程组 1-285
2026-03-12 10:24:51,083 INFO o.a.j.t.JMeterThread: Thread is done: 并发响应时间测试线程组 1-285
2026-03-12 10:24:51,084 INFO o.a.j.t.JMeterThread: Thread finished: 并发响应时间测试线程组 1-285
2026-03-12 10:24:51,289 INFO o.a.j.t.JMeterThread: Thread started: 并发响应时间测试线程组 1-286
2026-03-12 10:24:52,117 INFO o.a.j.t.JMeterThread: Thread is done: 并发响应时间测试线程组 1-286
2026-03-12 10:24:52,117 INFO o.a.j.t.JMeterThread: Thread finished: 并发响应时间测试线程组 1-286
2026-03-12 10:24:52,288 INFO o.a.j.t.JMeterThread: Thread started: 并发响应时间测试线程组 1-287
2026-03-12 10:24:53,058 INFO o.a.j.t.JMeterThread: Thread is done: 并发响应时间测试线程组 1-287
2026-03-12 10:24:53,058 INFO o.a.j.t.JMeterThread: Thread finished: 并发响应时间测试线程组 1-287
2026-03-12 10:24:53,289 INFO o.a.j.t.JMeterThread: Thread started: 并发响应时间测试线程组 1-288
2026-03-12 10:24:54,190 INFO o.a.j.t.JMeterThread: Thread is done: 并发响应时间测试线程组 1-288
2026-03-12 10:24:54,190 INFO o.a.j.t.JMeterThread: Thread finished: 并发响应时间测试线程组 1-288
2026-03-12 10:24:54,285 INFO o.a.j.t.JMeterThread: Thread started: 并发响应时间测试线程组 1-289
2026-03-12 10:24:55,068 INFO o.a.j.t.JMeterThread: Thread is done: 并发响应时间测试线程组 1-289
2026-03-12 10:24:55,068 INFO o.a.j.t.JMeterThread: Thread finished: 并发响应时间测试线程组 1-289
2026-03-12 10:24:55,285 INFO o.a.j.t.JMeterThread: Thread started: 并发响应时间测试线程组 1-290
2026-03-12 10:24:56,060 INFO o.a.j.t.JMeterThread: Thread is done: 并发响应时间测试线程组 1-290
2026-03-12 10:24:56,060 INFO o.a.j.t.JMeterThread: Thread finished: 并发响应时间测试线程组 1-290
2026-03-12 10:24:56,290 INFO o.a.j.t.JMeterThread: Thread started: 并发响应时间测试线程组 1-291
2026-03-12 10:24:57,185 INFO o.a.j.t.JMeterThread: Thread is done: 并发响应时间测试线程组 1-291
2026-03-12 10:24:57,186 INFO o.a.j.t.JMeterThread: Thread finished: 并发响应时间测试线程组 1-291
2026-03-12 10:24:57,285 INFO o.a.j.t.JMeterThread: Thread started: 并发响应时间测试线程组 1-292
2026-03-12 10:24:58,050 INFO o.a.j.t.JMeterThread: Thread is done: 并发响应时间测试线程组 1-292
2026-03-12 10:24:58,050 INFO o.a.j.t.JMeterThread: Thread finished: 并发响应时间测试线程组 1-292
2026-03-12 10:24:58,287 INFO o.a.j.t.JMeterThread: Thread started: 并发响应时间测试线程组 1-293
2026-03-12 10:24:59,104 INFO o.a.j.t.JMeterThread: Thread is done: 并发响应时间测试线程组 1-293
2026-03-12 10:24:59,105 INFO o.a.j.t.JMeterThread: Thread finished: 并发响应时间测试线程组 1-293
2026-03-12 10:24:59,289 INFO o.a.j.t.JMeterThread: Thread started: 并发响应时间测试线程组 1-294
2026-03-12 10:25:00,004 INFO o.a.j.r.Summariser: summary +   3061 in 00:00:30 =  102.0/s Avg:     8 Min:     4 Max:    34 Err:     0 (0.00%) Active: 1 Started: 294 Finished: 293
2026-03-12 10:25:00,005 INFO o.a.j.r.Summariser: summary =  29964 in 00:04:54 =  102.0/s Avg:     8 Min:     4 Max:    51 Err:     0 (0.00%)
2026-03-12 10:25:00,176 INFO o.a.j.t.JMeterThread: Thread is done: 并发响应时间测试线程组 1-294
2026-03-12 10:25:00,176 INFO o.a.j.t.JMeterThread: Thread finished: 并发响应时间测试线程组 1-294
2026-03-12 10:25:00,290 INFO o.a.j.t.JMeterThread: Thread started: 并发响应时间测试线程组 1-295
2026-03-12 10:25:01,059 INFO o.a.j.t.JMeterThread: Thread is done: 并发响应时间测试线程组 1-295
2026-03-12 10:25:01,059 INFO o.a.j.t.JMeterThread: Thread finished: 并发响应时间测试线程组 1-295
2026-03-12 10:25:01,292 INFO o.a.j.t.JMeterThread: Thread started: 并发响应时间测试线程组 1-296
2026-03-12 10:25:02,149 INFO o.a.j.t.JMeterThread: Thread is done: 并发响应时间测试线程组 1-296
2026-03-12 10:25:02,149 INFO o.a.j.t.JMeterThread: Thread finished: 并发响应时间测试线程组 1-296
2026-03-12 10:25:02,289 INFO o.a.j.t.JMeterThread: Thread started: 并发响应时间测试线程组 1-297
2026-03-12 10:25:03,102 INFO o.a.j.t.JMeterThread: Thread is done: 并发响应时间测试线程组 1-297
2026-03-12 10:25:03,102 INFO o.a.j.t.JMeterThread: Thread finished: 并发响应时间测试线程组 1-297
2026-03-12 10:25:03,289 INFO o.a.j.t.JMeterThread: Thread started: 并发响应时间测试线程组 1-298
2026-03-12 10:25:04,034 INFO o.a.j.t.JMeterThread: Thread is done: 并发响应时间测试线程组 1-298
2026-03-12 10:25:04,034 INFO o.a.j.t.JMeterThread: Thread finished: 并发响应时间测试线程组 1-298
2026-03-12 10:25:04,289 INFO o.a.j.t.JMeterThread: Thread started: 并发响应时间测试线程组 1-299
2026-03-12 10:25:05,197 INFO o.a.j.t.JMeterThread: Thread is done: 并发响应时间测试线程组 1-299
2026-03-12 10:25:05,197 INFO o.a.j.t.JMeterThread: Thread finished: 并发响应时间测试线程组 1-299
2026-03-12 10:25:05,287 INFO o.a.j.t.JMeterThread: Thread started: 并发响应时间测试线程组 1-300
2026-03-12 10:25:06,072 INFO o.a.j.t.JMeterThread: Thread is done: 并发响应时间测试线程组 1-300
2026-03-12 10:25:06,072 INFO o.a.j.t.JMeterThread: Thread finished: 并发响应时间测试线程组 1-300
2026-03-12 10:25:06,072 INFO o.a.j.e.StandardJMeterEngine: Notifying test listeners of end of test
2026-03-12 10:25:06,073 INFO o.a.j.r.Summariser: summary +    636 in 00:00:06 =  104.8/s Avg:     7 Min:     4 Max:    25 Err:     0 (0.00%) Active: 0 Started: 300 Finished: 300
2026-03-12 10:25:06,073 INFO o.a.j.r.Summariser: summary =  30600 in 00:05:00 =  102.1/s Avg:     8 Min:     4 Max:    51 Err:     0 (0.00%)
2026-03-12 10:25:06,074 INFO o.a.j.JMeter: Generating Dashboard
2026-03-12 10:25:06,074 INFO o.a.j.r.d.ReportGenerator: Flushing result collector before report Generation
2026-03-12 10:25:06,089 INFO o.a.j.r.p.NormalizerSampleConsumer: Using format, 'ms', to parse timeStamp field
2026-03-12 10:25:06,620 INFO o.a.j.r.p.AbstractSampleConsumer: class org.apache.jmeter.report.processor.AggregateConsumer#stopProducing(): beginDate produced 0 samples
2026-03-12 10:25:06,620 INFO o.a.j.r.p.AbstractSampleConsumer: class org.apache.jmeter.report.processor.AggregateConsumer#stopProducing(): endDate produced 0 samples
2026-03-12 10:25:06,621 INFO o.a.j.r.p.AbstractSampleConsumer: class org.apache.jmeter.report.processor.ApdexSummaryConsumer#stopProducing(): apdexSummary produced 0 samples
2026-03-12 10:25:06,621 INFO o.a.j.r.p.AbstractSampleConsumer: class org.apache.jmeter.report.processor.RequestsSummaryConsumer#stopProducing(): requestsSummary produced 0 samples
2026-03-12 10:25:06,629 INFO o.a.j.r.p.AbstractSampleConsumer: class org.apache.jmeter.report.processor.StatisticsSummaryConsumer#stopProducing(): statisticsSummary produced 0 samples
2026-03-12 10:25:06,631 INFO o.a.j.r.p.AbstractSampleConsumer: class org.apache.jmeter.report.processor.Top5ErrorsBySamplerConsumer#stopProducing(): top5ErrorsBySampler produced 0 samples
2026-03-12 10:25:06,631 INFO o.a.j.r.p.AbstractSampleConsumer: class org.apache.jmeter.report.processor.ErrorsSummaryConsumer#stopProducing(): errorsSummary produced 0 samples
2026-03-12 10:25:06,631 INFO o.a.j.r.p.AbstractSampleConsumer: class org.apache.jmeter.report.processor.graph.impl.HitsPerSecondGraphConsumer#stopProducing(): hitsPerSecond produced 0 samples
2026-03-12 10:25:06,751 INFO o.a.j.r.p.AbstractSampleConsumer: class org.apache.jmeter.report.processor.graph.impl.LatencyVSRequestGraphConsumer#stopProducing(): latencyVsRequest produced 0 samples
2026-03-12 10:25:06,752 INFO o.a.j.r.p.AbstractSampleConsumer: class org.apache.jmeter.report.processor.graph.impl.SyntheticResponseTimeDistributionGraphConsumer#stopProducing(): syntheticResponseTimeDistribution produced 0 samples
2026-03-12 10:25:06,752 INFO o.a.j.r.p.AbstractSampleConsumer: class org.apache.jmeter.report.processor.graph.impl.BytesThroughputGraphConsumer#stopProducing(): bytesThroughputOverTime produced 0 samples
2026-03-12 10:25:06,752 INFO o.a.j.r.p.AbstractSampleConsumer: class org.apache.jmeter.report.processor.graph.impl.CodesPerSecondGraphConsumer#stopProducing(): codesPerSecond produced 0 samples
2026-03-12 10:25:06,833 INFO o.a.j.r.p.AbstractSampleConsumer: class org.apache.jmeter.report.processor.graph.impl.ResponseTimeVSRequestGraphConsumer#stopProducing(): responseTimeVsRequest produced 0 samples
2026-03-12 10:25:06,834 INFO o.a.j.r.p.AbstractSampleConsumer: class org.apache.jmeter.report.processor.FilterConsumer#stopProducing(): startIntervalControlerFilter produced 214200 samples
2026-03-12 10:25:06,834 INFO o.a.j.r.p.AbstractSampleConsumer: class org.apache.jmeter.report.processor.graph.impl.TotalTPSGraphConsumer#stopProducing(): totalTPS produced 0 samples
2026-03-12 10:25:06,834 INFO o.a.j.r.p.AbstractSampleConsumer: class org.apache.jmeter.report.processor.graph.impl.ActiveThreadsGraphConsumer#stopProducing(): activeThreadsOverTime produced 0 samples
2026-03-12 10:25:06,834 INFO o.a.j.r.p.AbstractSampleConsumer: class org.apache.jmeter.report.processor.graph.impl.TimeVSThreadGraphConsumer#stopProducing(): timeVsThreads produced 0 samples
2026-03-12 10:25:06,834 INFO o.a.j.r.p.AbstractSampleConsumer: class org.apache.jmeter.report.processor.graph.impl.ResponseTimeDistributionGraphConsumer#stopProducing(): responseTimeDistribution produced 0 samples
2026-03-12 10:25:06,834 INFO o.a.j.r.p.AbstractSampleConsumer: class org.apache.jmeter.report.processor.graph.impl.TransactionsPerSecondGraphConsumer#stopProducing(): transactionsPerSecond produced 0 samples
2026-03-12 10:25:06,834 INFO o.a.j.r.p.AbstractSampleConsumer: class org.apache.jmeter.report.processor.graph.impl.ResponseTimePercentilesGraphConsumer#stopProducing(): responseTimePercentiles produced 0 samples
2026-03-12 10:25:06,835 INFO o.a.j.r.p.AbstractSampleConsumer: class org.apache.jmeter.report.processor.graph.impl.ResponseTimePercentilesOverTimeGraphConsumer#stopProducing(): responseTimePercentilesOverTime produced 0 samples
2026-03-12 10:25:06,837 INFO o.a.j.r.p.AbstractSampleConsumer: class org.apache.jmeter.report.processor.graph.impl.ResponseTimeOverTimeGraphConsumer#stopProducing(): responseTimesOverTime produced 0 samples
2026-03-12 10:25:06,838 INFO o.a.j.r.p.AbstractSampleConsumer: class org.apache.jmeter.report.processor.graph.impl.ConnectTimeOverTimeGraphConsumer#stopProducing(): connectTimeOverTime produced 0 samples
2026-03-12 10:25:06,838 INFO o.a.j.r.p.AbstractSampleConsumer: class org.apache.jmeter.report.processor.graph.impl.LatencyOverTimeGraphConsumer#stopProducing(): latenciesOverTime produced 0 samples
2026-03-12 10:25:06,838 INFO o.a.j.r.p.AbstractSampleConsumer: class org.apache.jmeter.report.processor.FilterConsumer#stopProducing(): nameFilter produced 459000 samples
2026-03-12 10:25:06,838 INFO o.a.j.r.p.AbstractSampleConsumer: class org.apache.jmeter.report.processor.FilterConsumer#stopProducing(): dateRangeFilter produced 91800 samples
2026-03-12 10:25:06,838 INFO o.a.j.r.p.AbstractSampleConsumer: class org.apache.jmeter.report.processor.NormalizerSampleConsumer#stopProducing(): normalizer produced 30600 samples
2026-03-12 10:25:06,838 INFO o.a.j.r.p.CsvFileSampleSource: produce(): 30600 samples produced in 737ms on channel 0
2026-03-12 10:25:06,838 INFO o.a.j.r.d.ReportGenerator: Exporting data using exporter:'json' of className:'org.apache.jmeter.report.dashboard.JsonExporter'
2026-03-12 10:25:06,879 INFO o.a.j.r.d.JsonExporter: Found data for consumer statisticsSummary in context
2026-03-12 10:25:06,879 INFO o.a.j.r.d.JsonExporter: Creating statistics for overall
2026-03-12 10:25:06,879 INFO o.a.j.r.d.JsonExporter: Creating statistics for other transactions
2026-03-12 10:25:06,879 INFO o.a.j.r.d.JsonExporter: Checking output folder
2026-03-12 10:25:06,879 INFO o.a.j.r.d.JsonExporter: Writing statistics JSON to /Users/weiyaozhou/Documents/langdong/jmeter_report_zh/statistics.json
2026-03-12 10:25:06,902 INFO o.a.j.r.d.ReportGenerator: Exporting data using exporter:'html' of className:'org.apache.jmeter.report.dashboard.HtmlTemplateExporter'
2026-03-12 10:25:06,903 INFO o.a.j.r.d.HtmlTemplateExporter: Will generate dashboard in folder: /Users/weiyaozhou/Documents/langdong/jmeter_report_zh
2026-03-12 10:25:06,956 INFO o.a.j.r.d.HtmlTemplateExporter: Report will be generated in: /Users/weiyaozhou/Documents/langdong/jmeter_report_zh, creating folder structure
2026-03-12 10:25:06,958 INFO o.a.j.r.d.TemplateVisitor: Copying folder from '/opt/homebrew/Cellar/jmeter/5.6.3/libexec/bin/report-template' to '/Users/weiyaozhou/Documents/langdong/jmeter_report_zh', got message: /Users/weiyaozhou/Documents/langdong/jmeter_report_zh, found non empty folder with following content [/Users/weiyaozhou/Documents/langdong/jmeter_report_zh/statistics.json], will be ignored
2026-03-12 10:25:07,099 INFO o.a.j.JMeter: Dashboard generated
